#
# There is insufficient memory for the Java Runtime Environment to continue.
# Native memory allocation (malloc) failed to allocate 2417200 bytes for Chunk::new
# Possible reasons:
#   The system is out of physical RAM or swap space
#   The process is running with CompressedOops enabled, and the Java Heap may be blocking the growth of the native heap
# Possible solutions:
#   Reduce memory load on the system
#   Increase physical memory or swap space
#   Check if swap backing store is full
#   Decrease Java heap size (-Xmx/-Xms)
#   Decrease number of Java threads
#   Decrease Java thread stack sizes (-Xss)
#   Set larger code cache with -XX:ReservedCodeCacheSize=
#   JVM is running with Unscaled Compressed Oops mode in which the Java heap is
#     placed in the first 4GB address space. The Java Heap base address is the
#     maximum limit for the native heap growth. Please use -XX:HeapBaseMinAddress
#     to set the Java Heap base and to place the Java Heap above 4GB virtual address.
# This output file may be truncated or incomplete.
#
#  Out of Memory Error (arena.cpp:189), pid=19652, tid=16904
#
# JRE version: OpenJDK Runtime Environment (17.0.6) (build 17.0.6+0-b2043.56-10027231)
# Java VM: OpenJDK 64-Bit Server VM (17.0.6+0-b2043.56-10027231, mixed mode, tiered, compressed oops, compressed class ptrs, g1 gc, windows-amd64)
# No core dump will be written. Minidumps are not enabled by default on client versions of Windows
#

---------------  S U M M A R Y ------------

Command Line: --add-opens=java.base/java.util=ALL-UNNAMED --add-opens=java.base/java.lang=ALL-UNNAMED --add-opens=java.base/java.lang.invoke=ALL-UNNAMED --add-opens=java.base/java.util=ALL-UNNAMED --add-opens=java.prefs/java.util.prefs=ALL-UNNAMED --add-opens=java.prefs/java.util.prefs=ALL-UNNAMED --add-opens=java.base/java.nio.charset=ALL-UNNAMED --add-opens=java.base/java.net=ALL-UNNAMED --add-opens=java.base/java.util.concurrent.atomic=ALL-UNNAMED -Xmx2048m -Dfile.encoding=UTF-8 -Duser.country=MX -Duser.language=es -Duser.variant org.gradle.launcher.daemon.bootstrap.GradleDaemon 7.2

Host: Intel(R) Core(TM) i7-10610U CPU @ 1.80GHz, 8 cores, 15G,  Windows 10 , 64 bit Build 19041 (10.0.19041.3031)
Time: Mon Aug 14 12:54:28 2023 Hora estándar Montañas (México) elapsed time: 14.145747 seconds (0d 0h 0m 14s)

---------------  T H R E A D  ---------------

Current thread (0x00000181a2f53ef0):  JavaThread "C2 CompilerThread1" daemon [_thread_in_native, id=16904, stack(0x0000001042b00000,0x0000001042c00000)]


Current CompileTask:
C2:  14145 10171       4       org.gradle.internal.service.DefaultServiceRegistry$SingletonService::get (5 bytes)

Stack: [0x0000001042b00000,0x0000001042c00000]
Native frames: (J=compiled Java code, j=interpreted, Vv=VM code, C=native code)
V  [jvm.dll+0x683c9a]
V  [jvm.dll+0x8427a4]
V  [jvm.dll+0x843f9e]
V  [jvm.dll+0x844603]
V  [jvm.dll+0x249b75]
V  [jvm.dll+0xabcac]
V  [jvm.dll+0xac27c]
V  [jvm.dll+0x368857]
V  [jvm.dll+0x332f31]
V  [jvm.dll+0x3323da]
V  [jvm.dll+0x21c201]
V  [jvm.dll+0x21b621]
V  [jvm.dll+0x1a4fdd]
V  [jvm.dll+0x22b098]
V  [jvm.dll+0x229159]
V  [jvm.dll+0x7f81ec]
V  [jvm.dll+0x7f274a]
V  [jvm.dll+0x682ad5]
C  [ucrtbase.dll+0x21bb2]
C  [KERNEL32.DLL+0x17614]
C  [ntdll.dll+0x526f1]


---------------  P R O C E S S  ---------------

Threads class SMR info:
_java_thread_list=0x00000181a6f42990, length=146, elements={
0x0000018186f0a8a0, 0x000001819e45cc80, 0x00000181a0dc1050, 0x000001819e47e6c0,
0x00000181a0e07170, 0x00000181a0e09f40, 0x00000181a0e0dd00, 0x00000181a0e0f310,
0x00000181a0e1e130, 0x00000181a0e22a50, 0x00000181a0f99ec0, 0x00000181a0f977c0,
0x00000181a48db630, 0x00000181a1c2a040, 0x00000181a48deba0, 0x00000181a3267090,
0x00000181a32d16f0, 0x00000181a305cee0, 0x00000181a305d3b0, 0x00000181a305c540,
0x00000181a305d880, 0x00000181a305c070, 0x00000181a305ca10, 0x00000181a4ac9040,
0x00000181a4ac3000, 0x00000181a2f53ef0, 0x00000181a4ac2b30, 0x00000181a4ac9510,
0x00000181a4ac39a0, 0x00000181a4ac4810, 0x00000181a4ac4340, 0x00000181a4ac6e90,
0x00000181a4ac2660, 0x00000181a4ac86a0, 0x00000181a4ac4ce0, 0x00000181a4ac7360,
0x00000181a4ac99e0, 0x00000181a4ac3e70, 0x00000181a4ac9eb0, 0x00000181a4ac7d00,
0x00000181a4ac5b50, 0x00000181a4ac6020, 0x00000181a49de3a0, 0x00000181a49e3a40,
0x00000181a49df6e0, 0x00000181a49e2bd0, 0x00000181a49e30a0, 0x00000181a49e0080,
0x00000181a49e3570, 0x00000181a49e48b0, 0x00000181a49de870, 0x00000181a49e0550,
0x00000181a49dd060, 0x00000181a49dd530, 0x00000181a49e1d60, 0x00000181a49e0a20,
0x00000181a49dded0, 0x00000181a49e3f10, 0x00000181a49e0ef0, 0x00000181a49e43e0,
0x00000181a49dfbb0, 0x00000181a49dda00, 0x00000181a49ded40, 0x00000181a49e2700,
0x00000181a49df210, 0x00000181a49e13c0, 0x00000181a49e1890, 0x00000181a49e2230,
0x00000181a4057210, 0x00000181a4055ed0, 0x00000181a40593c0, 0x00000181a4058a20,
0x00000181a4059890, 0x00000181a40563a0, 0x00000181a405b570, 0x00000181a4058ef0,
0x00000181a4055a00, 0x00000181a40576e0, 0x00000181a4059d60, 0x00000181a4055060,
0x00000181a405a230, 0x00000181a405a700, 0x00000181a405ba40, 0x00000181a405abd0,
0x00000181a4056d40, 0x00000181a4055530, 0x00000181a4056870, 0x00000181a4057bb0,
0x00000181a405b0a0, 0x00000181a4058080, 0x00000181a405c3e0, 0x00000181a4058550,
0x00000181a405bf10, 0x00000181a4054b90, 0x00000181a280ae80, 0x00000181a2808330,
0x00000181a280a9b0, 0x00000181a2806180, 0x00000181a28091a0, 0x00000181a2807e60,
0x00000181a280a4e0, 0x00000181a2809670, 0x00000181a2807990, 0x00000181a280a010,
0x00000181a2806650, 0x00000181a2808800, 0x00000181a280b350, 0x00000181a2809b40,
0x00000181a2808cd0, 0x00000181a28044a0, 0x00000181a2803b00, 0x00000181a2803fd0,
0x00000181a2804e40, 0x00000181a28074c0, 0x00000181a2804970, 0x00000181a2805310,
0x00000181a2806b20, 0x00000181a28057e0, 0x00000181a2805cb0, 0x00000181a2806ff0,
0x00000181a7121580, 0x00000181a711fd70, 0x00000181a7120710, 0x00000181a7123c00,
0x00000181a7125db0, 0x00000181a53ed810, 0x00000181a7126c20, 0x00000181a71258e0,
0x00000181a7120240, 0x00000181a71270f0, 0x00000181a7124f40, 0x00000181a71245a0,
0x00000181a7123260, 0x00000181a711f8a0, 0x00000181a7121a50, 0x00000181a7121f20,
0x00000181a7124a70, 0x00000181a7126750, 0x00000181a71228c0, 0x00000181a7122d90,
0x00000181a7123730, 0x00000181a88196e0, 0x00000181a8818870, 0x00000181a881da40,
0x00000181a881a080, 0x00000181a881d0a0
}

Java Threads: ( => current thread )
  0x0000018186f0a8a0 JavaThread "main" [_thread_blocked, id=17968, stack(0x0000001040200000,0x0000001040300000)]
  0x000001819e45cc80 JavaThread "Reference Handler" daemon [_thread_blocked, id=22172, stack(0x0000001040900000,0x0000001040a00000)]
  0x00000181a0dc1050 JavaThread "Finalizer" daemon [_thread_blocked, id=1940, stack(0x0000001040a00000,0x0000001040b00000)]
  0x000001819e47e6c0 JavaThread "Signal Dispatcher" daemon [_thread_blocked, id=19240, stack(0x0000001040b00000,0x0000001040c00000)]
  0x00000181a0e07170 JavaThread "Attach Listener" daemon [_thread_blocked, id=5580, stack(0x0000001040c00000,0x0000001040d00000)]
  0x00000181a0e09f40 JavaThread "Service Thread" daemon [_thread_blocked, id=17900, stack(0x0000001040d00000,0x0000001040e00000)]
  0x00000181a0e0dd00 JavaThread "Monitor Deflation Thread" daemon [_thread_blocked, id=8628, stack(0x0000001040e00000,0x0000001040f00000)]
  0x00000181a0e0f310 JavaThread "C2 CompilerThread0" daemon [_thread_in_native, id=4876, stack(0x0000001040f00000,0x0000001041000000)]
  0x00000181a0e1e130 JavaThread "C1 CompilerThread0" daemon [_thread_blocked, id=19692, stack(0x0000001041000000,0x0000001041100000)]
  0x00000181a0e22a50 JavaThread "Sweeper thread" daemon [_thread_blocked, id=1140, stack(0x0000001041100000,0x0000001041200000)]
  0x00000181a0f99ec0 JavaThread "Common-Cleaner" daemon [_thread_blocked, id=8372, stack(0x0000001041200000,0x0000001041300000)]
  0x00000181a0f977c0 JavaThread "Notification Thread" daemon [_thread_blocked, id=16772, stack(0x0000001041300000,0x0000001041400000)]
  0x00000181a48db630 JavaThread "Daemon health stats" [_thread_blocked, id=23176, stack(0x0000001041c00000,0x0000001041d00000)]
  0x00000181a1c2a040 JavaThread "Incoming local TCP Connector on port 50455" [_thread_in_native, id=21988, stack(0x0000001041500000,0x0000001041600000)]
  0x00000181a48deba0 JavaThread "Daemon periodic checks" [_thread_blocked, id=1808, stack(0x0000001041e00000,0x0000001041f00000)]
  0x00000181a3267090 JavaThread "Daemon" [_thread_blocked, id=23372, stack(0x0000001041f00000,0x0000001042000000)]
  0x00000181a32d16f0 JavaThread "Handler for socket connection from /127.0.0.1:50455 to /127.0.0.1:50456" [_thread_in_native, id=22816, stack(0x0000001042000000,0x0000001042100000)]
  0x00000181a305cee0 JavaThread "Cancel handler" [_thread_blocked, id=4644, stack(0x0000001042100000,0x0000001042200000)]
  0x00000181a305d3b0 JavaThread "Daemon worker" [_thread_blocked, id=7304, stack(0x0000001042200000,0x0000001042300000)]
  0x00000181a305c540 JavaThread "Asynchronous log dispatcher for DefaultDaemonConnection: socket connection from /127.0.0.1:50455 to /127.0.0.1:50456" [_thread_blocked, id=9384, stack(0x0000001042300000,0x0000001042400000)]
  0x00000181a305d880 JavaThread "Stdin handler" [_thread_blocked, id=13864, stack(0x0000001042400000,0x0000001042500000)]
  0x00000181a305c070 JavaThread "Daemon client event forwarder" [_thread_blocked, id=22468, stack(0x0000001042500000,0x0000001042600000)]
  0x00000181a305ca10 JavaThread "Cache worker for journal cache (C:\Users\marco.payan\.gradle\caches\journal-1)" [_thread_blocked, id=2344, stack(0x0000001042800000,0x0000001042900000)]
  0x00000181a4ac9040 JavaThread "File lock request listener" [_thread_in_native, id=19108, stack(0x0000001042900000,0x0000001042a00000)]
  0x00000181a4ac3000 JavaThread "Cache worker for file hash cache (C:\Users\marco.payan\.gradle\caches\7.2\fileHashes)" [_thread_blocked, id=16892, stack(0x0000001042a00000,0x0000001042b00000)]
=>0x00000181a2f53ef0 JavaThread "C2 CompilerThread1" daemon [_thread_in_native, id=16904, stack(0x0000001042b00000,0x0000001042c00000)]
  0x00000181a4ac2b30 JavaThread "Cache worker for file hash cache (C:\Users\marco.payan\Desktop\client app server springboot\SpringClient\.gradle\7.2\fileHashes)" [_thread_blocked, id=23548, stack(0x0000001042c00000,0x0000001042d00000)]
  0x00000181a4ac9510 JavaThread "File watcher server" daemon [_thread_in_native, id=9340, stack(0x0000001042e00000,0x0000001042f00000)]
  0x00000181a4ac39a0 JavaThread "File watcher consumer" daemon [_thread_blocked, id=15912, stack(0x0000001042f00000,0x0000001043000000)]
  0x00000181a4ac4810 JavaThread "Cache worker for checksums cache (C:\Users\marco.payan\Desktop\client app server springboot\SpringClient\.gradle\checksums)" [_thread_blocked, id=1088, stack(0x0000001043000000,0x0000001043100000)]
  0x00000181a4ac4340 JavaThread "Cache worker for cache directory md-supplier (C:\Users\marco.payan\.gradle\caches\7.2\md-supplier)" [_thread_blocked, id=21280, stack(0x0000001043100000,0x0000001043200000)]
  0x00000181a4ac6e90 JavaThread "Cache worker for cache directory md-rule (C:\Users\marco.payan\.gradle\caches\7.2\md-rule)" [_thread_blocked, id=23000, stack(0x0000001043200000,0x0000001043300000)]
  0x00000181a4ac2660 JavaThread "Cache worker for execution history cache (C:\Users\marco.payan\.gradle\caches\7.2\executionHistory)" [_thread_blocked, id=4072, stack(0x0000001043300000,0x0000001043400000)]
  0x00000181a4ac86a0 JavaThread "jar transforms" [_thread_blocked, id=17212, stack(0x0000001043400000,0x0000001043500000)]
  0x00000181a4ac4ce0 JavaThread "jar transforms Thread 2" [_thread_blocked, id=23532, stack(0x0000001042d00000,0x0000001042e00000)]
  0x00000181a4ac7360 JavaThread "Cache worker for file content cache (C:\Users\marco.payan\.gradle\caches\7.2\fileContent)" [_thread_blocked, id=5432, stack(0x0000001043600000,0x0000001043700000)]
  0x00000181a4ac99e0 JavaThread "jar transforms Thread 3" [_thread_blocked, id=7564, stack(0x0000001043700000,0x0000001043800000)]
  0x00000181a4ac3e70 JavaThread "jar transforms Thread 4" [_thread_blocked, id=9380, stack(0x0000001043800000,0x0000001043900000)]
  0x00000181a4ac9eb0 JavaThread "Cache worker for dependencies-accessors (C:\Users\marco.payan\Desktop\client app server springboot\SpringClient\.gradle\7.2\dependencies-accessors)" [_thread_blocked, id=16056, stack(0x0000001043900000,0x0000001043a00000)]
  0x00000181a4ac7d00 JavaThread "jar transforms Thread 5" [_thread_blocked, id=4516, stack(0x0000001043a00000,0x0000001043b00000)]
  0x00000181a4ac5b50 JavaThread "Cache worker for Build Output Cleanup Cache (C:\Users\marco.payan\Desktop\client app server springboot\SpringClient\.gradle\buildOutputCleanup)" [_thread_blocked, id=1092, stack(0x0000001043b00000,0x0000001043c00000)]
  0x00000181a4ac6020 JavaThread "Unconstrained build operations" [_thread_blocked, id=5600, stack(0x0000001043500000,0x0000001043600000)]
  0x00000181a49de3a0 JavaThread "Unconstrained build operations Thread 2" [_thread_blocked, id=22484, stack(0x0000001043c00000,0x0000001043d00000)]
  0x00000181a49e3a40 JavaThread "Unconstrained build operations Thread 3" [_thread_blocked, id=22004, stack(0x0000001043d00000,0x0000001043e00000)]
  0x00000181a49df6e0 JavaThread "Unconstrained build operations Thread 4" [_thread_blocked, id=5400, stack(0x0000001043e00000,0x0000001043f00000)]
  0x00000181a49e2bd0 JavaThread "Unconstrained build operations Thread 5" [_thread_blocked, id=22780, stack(0x0000001043f00000,0x0000001044000000)]
  0x00000181a49e30a0 JavaThread "Unconstrained build operations Thread 6" [_thread_blocked, id=8200, stack(0x0000001044000000,0x0000001044100000)]
  0x00000181a49e0080 JavaThread "Unconstrained build operations Thread 7" [_thread_blocked, id=21868, stack(0x0000001044100000,0x0000001044200000)]
  0x00000181a49e3570 JavaThread "Unconstrained build operations Thread 8" [_thread_blocked, id=10076, stack(0x0000001044200000,0x0000001044300000)]
  0x00000181a49e48b0 JavaThread "Unconstrained build operations Thread 9" [_thread_blocked, id=8364, stack(0x0000001044300000,0x0000001044400000)]
  0x00000181a49de870 JavaThread "Unconstrained build operations Thread 10" [_thread_blocked, id=13000, stack(0x0000001044400000,0x0000001044500000)]
  0x00000181a49e0550 JavaThread "Unconstrained build operations Thread 11" [_thread_blocked, id=21968, stack(0x0000001044500000,0x0000001044600000)]
  0x00000181a49dd060 JavaThread "Unconstrained build operations Thread 12" [_thread_blocked, id=12868, stack(0x0000001044600000,0x0000001044700000)]
  0x00000181a49dd530 JavaThread "Unconstrained build operations Thread 13" [_thread_blocked, id=22880, stack(0x0000001044700000,0x0000001044800000)]
  0x00000181a49e1d60 JavaThread "Unconstrained build operations Thread 14" [_thread_blocked, id=12800, stack(0x0000001044800000,0x0000001044900000)]
  0x00000181a49e0a20 JavaThread "Unconstrained build operations Thread 15" [_thread_blocked, id=156, stack(0x0000001044900000,0x0000001044a00000)]
  0x00000181a49dded0 JavaThread "Unconstrained build operations Thread 16" [_thread_blocked, id=18360, stack(0x0000001044a00000,0x0000001044b00000)]
  0x00000181a49e3f10 JavaThread "Unconstrained build operations Thread 17" [_thread_blocked, id=19524, stack(0x0000001044b00000,0x0000001044c00000)]
  0x00000181a49e0ef0 JavaThread "Unconstrained build operations Thread 18" [_thread_blocked, id=22652, stack(0x0000001044c00000,0x0000001044d00000)]
  0x00000181a49e43e0 JavaThread "Unconstrained build operations Thread 19" [_thread_blocked, id=904, stack(0x0000001044d00000,0x0000001044e00000)]
  0x00000181a49dfbb0 JavaThread "Unconstrained build operations Thread 20" [_thread_blocked, id=21524, stack(0x0000001044e00000,0x0000001044f00000)]
  0x00000181a49dda00 JavaThread "Unconstrained build operations Thread 21" [_thread_blocked, id=22940, stack(0x0000001044f00000,0x0000001045000000)]
  0x00000181a49ded40 JavaThread "Unconstrained build operations Thread 22" [_thread_blocked, id=4604, stack(0x0000001045000000,0x0000001045100000)]
  0x00000181a49e2700 JavaThread "Unconstrained build operations Thread 23" [_thread_blocked, id=9816, stack(0x0000001045100000,0x0000001045200000)]
  0x00000181a49df210 JavaThread "Unconstrained build operations Thread 24" [_thread_blocked, id=20856, stack(0x0000001045200000,0x0000001045300000)]
  0x00000181a49e13c0 JavaThread "Unconstrained build operations Thread 25" [_thread_blocked, id=4468, stack(0x0000001045300000,0x0000001045400000)]
  0x00000181a49e1890 JavaThread "Unconstrained build operations Thread 26" [_thread_blocked, id=12360, stack(0x0000001045400000,0x0000001045500000)]
  0x00000181a49e2230 JavaThread "Unconstrained build operations Thread 27" [_thread_blocked, id=21088, stack(0x0000001045500000,0x0000001045600000)]
  0x00000181a4057210 JavaThread "Unconstrained build operations Thread 28" [_thread_blocked, id=12804, stack(0x0000001045600000,0x0000001045700000)]
  0x00000181a4055ed0 JavaThread "Unconstrained build operations Thread 29" [_thread_blocked, id=22828, stack(0x0000001045700000,0x0000001045800000)]
  0x00000181a40593c0 JavaThread "Unconstrained build operations Thread 30" [_thread_blocked, id=8348, stack(0x0000001045800000,0x0000001045900000)]
  0x00000181a4058a20 JavaThread "Unconstrained build operations Thread 31" [_thread_blocked, id=2208, stack(0x0000001045900000,0x0000001045a00000)]
  0x00000181a4059890 JavaThread "Unconstrained build operations Thread 32" [_thread_blocked, id=1480, stack(0x0000001045a00000,0x0000001045b00000)]
  0x00000181a40563a0 JavaThread "Unconstrained build operations Thread 33" [_thread_blocked, id=23332, stack(0x0000001045b00000,0x0000001045c00000)]
  0x00000181a405b570 JavaThread "Unconstrained build operations Thread 34" [_thread_blocked, id=22988, stack(0x0000001045c00000,0x0000001045d00000)]
  0x00000181a4058ef0 JavaThread "Unconstrained build operations Thread 35" [_thread_blocked, id=15588, stack(0x0000001045d00000,0x0000001045e00000)]
  0x00000181a4055a00 JavaThread "Unconstrained build operations Thread 36" [_thread_blocked, id=15628, stack(0x0000001045e00000,0x0000001045f00000)]
  0x00000181a40576e0 JavaThread "Unconstrained build operations Thread 37" [_thread_blocked, id=19708, stack(0x0000001045f00000,0x0000001046000000)]
  0x00000181a4059d60 JavaThread "Unconstrained build operations Thread 38" [_thread_blocked, id=23168, stack(0x0000001046000000,0x0000001046100000)]
  0x00000181a4055060 JavaThread "Unconstrained build operations Thread 39" [_thread_blocked, id=12716, stack(0x0000001046100000,0x0000001046200000)]
  0x00000181a405a230 JavaThread "Unconstrained build operations Thread 40" [_thread_blocked, id=1016, stack(0x0000001046200000,0x0000001046300000)]
  0x00000181a405a700 JavaThread "Unconstrained build operations Thread 41" [_thread_blocked, id=21928, stack(0x0000001046300000,0x0000001046400000)]
  0x00000181a405ba40 JavaThread "Unconstrained build operations Thread 42" [_thread_blocked, id=22732, stack(0x0000001046400000,0x0000001046500000)]
  0x00000181a405abd0 JavaThread "Unconstrained build operations Thread 43" [_thread_blocked, id=22908, stack(0x0000001046500000,0x0000001046600000)]
  0x00000181a4056d40 JavaThread "Unconstrained build operations Thread 44" [_thread_blocked, id=3184, stack(0x0000001046600000,0x0000001046700000)]
  0x00000181a4055530 JavaThread "Unconstrained build operations Thread 45" [_thread_blocked, id=18300, stack(0x0000001046700000,0x0000001046800000)]
  0x00000181a4056870 JavaThread "Unconstrained build operations Thread 46" [_thread_blocked, id=12968, stack(0x0000001046800000,0x0000001046900000)]
  0x00000181a4057bb0 JavaThread "Unconstrained build operations Thread 47" [_thread_blocked, id=13524, stack(0x0000001046900000,0x0000001046a00000)]
  0x00000181a405b0a0 JavaThread "Unconstrained build operations Thread 48" [_thread_blocked, id=22980, stack(0x0000001046a00000,0x0000001046b00000)]
  0x00000181a4058080 JavaThread "Unconstrained build operations Thread 49" [_thread_blocked, id=5868, stack(0x0000001046b00000,0x0000001046c00000)]
  0x00000181a405c3e0 JavaThread "Unconstrained build operations Thread 50" [_thread_blocked, id=8184, stack(0x0000001046c00000,0x0000001046d00000)]
  0x00000181a4058550 JavaThread "Unconstrained build operations Thread 51" [_thread_blocked, id=17576, stack(0x0000001046d00000,0x0000001046e00000)]
  0x00000181a405bf10 JavaThread "Unconstrained build operations Thread 52" [_thread_blocked, id=23360, stack(0x0000001046e00000,0x0000001046f00000)]
  0x00000181a4054b90 JavaThread "Unconstrained build operations Thread 53" [_thread_blocked, id=20312, stack(0x0000001046f00000,0x0000001047000000)]
  0x00000181a280ae80 JavaThread "Unconstrained build operations Thread 54" [_thread_blocked, id=4748, stack(0x0000001047000000,0x0000001047100000)]
  0x00000181a2808330 JavaThread "Unconstrained build operations Thread 55" [_thread_blocked, id=15760, stack(0x0000001047100000,0x0000001047200000)]
  0x00000181a280a9b0 JavaThread "Unconstrained build operations Thread 56" [_thread_blocked, id=20736, stack(0x0000001047200000,0x0000001047300000)]
  0x00000181a2806180 JavaThread "Unconstrained build operations Thread 57" [_thread_blocked, id=22540, stack(0x0000001047300000,0x0000001047400000)]
  0x00000181a28091a0 JavaThread "Unconstrained build operations Thread 58" [_thread_blocked, id=22444, stack(0x0000001047400000,0x0000001047500000)]
  0x00000181a2807e60 JavaThread "Unconstrained build operations Thread 59" [_thread_blocked, id=22488, stack(0x0000001047500000,0x0000001047600000)]
  0x00000181a280a4e0 JavaThread "Unconstrained build operations Thread 60" [_thread_blocked, id=22448, stack(0x0000001047600000,0x0000001047700000)]
  0x00000181a2809670 JavaThread "Unconstrained build operations Thread 61" [_thread_blocked, id=10224, stack(0x0000001047700000,0x0000001047800000)]
  0x00000181a2807990 JavaThread "Unconstrained build operations Thread 62" [_thread_blocked, id=22536, stack(0x0000001047800000,0x0000001047900000)]
  0x00000181a280a010 JavaThread "Unconstrained build operations Thread 63" [_thread_blocked, id=23368, stack(0x0000001047900000,0x0000001047a00000)]
  0x00000181a2806650 JavaThread "Unconstrained build operations Thread 64" [_thread_blocked, id=18312, stack(0x0000001047a00000,0x0000001047b00000)]
  0x00000181a2808800 JavaThread "Unconstrained build operations Thread 65" [_thread_blocked, id=14252, stack(0x0000001047b00000,0x0000001047c00000)]
  0x00000181a280b350 JavaThread "Unconstrained build operations Thread 66" [_thread_blocked, id=15304, stack(0x0000001047c00000,0x0000001047d00000)]
  0x00000181a2809b40 JavaThread "Unconstrained build operations Thread 67" [_thread_blocked, id=8952, stack(0x0000001047d00000,0x0000001047e00000)]
  0x00000181a2808cd0 JavaThread "Unconstrained build operations Thread 68" [_thread_blocked, id=16944, stack(0x0000001047e00000,0x0000001047f00000)]
  0x00000181a28044a0 JavaThread "Unconstrained build operations Thread 69" [_thread_blocked, id=3472, stack(0x0000001047f00000,0x0000001048000000)]
  0x00000181a2803b00 JavaThread "Unconstrained build operations Thread 70" [_thread_blocked, id=20368, stack(0x0000001048000000,0x0000001048100000)]
  0x00000181a2803fd0 JavaThread "Unconstrained build operations Thread 71" [_thread_blocked, id=2732, stack(0x0000001048100000,0x0000001048200000)]
  0x00000181a2804e40 JavaThread "Unconstrained build operations Thread 72" [_thread_blocked, id=12152, stack(0x0000001048200000,0x0000001048300000)]
  0x00000181a28074c0 JavaThread "Unconstrained build operations Thread 73" [_thread_blocked, id=4520, stack(0x0000001048300000,0x0000001048400000)]
  0x00000181a2804970 JavaThread "Unconstrained build operations Thread 74" [_thread_blocked, id=9080, stack(0x0000001048400000,0x0000001048500000)]
  0x00000181a2805310 JavaThread "Unconstrained build operations Thread 75" [_thread_blocked, id=15172, stack(0x0000001048500000,0x0000001048600000)]
  0x00000181a2806b20 JavaThread "Unconstrained build operations Thread 76" [_thread_blocked, id=21908, stack(0x0000001048600000,0x0000001048700000)]
  0x00000181a28057e0 JavaThread "Unconstrained build operations Thread 77" [_thread_blocked, id=11800, stack(0x0000001048700000,0x0000001048800000)]
  0x00000181a2805cb0 JavaThread "Unconstrained build operations Thread 78" [_thread_blocked, id=23036, stack(0x0000001048800000,0x0000001048900000)]
  0x00000181a2806ff0 JavaThread "Unconstrained build operations Thread 79" [_thread_blocked, id=20024, stack(0x0000001048900000,0x0000001048a00000)]
  0x00000181a7121580 JavaThread "Unconstrained build operations Thread 80" [_thread_blocked, id=19740, stack(0x0000001048a00000,0x0000001048b00000)]
  0x00000181a711fd70 JavaThread "jar transforms Thread 6" [_thread_blocked, id=18896, stack(0x0000001048c00000,0x0000001048d00000)]
  0x00000181a7120710 JavaThread "jar transforms Thread 7" [_thread_blocked, id=18056, stack(0x0000001048d00000,0x0000001048e00000)]
  0x00000181a7123c00 JavaThread "jar transforms Thread 8" [_thread_blocked, id=20900, stack(0x0000001048e00000,0x0000001048f00000)]
  0x00000181a7125db0 JavaThread "Memory manager" [_thread_blocked, id=4636, stack(0x0000001048f00000,0x0000001049000000)]
  0x00000181a53ed810 JavaThread "C2 CompilerThread2" daemon [_thread_in_native, id=12436, stack(0x0000001048b00000,0x0000001048c00000)]
  0x00000181a7126c20 JavaThread "build event listener" [_thread_blocked, id=23416, stack(0x0000001049000000,0x0000001049100000)]
  0x00000181a71258e0 JavaThread "pool-3-thread-1" [_thread_blocked, id=10196, stack(0x0000001049100000,0x0000001049200000)]
  0x00000181a7120240 JavaThread "build event listener" [_thread_blocked, id=8036, stack(0x0000001049200000,0x0000001049300000)]
  0x00000181a71270f0 JavaThread "Execution worker for ':'" [_thread_blocked, id=21204, stack(0x0000001049300000,0x0000001049400000)]
  0x00000181a7124f40 JavaThread "Execution worker for ':' Thread 2" [_thread_blocked, id=20164, stack(0x0000001049400000,0x0000001049500000)]
  0x00000181a71245a0 JavaThread "Execution worker for ':' Thread 3" [_thread_blocked, id=16068, stack(0x0000001049500000,0x0000001049600000)]
  0x00000181a7123260 JavaThread "Execution worker for ':' Thread 4" [_thread_blocked, id=12212, stack(0x0000001049600000,0x0000001049700000)]
  0x00000181a711f8a0 JavaThread "Execution worker for ':' Thread 5" [_thread_blocked, id=20692, stack(0x0000001049700000,0x0000001049800000)]
  0x00000181a7121a50 JavaThread "Execution worker for ':' Thread 6" [_thread_blocked, id=22548, stack(0x0000001049800000,0x0000001049900000)]
  0x00000181a7121f20 JavaThread "Execution worker for ':' Thread 7" [_thread_blocked, id=21248, stack(0x0000001049900000,0x0000001049a00000)]
  0x00000181a7124a70 JavaThread "Cache worker for execution history cache (C:\Users\marco.payan\Desktop\client app server springboot\SpringClient\.gradle\7.2\executionHistory)" [_thread_blocked, id=19332, stack(0x0000001049a00000,0x0000001049b00000)]
  0x00000181a7126750 JavaThread "Cache worker for Java compile cache (C:\Users\marco.payan\.gradle\caches\7.2\javaCompile)" [_thread_blocked, id=16316, stack(0x0000001049b00000,0x0000001049c00000)]
  0x00000181a71228c0 JavaThread "Build operations" [_thread_blocked, id=19728, stack(0x0000001049c00000,0x0000001049d00000)]
  0x00000181a7122d90 JavaThread "Build operations Thread 2" [_thread_blocked, id=12452, stack(0x0000001049d00000,0x0000001049e00000)]
  0x00000181a7123730 JavaThread "Build operations Thread 3" [_thread_blocked, id=19548, stack(0x0000001049e00000,0x0000001049f00000)]
  0x00000181a88196e0 JavaThread "Build operations Thread 4" [_thread_blocked, id=22552, stack(0x0000001049f00000,0x000000104a000000)]
  0x00000181a8818870 JavaThread "Build operations Thread 5" [_thread_blocked, id=21000, stack(0x000000104a000000,0x000000104a100000)]
  0x00000181a881da40 JavaThread "Build operations Thread 6" [_thread_blocked, id=22820, stack(0x000000104a100000,0x000000104a200000)]
  0x00000181a881a080 JavaThread "Build operations Thread 7" [_thread_blocked, id=3024, stack(0x000000104a200000,0x000000104a300000)]
  0x00000181a881d0a0 JavaThread "Build operations Thread 8" [_thread_blocked, id=3432, stack(0x000000104a300000,0x000000104a400000)]

Other Threads:
  0x000001819e45c760 VMThread "VM Thread" [stack: 0x0000001040800000,0x0000001040900000] [id=19252]
  0x000001819e2c5810 WatcherThread [stack: 0x0000001041400000,0x0000001041500000] [id=15952]
  0x000001819e2a19b0 GCTaskThread "GC Thread#0" [stack: 0x0000001040300000,0x0000001040400000] [id=22284]
  0x00000181a22cca90 GCTaskThread "GC Thread#1" [stack: 0x0000001041600000,0x0000001041700000] [id=23356]
  0x00000181a1058f60 GCTaskThread "GC Thread#2" [stack: 0x0000001041700000,0x0000001041800000] [id=20036]
  0x00000181a2a50100 GCTaskThread "GC Thread#3" [stack: 0x0000001041800000,0x0000001041900000] [id=7696]
  0x00000181a2a50fd0 GCTaskThread "GC Thread#4" [stack: 0x0000001041900000,0x0000001041a00000] [id=3640]
  0x00000181a26e4860 GCTaskThread "GC Thread#5" [stack: 0x0000001041a00000,0x0000001041b00000] [id=16976]
  0x00000181a4ffabc0 GCTaskThread "GC Thread#6" [stack: 0x0000001041b00000,0x0000001041c00000] [id=9324]
  0x00000181a4ffc3f0 GCTaskThread "GC Thread#7" [stack: 0x0000001042600000,0x0000001042700000] [id=17400]
  0x000001819e2aa1c0 ConcurrentGCThread "G1 Main Marker" [stack: 0x0000001040400000,0x0000001040500000] [id=892]
  0x0000018186f4e2c0 ConcurrentGCThread "G1 Conc#0" [stack: 0x0000001040500000,0x0000001040600000] [id=21428]
  0x00000181a4ffae70 ConcurrentGCThread "G1 Conc#1" [stack: 0x0000001042700000,0x0000001042800000] [id=22600]
  0x000001819e38aac0 ConcurrentGCThread "G1 Refine#0" [stack: 0x0000001040600000,0x0000001040700000] [id=1200]
  0x000001819e38b3f0 ConcurrentGCThread "G1 Service" [stack: 0x0000001040700000,0x0000001040800000] [id=20556]

Threads with active compile tasks:
C2 CompilerThread0    14583 10342       4       org.gradle.api.internal.tasks.compile.incremental.serialization.HierarchicalNameSerializer::readName (51 bytes)
C2 CompilerThread1    14583 10171       4       org.gradle.internal.service.DefaultServiceRegistry$SingletonService::get (5 bytes)
C2 CompilerThread2    14583 9825       4       org.gradle.internal.instantiation.generator.AbstractClassGenerator$PropertyMetadata::hasAnnotation (40 bytes)

VM state: at safepoint (normal execution)

VM Mutex/Monitor currently owned by a thread:  ([mutex/lock_event])
[0x0000018186f09a50] Threads_lock - owner thread: 0x000001819e45c760
[0x0000018186f09030] Heap_lock - owner thread: 0x00000181a7124f40

Heap address: 0x0000000080000000, size: 2048 MB, Compressed Oops mode: 32-bit

CDS archive(s) not mapped
Compressed class space mapped at: 0x0000000100000000-0x0000000140000000, reserved size: 1073741824
Narrow klass base: 0x0000000000000000, Narrow klass shift: 3, Narrow klass range: 0x140000000

GC Precious Log:
 CPUs: 8 total, 8 available
 Memory: 16103M
 Large Page Support: Disabled
 NUMA Support: Disabled
 Compressed Oops: Enabled (32-bit)
 Heap Region Size: 1M
 Heap Min Capacity: 8M
 Heap Initial Capacity: 252M
 Heap Max Capacity: 2G
 Pre-touch: Disabled
 Parallel Workers: 8
 Concurrent Workers: 2
 Concurrent Refinement Workers: 8
 Periodic GC: Disabled

Heap:
 garbage-first heap   total 158720K, used 126961K [0x0000000080000000, 0x0000000100000000)
  region size 1024K, 50 young (51200K), 5 survivors (5120K)
 Metaspace       used 86247K, committed 86912K, reserved 1130496K
  class space    used 11575K, committed 11904K, reserved 1048576K

Heap Regions: E=young(eden), S=young(survivor), O=old, HS=humongous(starts), HC=humongous(continues), CS=collection set, F=free, OA=open archive, CA=closed archive, TAMS=top-at-mark-start (previous, next)
|   0|0x0000000080000000, 0x0000000080100000, 0x0000000080100000|100%| O|  |TAMS 0x0000000080100000, 0x0000000080100000| Untracked 
|   1|0x0000000080100000, 0x0000000080200000, 0x0000000080200000|100%| O|  |TAMS 0x0000000080200000, 0x0000000080200000| Untracked 
|   2|0x0000000080200000, 0x0000000080300000, 0x0000000080300000|100%| O|  |TAMS 0x0000000080300000, 0x0000000080300000| Untracked 
|   3|0x0000000080300000, 0x0000000080400000, 0x0000000080400000|100%|HS|  |TAMS 0x0000000080400000, 0x0000000080400000| Complete 
|   4|0x0000000080400000, 0x0000000080500000, 0x0000000080500000|100%|HC|  |TAMS 0x0000000080500000, 0x0000000080500000| Complete 
|   5|0x0000000080500000, 0x0000000080600000, 0x0000000080600000|100%|HC|  |TAMS 0x0000000080600000, 0x0000000080600000| Complete 
|   6|0x0000000080600000, 0x0000000080700000, 0x0000000080700000|100%| O|  |TAMS 0x0000000080700000, 0x0000000080700000| Untracked 
|   7|0x0000000080700000, 0x0000000080800000, 0x0000000080800000|100%| O|  |TAMS 0x0000000080800000, 0x0000000080800000| Untracked 
|   8|0x0000000080800000, 0x0000000080900000, 0x0000000080900000|100%| O|  |TAMS 0x0000000080900000, 0x0000000080900000| Untracked 
|   9|0x0000000080900000, 0x0000000080a00000, 0x0000000080a00000|100%| O|  |TAMS 0x0000000080a00000, 0x0000000080a00000| Untracked 
|  10|0x0000000080a00000, 0x0000000080b00000, 0x0000000080b00000|100%| O|  |TAMS 0x0000000080b00000, 0x0000000080b00000| Untracked 
|  11|0x0000000080b00000, 0x0000000080c00000, 0x0000000080c00000|100%| O|  |TAMS 0x0000000080c00000, 0x0000000080c00000| Untracked 
|  12|0x0000000080c00000, 0x0000000080d00000, 0x0000000080d00000|100%| O|  |TAMS 0x0000000080d00000, 0x0000000080d00000| Untracked 
|  13|0x0000000080d00000, 0x0000000080e00000, 0x0000000080e00000|100%| O|  |TAMS 0x0000000080e00000, 0x0000000080e00000| Untracked 
|  14|0x0000000080e00000, 0x0000000080f00000, 0x0000000080f00000|100%| O|  |TAMS 0x0000000080f00000, 0x0000000080f00000| Untracked 
|  15|0x0000000080f00000, 0x0000000081000000, 0x0000000081000000|100%|HS|  |TAMS 0x0000000081000000, 0x0000000081000000| Complete 
|  16|0x0000000081000000, 0x0000000081100000, 0x0000000081100000|100%| O|  |TAMS 0x0000000081100000, 0x0000000081100000| Untracked 
|  17|0x0000000081100000, 0x0000000081200000, 0x0000000081200000|100%| O|  |TAMS 0x0000000081200000, 0x0000000081200000| Untracked 
|  18|0x0000000081200000, 0x0000000081300000, 0x0000000081300000|100%| O|  |TAMS 0x0000000081300000, 0x0000000081300000| Untracked 
|  19|0x0000000081300000, 0x0000000081400000, 0x0000000081400000|100%| O|  |TAMS 0x0000000081400000, 0x0000000081400000| Untracked 
|  20|0x0000000081400000, 0x0000000081500000, 0x0000000081500000|100%| O|  |TAMS 0x0000000081500000, 0x0000000081500000| Untracked 
|  21|0x0000000081500000, 0x0000000081600000, 0x0000000081600000|100%| O|  |TAMS 0x0000000081600000, 0x0000000081600000| Untracked 
|  22|0x0000000081600000, 0x0000000081700000, 0x0000000081700000|100%| O|  |TAMS 0x0000000081700000, 0x0000000081700000| Untracked 
|  23|0x0000000081700000, 0x0000000081800000, 0x0000000081800000|100%| O|  |TAMS 0x0000000081800000, 0x0000000081800000| Untracked 
|  24|0x0000000081800000, 0x0000000081900000, 0x0000000081900000|100%| O|  |TAMS 0x0000000081900000, 0x0000000081900000| Untracked 
|  25|0x0000000081900000, 0x0000000081a00000, 0x0000000081a00000|100%| O|  |TAMS 0x0000000081a00000, 0x0000000081a00000| Untracked 
|  26|0x0000000081a00000, 0x0000000081b00000, 0x0000000081b00000|100%| O|  |TAMS 0x0000000081b00000, 0x0000000081b00000| Untracked 
|  27|0x0000000081b00000, 0x0000000081c00000, 0x0000000081c00000|100%| O|  |TAMS 0x0000000081c00000, 0x0000000081c00000| Untracked 
|  28|0x0000000081c00000, 0x0000000081d00000, 0x0000000081d00000|100%|HS|  |TAMS 0x0000000081d00000, 0x0000000081d00000| Complete 
|  29|0x0000000081d00000, 0x0000000081e00000, 0x0000000081e00000|100%|HS|  |TAMS 0x0000000081e00000, 0x0000000081e00000| Complete 
|  30|0x0000000081e00000, 0x0000000081f00000, 0x0000000081f00000|100%|HS|  |TAMS 0x0000000081f00000, 0x0000000081f00000| Complete 
|  31|0x0000000081f00000, 0x0000000082000000, 0x0000000082000000|100%|HC|  |TAMS 0x0000000082000000, 0x0000000082000000| Complete 
|  32|0x0000000082000000, 0x0000000082100000, 0x0000000082100000|100%| O|  |TAMS 0x0000000082100000, 0x0000000082100000| Untracked 
|  33|0x0000000082100000, 0x0000000082200000, 0x0000000082200000|100%| O|  |TAMS 0x0000000082200000, 0x0000000082200000| Untracked 
|  34|0x0000000082200000, 0x0000000082300000, 0x0000000082300000|100%| O|  |TAMS 0x0000000082300000, 0x0000000082300000| Untracked 
|  35|0x0000000082300000, 0x0000000082400000, 0x0000000082400000|100%| O|  |TAMS 0x0000000082400000, 0x0000000082400000| Untracked 
|  36|0x0000000082400000, 0x0000000082500000, 0x0000000082500000|100%| O|  |TAMS 0x0000000082500000, 0x0000000082500000| Untracked 
|  37|0x0000000082500000, 0x0000000082600000, 0x0000000082600000|100%| O|  |TAMS 0x0000000082600000, 0x0000000082600000| Untracked 
|  38|0x0000000082600000, 0x0000000082700000, 0x0000000082700000|100%| O|  |TAMS 0x0000000082700000, 0x0000000082700000| Untracked 
|  39|0x0000000082700000, 0x0000000082800000, 0x0000000082800000|100%| O|  |TAMS 0x0000000082800000, 0x0000000082800000| Untracked 
|  40|0x0000000082800000, 0x0000000082900000, 0x0000000082900000|100%| O|  |TAMS 0x0000000082900000, 0x0000000082900000| Untracked 
|  41|0x0000000082900000, 0x0000000082a00000, 0x0000000082a00000|100%| O|  |TAMS 0x0000000082a00000, 0x0000000082a00000| Untracked 
|  42|0x0000000082a00000, 0x0000000082b00000, 0x0000000082b00000|100%| O|  |TAMS 0x0000000082b00000, 0x0000000082b00000| Untracked 
|  43|0x0000000082b00000, 0x0000000082c00000, 0x0000000082c00000|100%| O|  |TAMS 0x0000000082c00000, 0x0000000082c00000| Untracked 
|  44|0x0000000082c00000, 0x0000000082c00000, 0x0000000082d00000|  0%| F|  |TAMS 0x0000000082c00000, 0x0000000082c00000| Untracked 
|  45|0x0000000082d00000, 0x0000000082e00000, 0x0000000082e00000|100%| O|  |TAMS 0x0000000082e00000, 0x0000000082e00000| Untracked 
|  46|0x0000000082e00000, 0x0000000082f00000, 0x0000000082f00000|100%| O|  |TAMS 0x0000000082f00000, 0x0000000082f00000| Untracked 
|  47|0x0000000082f00000, 0x0000000083000000, 0x0000000083000000|100%| O|  |TAMS 0x0000000083000000, 0x0000000083000000| Untracked 
|  48|0x0000000083000000, 0x0000000083100000, 0x0000000083100000|100%| O|  |TAMS 0x0000000083100000, 0x0000000083100000| Untracked 
|  49|0x0000000083100000, 0x0000000083200000, 0x0000000083200000|100%| O|  |TAMS 0x0000000083200000, 0x0000000083200000| Untracked 
|  50|0x0000000083200000, 0x0000000083300000, 0x0000000083300000|100%| O|  |TAMS 0x0000000083300000, 0x0000000083300000| Untracked 
|  51|0x0000000083300000, 0x0000000083400000, 0x0000000083400000|100%| O|  |TAMS 0x0000000083400000, 0x0000000083400000| Untracked 
|  52|0x0000000083400000, 0x0000000083500000, 0x0000000083500000|100%| O|  |TAMS 0x0000000083500000, 0x0000000083500000| Untracked 
|  53|0x0000000083500000, 0x0000000083600000, 0x0000000083600000|100%| O|  |TAMS 0x0000000083600000, 0x0000000083600000| Untracked 
|  54|0x0000000083600000, 0x0000000083700000, 0x0000000083700000|100%| O|  |TAMS 0x0000000083700000, 0x0000000083700000| Untracked 
|  55|0x0000000083700000, 0x0000000083800000, 0x0000000083800000|100%| O|  |TAMS 0x0000000083800000, 0x0000000083800000| Untracked 
|  56|0x0000000083800000, 0x0000000083900000, 0x0000000083900000|100%| O|  |TAMS 0x0000000083900000, 0x0000000083900000| Untracked 
|  57|0x0000000083900000, 0x0000000083a00000, 0x0000000083a00000|100%| O|  |TAMS 0x0000000083a00000, 0x0000000083a00000| Untracked 
|  58|0x0000000083a00000, 0x0000000083b00000, 0x0000000083b00000|100%| O|  |TAMS 0x0000000083b00000, 0x0000000083b00000| Untracked 
|  59|0x0000000083b00000, 0x0000000083c00000, 0x0000000083c00000|100%| O|  |TAMS 0x0000000083c00000, 0x0000000083c00000| Untracked 
|  60|0x0000000083c00000, 0x0000000083d00000, 0x0000000083d00000|100%| O|  |TAMS 0x0000000083d00000, 0x0000000083d00000| Untracked 
|  61|0x0000000083d00000, 0x0000000083e00000, 0x0000000083e00000|100%| O|  |TAMS 0x0000000083e00000, 0x0000000083e00000| Untracked 
|  62|0x0000000083e00000, 0x0000000083f00000, 0x0000000083f00000|100%| O|  |TAMS 0x0000000083f00000, 0x0000000083f00000| Untracked 
|  63|0x0000000083f00000, 0x0000000084000000, 0x0000000084000000|100%| O|  |TAMS 0x0000000084000000, 0x0000000084000000| Untracked 
|  64|0x0000000084000000, 0x0000000084100000, 0x0000000084100000|100%| O|  |TAMS 0x0000000084100000, 0x0000000084100000| Untracked 
|  65|0x0000000084100000, 0x0000000084200000, 0x0000000084200000|100%| O|  |TAMS 0x0000000084200000, 0x0000000084200000| Untracked 
|  66|0x0000000084200000, 0x0000000084300000, 0x0000000084300000|100%| O|  |TAMS 0x0000000084300000, 0x0000000084300000| Untracked 
|  67|0x0000000084300000, 0x0000000084400000, 0x0000000084400000|100%| O|  |TAMS 0x00000000843bba00, 0x0000000084400000| Untracked 
|  68|0x0000000084400000, 0x0000000084500000, 0x0000000084500000|100%| O|  |TAMS 0x0000000084400000, 0x0000000084500000| Untracked 
|  69|0x0000000084500000, 0x0000000084600000, 0x0000000084600000|100%| O|  |TAMS 0x0000000084500000, 0x0000000084600000| Untracked 
|  70|0x0000000084600000, 0x0000000084700000, 0x0000000084700000|100%| O|  |TAMS 0x0000000084600000, 0x0000000084700000| Untracked 
|  71|0x0000000084700000, 0x0000000084800000, 0x0000000084800000|100%| O|  |TAMS 0x0000000084700000, 0x0000000084800000| Untracked 
|  72|0x0000000084800000, 0x0000000084900000, 0x0000000084900000|100%| O|  |TAMS 0x0000000084800000, 0x0000000084900000| Untracked 
|  73|0x0000000084900000, 0x0000000084a00000, 0x0000000084a00000|100%| O|  |TAMS 0x0000000084900000, 0x0000000084a00000| Untracked 
|  74|0x0000000084a00000, 0x0000000084b00000, 0x0000000084b00000|100%| O|  |TAMS 0x0000000084a00000, 0x0000000084b00000| Untracked 
|  75|0x0000000084b00000, 0x0000000084c00000, 0x0000000084c00000|100%| O|  |TAMS 0x0000000084b00000, 0x0000000084c00000| Untracked 
|  76|0x0000000084c00000, 0x0000000084d00000, 0x0000000084d00000|100%| O|  |TAMS 0x0000000084c00000, 0x0000000084d00000| Untracked 
|  77|0x0000000084d00000, 0x0000000084e00000, 0x0000000084e00000|100%| O|  |TAMS 0x0000000084d00000, 0x0000000084e00000| Untracked 
|  78|0x0000000084e00000, 0x0000000084efc800, 0x0000000084f00000| 98%| O|  |TAMS 0x0000000084e00000, 0x0000000084efc800| Untracked 
|  79|0x0000000084f00000, 0x0000000084f00000, 0x0000000085000000|  0%| F|  |TAMS 0x0000000084f00000, 0x0000000084f00000| Untracked 
|  80|0x0000000085000000, 0x0000000085000000, 0x0000000085100000|  0%| F|  |TAMS 0x0000000085000000, 0x0000000085000000| Untracked 
|  81|0x0000000085100000, 0x0000000085100000, 0x0000000085200000|  0%| F|  |TAMS 0x0000000085100000, 0x0000000085100000| Untracked 
|  82|0x0000000085200000, 0x0000000085200000, 0x0000000085300000|  0%| F|  |TAMS 0x0000000085200000, 0x0000000085200000| Untracked 
|  83|0x0000000085300000, 0x0000000085300000, 0x0000000085400000|  0%| F|  |TAMS 0x0000000085300000, 0x0000000085300000| Untracked 
|  84|0x0000000085400000, 0x0000000085400000, 0x0000000085500000|  0%| F|  |TAMS 0x0000000085400000, 0x0000000085400000| Untracked 
|  85|0x0000000085500000, 0x0000000085500000, 0x0000000085600000|  0%| F|  |TAMS 0x0000000085500000, 0x0000000085500000| Untracked 
|  86|0x0000000085600000, 0x0000000085600000, 0x0000000085700000|  0%| F|  |TAMS 0x0000000085600000, 0x0000000085600000| Untracked 
|  87|0x0000000085700000, 0x0000000085700000, 0x0000000085800000|  0%| F|  |TAMS 0x0000000085700000, 0x0000000085700000| Untracked 
|  88|0x0000000085800000, 0x0000000085800000, 0x0000000085900000|  0%| F|  |TAMS 0x0000000085800000, 0x0000000085800000| Untracked 
|  89|0x0000000085900000, 0x0000000085900000, 0x0000000085a00000|  0%| F|  |TAMS 0x0000000085900000, 0x0000000085900000| Untracked 
|  90|0x0000000085a00000, 0x0000000085a00000, 0x0000000085b00000|  0%| F|  |TAMS 0x0000000085a00000, 0x0000000085a00000| Untracked 
|  91|0x0000000085b00000, 0x0000000085b00000, 0x0000000085c00000|  0%| F|  |TAMS 0x0000000085b00000, 0x0000000085b00000| Untracked 
|  92|0x0000000085c00000, 0x0000000085c00000, 0x0000000085d00000|  0%| F|  |TAMS 0x0000000085c00000, 0x0000000085c00000| Untracked 
|  93|0x0000000085d00000, 0x0000000085d00000, 0x0000000085e00000|  0%| F|  |TAMS 0x0000000085d00000, 0x0000000085d00000| Untracked 
|  94|0x0000000085e00000, 0x0000000085e00000, 0x0000000085f00000|  0%| F|  |TAMS 0x0000000085e00000, 0x0000000085e00000| Untracked 
|  95|0x0000000085f00000, 0x0000000085f00000, 0x0000000086000000|  0%| F|  |TAMS 0x0000000085f00000, 0x0000000085f00000| Untracked 
|  96|0x0000000086000000, 0x0000000086000000, 0x0000000086100000|  0%| F|  |TAMS 0x0000000086000000, 0x0000000086000000| Untracked 
|  97|0x0000000086100000, 0x0000000086100000, 0x0000000086200000|  0%| F|  |TAMS 0x0000000086100000, 0x0000000086100000| Untracked 
|  98|0x0000000086200000, 0x0000000086200000, 0x0000000086300000|  0%| F|  |TAMS 0x0000000086200000, 0x0000000086200000| Untracked 
|  99|0x0000000086300000, 0x0000000086300000, 0x0000000086400000|  0%| F|  |TAMS 0x0000000086300000, 0x0000000086300000| Untracked 
| 100|0x0000000086400000, 0x0000000086400000, 0x0000000086500000|  0%| F|  |TAMS 0x0000000086400000, 0x0000000086400000| Untracked 
| 101|0x0000000086500000, 0x0000000086500000, 0x0000000086600000|  0%| F|  |TAMS 0x0000000086500000, 0x0000000086500000| Untracked 
| 102|0x0000000086600000, 0x0000000086600000, 0x0000000086700000|  0%| F|  |TAMS 0x0000000086600000, 0x0000000086600000| Untracked 
| 103|0x0000000086700000, 0x0000000086700000, 0x0000000086800000|  0%| F|  |TAMS 0x0000000086700000, 0x0000000086700000| Untracked 
| 104|0x0000000086800000, 0x000000008683ec48, 0x0000000086900000| 24%| S|  |TAMS 0x0000000086800000, 0x0000000086800000| Complete 
| 105|0x0000000086900000, 0x0000000086a00000, 0x0000000086a00000|100%| S|  |TAMS 0x0000000086900000, 0x0000000086900000| Complete 
| 106|0x0000000086a00000, 0x0000000086b00000, 0x0000000086b00000|100%| S|  |TAMS 0x0000000086a00000, 0x0000000086a00000| Complete 
| 107|0x0000000086b00000, 0x0000000086c00000, 0x0000000086c00000|100%| S|  |TAMS 0x0000000086b00000, 0x0000000086b00000| Complete 
| 108|0x0000000086c00000, 0x0000000086d00000, 0x0000000086d00000|100%| S|  |TAMS 0x0000000086c00000, 0x0000000086c00000| Complete 
| 109|0x0000000086d00000, 0x0000000086e00000, 0x0000000086e00000|100%| E|CS|TAMS 0x0000000086d00000, 0x0000000086e00000| Complete 
| 110|0x0000000086e00000, 0x0000000086f00000, 0x0000000086f00000|100%| E|CS|TAMS 0x0000000086e00000, 0x0000000086f00000| Complete 
| 111|0x0000000086f00000, 0x0000000087000000, 0x0000000087000000|100%| E|CS|TAMS 0x0000000086f00000, 0x0000000087000000| Complete 
| 112|0x0000000087000000, 0x0000000087100000, 0x0000000087100000|100%| E|CS|TAMS 0x0000000087000000, 0x0000000087100000| Complete 
| 113|0x0000000087100000, 0x0000000087200000, 0x0000000087200000|100%| E|CS|TAMS 0x0000000087100000, 0x0000000087200000| Complete 
| 114|0x0000000087200000, 0x0000000087300000, 0x0000000087300000|100%| E|CS|TAMS 0x0000000087200000, 0x0000000087300000| Complete 
| 115|0x0000000087300000, 0x0000000087400000, 0x0000000087400000|100%| E|CS|TAMS 0x0000000087300000, 0x0000000087400000| Complete 
| 116|0x0000000087400000, 0x0000000087500000, 0x0000000087500000|100%| E|CS|TAMS 0x0000000087400000, 0x0000000087500000| Complete 
| 117|0x0000000087500000, 0x0000000087600000, 0x0000000087600000|100%| E|CS|TAMS 0x0000000087500000, 0x0000000087600000| Complete 
| 118|0x0000000087600000, 0x0000000087700000, 0x0000000087700000|100%| E|CS|TAMS 0x0000000087600000, 0x0000000087700000| Complete 
| 119|0x0000000087700000, 0x0000000087800000, 0x0000000087800000|100%| E|CS|TAMS 0x0000000087700000, 0x0000000087800000| Complete 
| 120|0x0000000087800000, 0x0000000087900000, 0x0000000087900000|100%| E|CS|TAMS 0x0000000087800000, 0x0000000087900000| Complete 
| 121|0x0000000087900000, 0x0000000087a00000, 0x0000000087a00000|100%| E|CS|TAMS 0x0000000087900000, 0x0000000087a00000| Complete 
| 122|0x0000000087a00000, 0x0000000087b00000, 0x0000000087b00000|100%| E|CS|TAMS 0x0000000087a00000, 0x0000000087b00000| Complete 
| 123|0x0000000087b00000, 0x0000000087c00000, 0x0000000087c00000|100%| E|CS|TAMS 0x0000000087b00000, 0x0000000087c00000| Complete 
| 124|0x0000000087c00000, 0x0000000087d00000, 0x0000000087d00000|100%| E|CS|TAMS 0x0000000087c00000, 0x0000000087d00000| Complete 
| 125|0x0000000087d00000, 0x0000000087e00000, 0x0000000087e00000|100%| E|CS|TAMS 0x0000000087d00000, 0x0000000087e00000| Complete 
| 126|0x0000000087e00000, 0x0000000087f00000, 0x0000000087f00000|100%| E|CS|TAMS 0x0000000087e00000, 0x0000000087f00000| Complete 
| 127|0x0000000087f00000, 0x0000000088000000, 0x0000000088000000|100%| E|CS|TAMS 0x0000000087f00000, 0x0000000088000000| Complete 
| 128|0x0000000088000000, 0x0000000088100000, 0x0000000088100000|100%| E|CS|TAMS 0x0000000088000000, 0x0000000088100000| Complete 
| 129|0x0000000088100000, 0x0000000088200000, 0x0000000088200000|100%| E|CS|TAMS 0x0000000088100000, 0x0000000088200000| Complete 
| 130|0x0000000088200000, 0x0000000088300000, 0x0000000088300000|100%| E|CS|TAMS 0x0000000088200000, 0x0000000088300000| Complete 
| 131|0x0000000088300000, 0x0000000088400000, 0x0000000088400000|100%| E|CS|TAMS 0x0000000088300000, 0x0000000088400000| Complete 
| 132|0x0000000088400000, 0x0000000088500000, 0x0000000088500000|100%| E|CS|TAMS 0x0000000088400000, 0x0000000088500000| Complete 
| 133|0x0000000088500000, 0x0000000088600000, 0x0000000088600000|100%| E|CS|TAMS 0x0000000088500000, 0x0000000088600000| Complete 
| 134|0x0000000088600000, 0x0000000088700000, 0x0000000088700000|100%| E|CS|TAMS 0x0000000088600000, 0x0000000088700000| Complete 
| 135|0x0000000088700000, 0x0000000088800000, 0x0000000088800000|100%| E|CS|TAMS 0x0000000088700000, 0x0000000088800000| Complete 
| 136|0x0000000088800000, 0x0000000088900000, 0x0000000088900000|100%| E|CS|TAMS 0x0000000088800000, 0x0000000088900000| Complete 
| 137|0x0000000088900000, 0x00000000889fffd8, 0x0000000088a00000| 99%| E|CS|TAMS 0x0000000088900000, 0x00000000889fffd8| Complete 
| 138|0x0000000088a00000, 0x0000000088b00000, 0x0000000088b00000|100%| E|CS|TAMS 0x0000000088a00000, 0x0000000088b00000| Complete 
| 139|0x0000000088b00000, 0x0000000088c00000, 0x0000000088c00000|100%| E|CS|TAMS 0x0000000088b00000, 0x0000000088c00000| Complete 
| 140|0x0000000088c00000, 0x0000000088d00000, 0x0000000088d00000|100%| E|CS|TAMS 0x0000000088c00000, 0x0000000088d00000| Complete 
| 141|0x0000000088d00000, 0x0000000088e00000, 0x0000000088e00000|100%| E|CS|TAMS 0x0000000088d00000, 0x0000000088e00000| Complete 
| 142|0x0000000088e00000, 0x0000000088f00000, 0x0000000088f00000|100%| E|CS|TAMS 0x0000000088e00000, 0x0000000088f00000| Complete 
| 143|0x0000000088f00000, 0x0000000089000000, 0x0000000089000000|100%| E|CS|TAMS 0x0000000088f00000, 0x0000000089000000| Complete 
| 144|0x0000000089000000, 0x0000000089100000, 0x0000000089100000|100%| E|CS|TAMS 0x0000000089000000, 0x0000000089100000| Complete 
| 202|0x000000008ca00000, 0x000000008cb00000, 0x000000008cb00000|100%| E|CS|TAMS 0x000000008ca00000, 0x000000008cb00000| Complete 
| 203|0x000000008cb00000, 0x000000008cc00000, 0x000000008cc00000|100%| E|CS|TAMS 0x000000008cb00000, 0x000000008cc00000| Complete 
| 204|0x000000008cc00000, 0x000000008cd00000, 0x000000008cd00000|100%| E|CS|TAMS 0x000000008cc00000, 0x000000008cd00000| Complete 
| 205|0x000000008cd00000, 0x000000008ce00000, 0x000000008ce00000|100%| E|CS|TAMS 0x000000008cd00000, 0x000000008ce00000| Complete 
| 206|0x000000008ce00000, 0x000000008cf00000, 0x000000008cf00000|100%| E|CS|TAMS 0x000000008ce00000, 0x000000008cf00000| Complete 
| 207|0x000000008cf00000, 0x000000008d000000, 0x000000008d000000|100%| E|CS|TAMS 0x000000008cf00000, 0x000000008d000000| Complete 
| 208|0x000000008d000000, 0x000000008d100000, 0x000000008d100000|100%| E|CS|TAMS 0x000000008d000000, 0x000000008d100000| Complete 
| 209|0x000000008d100000, 0x000000008d200000, 0x000000008d200000|100%| E|CS|TAMS 0x000000008d100000, 0x000000008d200000| Complete 
| 250|0x000000008fa00000, 0x000000008fb00000, 0x000000008fb00000|100%| E|CS|TAMS 0x000000008fa00000, 0x000000008fb00000| Complete 
| 251|0x000000008fb00000, 0x000000008fc00000, 0x000000008fc00000|100%| E|CS|TAMS 0x000000008fb00000, 0x000000008fc00000| Complete 

Card table byte_map: [0x0000018199a80000,0x0000018199e80000] _byte_map_base: 0x0000018199680000

Marking Bits (Prev, Next): (CMBitMap*) 0x0000018186f45440, (CMBitMap*) 0x0000018186f45480
 Prev Bits: [0x000001819a280000, 0x000001819c280000)
 Next Bits: [0x000001819c280000, 0x000001819e280000)

Polling page: 0x0000018185f80000

Metaspace:

Usage:
  Non-class:     72.92 MB used.
      Class:     11.30 MB used.
       Both:     84.23 MB used.

Virtual space:
  Non-class space:       80.00 MB reserved,      73.25 MB ( 92%) committed,  10 nodes.
      Class space:        1.00 GB reserved,      11.62 MB (  1%) committed,  1 nodes.
             Both:        1.08 GB reserved,      84.88 MB (  8%) committed. 

Chunk freelists:
   Non-Class:  2.59 MB
       Class:  207.00 KB
        Both:  2.79 MB

MaxMetaspaceSize: unlimited
CompressedClassSpaceSize: 1.00 GB
Initial GC threshold: 21.00 MB
Current GC threshold: 138.06 MB
CDS: off
MetaspaceReclaimPolicy: balanced
 - commit_granule_bytes: 65536.
 - commit_granule_words: 8192.
 - virtual_space_node_default_size: 1048576.
 - enlarge_chunks_in_place: 1.
 - new_chunks_are_fully_committed: 0.
 - uncommit_free_chunks: 1.
 - use_allocation_guard: 0.
 - handle_deallocations: 1.


Internal statistics:

num_allocs_failed_limit: 12.
num_arena_births: 780.
num_arena_deaths: 0.
num_vsnodes_births: 11.
num_vsnodes_deaths: 0.
num_space_committed: 1358.
num_space_uncommitted: 0.
num_chunks_returned_to_freelist: 12.
num_chunks_taken_from_freelist: 3860.
num_chunk_merges: 6.
num_chunk_splits: 2535.
num_chunks_enlarged: 1699.
num_purges: 0.
num_inconsistent_stats: 0.

CodeHeap 'non-profiled nmethods': size=120000Kb used=5128Kb max_used=5636Kb free=114871Kb
 bounds [0x0000018191e20000, 0x00000181923b0000, 0x0000018199350000]
CodeHeap 'profiled nmethods': size=120000Kb used=16337Kb max_used=18623Kb free=103662Kb
 bounds [0x000001818a350000, 0x000001818b580000, 0x0000018191880000]
CodeHeap 'non-nmethods': size=5760Kb used=2366Kb max_used=2496Kb free=3393Kb
 bounds [0x0000018191880000, 0x0000018191b00000, 0x0000018191e20000]
 total_blobs=9635 nmethods=8738 adapters=809
 compilation: enabled
              stopped_count=0, restarted_count=0
 full_count=0

Compilation events (20 events):
Event: 14.083 Thread 0x00000181a0e0f310 10302       4       org.gradle.internal.snapshot.ChildMap$Entry::handleAncestorDescendantOrExactMatch (110 bytes)
Event: 14.084 Thread 0x00000181a0e1e130 nmethod 10296 0x000001818a5a4690 code [0x000001818a5a4820, 0x000001818a5a4938]
Event: 14.084 Thread 0x00000181a0e1e130 10297       3       org.gradle.api.internal.artifacts.ivyservice.resolveengine.artifact.EndCollection::visit (11 bytes)
Event: 14.084 Thread 0x00000181a0e1e130 nmethod 10297 0x000001818a415b90 code [0x000001818a415d40, 0x000001818a415f08]
Event: 14.084 Thread 0x00000181a0e1e130 10300       3       org.gradle.execution.plan.ValuedVfsHierarchy$2::handleAsDescendantOfChild (10 bytes)
Event: 14.086 Thread 0x00000181a0e1e130 nmethod 10300 0x000001818a4d0d90 code [0x000001818a4d0f40, 0x000001818a4d11e8]
Event: 14.086 Thread 0x00000181a0e1e130 10301       3       org.gradle.execution.plan.ValuedVfsHierarchy$2::handleAsDescendantOfChild (10 bytes)
Event: 14.086 Thread 0x00000181a0e1e130 nmethod 10301 0x000001818a50cf90 code [0x000001818a50d140, 0x000001818a50d288]
Event: 14.086 Thread 0x00000181a0e1e130 10299       3       org.gradle.internal.snapshot.EmptyChildMap::getInstance (4 bytes)
Event: 14.086 Thread 0x00000181a0e1e130 nmethod 10299 0x000001818a3e9c90 code [0x000001818a3e9e20, 0x000001818a3e9f18]
Event: 14.099 Thread 0x00000181a0e1e130 10305       3       org.gradle.internal.file.DefaultFileHierarchySet$Node::plus (337 bytes)
Event: 14.103 Thread 0x00000181a0e1e130 nmethod 10305 0x000001818a76c110 code [0x000001818a76c740, 0x000001818a7703f8]
Event: 14.104 Thread 0x00000181a0e1e130 10306       3       org.gradle.api.internal.file.AbstractFileCollection::iterator (10 bytes)
Event: 14.104 Thread 0x00000181a0e1e130 nmethod 10306 0x000001818a4d2510 code [0x000001818a4d26c0, 0x000001818a4d2938]
Event: 14.117 Thread 0x00000181a0e1e130 10307       3       com.google.gson.internal.bind.TypeAdapters$32::create (20 bytes)
Event: 14.117 Thread 0x00000181a0e1e130 nmethod 10307 0x000001818a52c190 code [0x000001818a52c340, 0x000001818a52c4f8]
Event: 14.121 Thread 0x00000181a0e1e130 10308       3       org.gradle.api.internal.file.collections.DefaultConfigurableFileCollection::visitChildren (137 bytes)
Event: 14.122 Thread 0x00000181a0e1e130 nmethod 10308 0x000001818a42ee90 code [0x000001818a42f120, 0x000001818a42f998]
Event: 14.128 Thread 0x00000181a0e1e130 10309       3       org.gradle.api.internal.artifacts.transform.TransformingAsyncArtifactListener$TransformedArtifact::lambda$visit$1 (65 bytes)
Event: 14.129 Thread 0x00000181a0e1e130 nmethod 10309 0x000001818ae2f210 code [0x000001818ae2f420, 0x000001818ae2fb58]

GC Heap History (20 events):
Event: 9.202 GC heap before
{Heap before GC invocations=18 (full 0):
 garbage-first heap   total 111616K, used 87981K [0x0000000080000000, 0x0000000100000000)
  region size 1024K, 40 young (40960K), 5 survivors (5120K)
 Metaspace       used 66524K, committed 67008K, reserved 1114112K
  class space    used 8621K, committed 8832K, reserved 1048576K
}
Event: 9.208 GC heap after
{Heap after GC invocations=19 (full 0):
 garbage-first heap   total 111616K, used 54104K [0x0000000080000000, 0x0000000100000000)
  region size 1024K, 3 young (3072K), 3 survivors (3072K)
 Metaspace       used 66524K, committed 67008K, reserved 1114112K
  class space    used 8621K, committed 8832K, reserved 1048576K
}
Event: 9.628 GC heap before
{Heap before GC invocations=19 (full 0):
 garbage-first heap   total 111616K, used 88920K [0x0000000080000000, 0x0000000100000000)
  region size 1024K, 37 young (37888K), 3 survivors (3072K)
 Metaspace       used 69316K, committed 69824K, reserved 1114112K
  class space    used 9055K, committed 9280K, reserved 1048576K
}
Event: 9.633 GC heap after
{Heap after GC invocations=20 (full 0):
 garbage-first heap   total 111616K, used 57061K [0x0000000080000000, 0x0000000100000000)
  region size 1024K, 3 young (3072K), 3 survivors (3072K)
 Metaspace       used 69316K, committed 69824K, reserved 1114112K
  class space    used 9055K, committed 9280K, reserved 1048576K
}
Event: 10.129 GC heap before
{Heap before GC invocations=21 (full 0):
 garbage-first heap   total 111616K, used 89829K [0x0000000080000000, 0x0000000100000000)
  region size 1024K, 35 young (35840K), 3 survivors (3072K)
 Metaspace       used 73218K, committed 73792K, reserved 1114112K
  class space    used 9735K, committed 9984K, reserved 1048576K
}
Event: 10.135 GC heap after
{Heap after GC invocations=22 (full 0):
 garbage-first heap   total 111616K, used 59431K [0x0000000080000000, 0x0000000100000000)
  region size 1024K, 3 young (3072K), 3 survivors (3072K)
 Metaspace       used 73218K, committed 73792K, reserved 1114112K
  class space    used 9735K, committed 9984K, reserved 1048576K
}
Event: 10.767 GC heap before
{Heap before GC invocations=22 (full 0):
 garbage-first heap   total 111616K, used 90151K [0x0000000080000000, 0x0000000100000000)
  region size 1024K, 33 young (33792K), 3 survivors (3072K)
 Metaspace       used 76664K, committed 77120K, reserved 1122304K
  class space    used 10283K, committed 10496K, reserved 1048576K
}
Event: 10.773 GC heap after
{Heap after GC invocations=23 (full 0):
 garbage-first heap   total 111616K, used 61237K [0x0000000080000000, 0x0000000100000000)
  region size 1024K, 5 young (5120K), 5 survivors (5120K)
 Metaspace       used 76664K, committed 77120K, reserved 1122304K
  class space    used 10283K, committed 10496K, reserved 1048576K
}
Event: 11.320 GC heap before
{Heap before GC invocations=24 (full 0):
 garbage-first heap   total 111616K, used 90933K [0x0000000080000000, 0x0000000100000000)
  region size 1024K, 34 young (34816K), 5 survivors (5120K)
 Metaspace       used 80046K, committed 80576K, reserved 1122304K
  class space    used 10696K, committed 10944K, reserved 1048576K
}
Event: 11.327 GC heap after
{Heap after GC invocations=25 (full 0):
 garbage-first heap   total 111616K, used 63981K [0x0000000080000000, 0x0000000100000000)
  region size 1024K, 5 young (5120K), 5 survivors (5120K)
 Metaspace       used 80046K, committed 80576K, reserved 1122304K
  class space    used 10696K, committed 10944K, reserved 1048576K
}
Event: 11.583 GC heap before
{Heap before GC invocations=25 (full 0):
 garbage-first heap   total 111616K, used 92653K [0x0000000080000000, 0x0000000100000000)
  region size 1024K, 33 young (33792K), 5 survivors (5120K)
 Metaspace       used 80397K, committed 80960K, reserved 1122304K
  class space    used 10749K, committed 11008K, reserved 1048576K
}
Event: 11.591 GC heap after
{Heap after GC invocations=26 (full 0):
 garbage-first heap   total 111616K, used 68531K [0x0000000080000000, 0x0000000100000000)
  region size 1024K, 5 young (5120K), 5 survivors (5120K)
 Metaspace       used 80397K, committed 80960K, reserved 1122304K
  class space    used 10749K, committed 11008K, reserved 1048576K
}
Event: 11.905 GC heap before
{Heap before GC invocations=27 (full 0):
 garbage-first heap   total 132096K, used 91059K [0x0000000080000000, 0x0000000100000000)
  region size 1024K, 27 young (27648K), 5 survivors (5120K)
 Metaspace       used 81922K, committed 82496K, reserved 1122304K
  class space    used 10871K, committed 11136K, reserved 1048576K
}
Event: 11.915 GC heap after
{Heap after GC invocations=28 (full 0):
 garbage-first heap   total 132096K, used 73454K [0x0000000080000000, 0x0000000100000000)
  region size 1024K, 4 young (4096K), 4 survivors (4096K)
 Metaspace       used 81922K, committed 82496K, reserved 1122304K
  class space    used 10871K, committed 11136K, reserved 1048576K
}
Event: 12.700 GC heap before
{Heap before GC invocations=28 (full 0):
 garbage-first heap   total 132096K, used 104174K [0x0000000080000000, 0x0000000100000000)
  region size 1024K, 35 young (35840K), 4 survivors (4096K)
 Metaspace       used 84200K, committed 84736K, reserved 1122304K
  class space    used 11320K, committed 11584K, reserved 1048576K
}
Event: 12.709 GC heap after
{Heap after GC invocations=29 (full 0):
 garbage-first heap   total 158720K, used 77092K [0x0000000080000000, 0x0000000100000000)
  region size 1024K, 3 young (3072K), 3 survivors (3072K)
 Metaspace       used 84200K, committed 84736K, reserved 1122304K
  class space    used 11320K, committed 11584K, reserved 1048576K
}
Event: 13.601 GC heap before
{Heap before GC invocations=30 (full 0):
 garbage-first heap   total 158720K, used 124196K [0x0000000080000000, 0x0000000100000000)
  region size 1024K, 50 young (51200K), 3 survivors (3072K)
 Metaspace       used 84816K, committed 85376K, reserved 1130496K
  class space    used 11374K, committed 11648K, reserved 1048576K
}
Event: 13.608 GC heap after
{Heap after GC invocations=31 (full 0):
 garbage-first heap   total 158720K, used 80777K [0x0000000080000000, 0x0000000100000000)
  region size 1024K, 7 young (7168K), 7 survivors (7168K)
 Metaspace       used 84816K, committed 85376K, reserved 1130496K
  class space    used 11374K, committed 11648K, reserved 1048576K
}
Event: 13.611 GC heap before
{Heap before GC invocations=31 (full 0):
 garbage-first heap   total 158720K, used 81801K [0x0000000080000000, 0x0000000100000000)
  region size 1024K, 8 young (8192K), 7 survivors (7168K)
 Metaspace       used 84822K, committed 85376K, reserved 1130496K
  class space    used 11374K, committed 11648K, reserved 1048576K
}
Event: 13.618 GC heap after
{Heap after GC invocations=32 (full 0):
 garbage-first heap   total 158720K, used 80882K [0x0000000080000000, 0x0000000100000000)
  region size 1024K, 1 young (1024K), 1 survivors (1024K)
 Metaspace       used 84822K, committed 85376K, reserved 1130496K
  class space    used 11374K, committed 11648K, reserved 1048576K
}

Dll operation events (2 events):
Event: 0.023 Loaded shared library C:\Program Files\Android\Android Studio\jbr\bin\java.dll
Event: 0.622 Loaded shared library C:\Program Files\Android\Android Studio\jbr\bin\verify.dll

Deoptimization events (20 events):
Event: 14.079 Thread 0x00000181a7124f40 Uncommon trap: trap_request=0xffffff76 fr.pc=0x000001819238406c relative=0x0000000000000aec
Event: 14.079 Thread 0x00000181a7124f40 Uncommon trap: reason=predicate action=maybe_recompile pc=0x000001819238406c method=com.google.common.collect.RegularImmutableMap.fromEntryArray(I[Ljava/util/Map$Entry;)Lcom/google/common/collect/ImmutableMap; @ 59 c2
Event: 14.079 Thread 0x00000181a7124f40 DEOPT PACKING pc=0x000001819238406c sp=0x00000010494fca20
Event: 14.079 Thread 0x00000181a7124f40 DEOPT UNPACKING pc=0x00000181918d69a3 sp=0x00000010494fc9b8 mode 2
Event: 14.089 Thread 0x00000181a7124f40 Uncommon trap: trap_request=0xffffffc6 fr.pc=0x0000018192262c58 relative=0x0000000000000958
Event: 14.089 Thread 0x00000181a7124f40 Uncommon trap: reason=bimorphic_or_optimized_type_check action=maybe_recompile pc=0x0000018192262c58 method=com.google.common.collect.AbstractMapBasedMultimap$WrappedCollection.refreshIfEmpty()V @ 59 c2
Event: 14.089 Thread 0x00000181a7124f40 DEOPT PACKING pc=0x0000018192262c58 sp=0x00000010494fc6d0
Event: 14.089 Thread 0x00000181a7124f40 DEOPT UNPACKING pc=0x00000181918d69a3 sp=0x00000010494fc688 mode 2
Event: 14.119 Thread 0x00000181a7124f40 Uncommon trap: trap_request=0xffffffc6 fr.pc=0x0000018192262c58 relative=0x0000000000000958
Event: 14.119 Thread 0x00000181a7124f40 Uncommon trap: reason=bimorphic_or_optimized_type_check action=maybe_recompile pc=0x0000018192262c58 method=com.google.common.collect.AbstractMapBasedMultimap$WrappedCollection.refreshIfEmpty()V @ 59 c2
Event: 14.119 Thread 0x00000181a7124f40 DEOPT PACKING pc=0x0000018192262c58 sp=0x00000010494fb7b0
Event: 14.119 Thread 0x00000181a7124f40 DEOPT UNPACKING pc=0x00000181918d69a3 sp=0x00000010494fb768 mode 2
Event: 14.119 Thread 0x00000181a7124f40 Uncommon trap: trap_request=0xffffffc6 fr.pc=0x0000018192262c58 relative=0x0000000000000958
Event: 14.119 Thread 0x00000181a7124f40 Uncommon trap: reason=bimorphic_or_optimized_type_check action=maybe_recompile pc=0x0000018192262c58 method=com.google.common.collect.AbstractMapBasedMultimap$WrappedCollection.refreshIfEmpty()V @ 59 c2
Event: 14.119 Thread 0x00000181a7124f40 DEOPT PACKING pc=0x0000018192262c58 sp=0x00000010494fb770
Event: 14.119 Thread 0x00000181a7124f40 DEOPT UNPACKING pc=0x00000181918d69a3 sp=0x00000010494fb728 mode 2
Event: 14.119 Thread 0x00000181a7124f40 Uncommon trap: trap_request=0xffffffc6 fr.pc=0x0000018192262c58 relative=0x0000000000000958
Event: 14.119 Thread 0x00000181a7124f40 Uncommon trap: reason=bimorphic_or_optimized_type_check action=maybe_recompile pc=0x0000018192262c58 method=com.google.common.collect.AbstractMapBasedMultimap$WrappedCollection.refreshIfEmpty()V @ 59 c2
Event: 14.119 Thread 0x00000181a7124f40 DEOPT PACKING pc=0x0000018192262c58 sp=0x00000010494fb7a0
Event: 14.119 Thread 0x00000181a7124f40 DEOPT UNPACKING pc=0x00000181918d69a3 sp=0x00000010494fb758 mode 2

Classes unloaded (0 events):
No events

Classes redefined (0 events):
No events

Internal exceptions (20 events):
Event: 12.491 Thread 0x00000181a7124f40 Exception <a 'java/lang/NoSuchMethodError'{0x000000008720e0a8}: 'void java.lang.invoke.DirectMethodHandle$Holder.invokeStatic(java.lang.Object, java.lang.Object, java.lang.Object, java.lang.Object, int, java.lang.Object, java.lang.Object)'> (0x000000008720e0a8) 
thrown [s\src\hotspot\share\interpreter\linkResolver.cpp, line 771]
Event: 12.530 Thread 0x00000181a49e0080 Exception <a 'java/lang/NoSuchMethodError'{0x0000000086e2a1f8}: 'java.lang.Object java.lang.invoke.DirectMethodHandle$Holder.invokeSpecialIFC(java.lang.Object, java.lang.Object, java.lang.Object)'> (0x0000000086e2a1f8) 
thrown [s\src\hotspot\share\interpreter\linkResolver.cpp, line 771]
Event: 12.530 Thread 0x00000181a49de870 Exception <a 'java/lang/NoSuchMethodError'{0x0000000086e13130}: 'java.lang.Object java.lang.invoke.DirectMethodHandle$Holder.invokeSpecialIFC(java.lang.Object, java.lang.Object, java.lang.Object)'> (0x0000000086e13130) 
thrown [s\src\hotspot\share\interpreter\linkResolver.cpp, line 771]
Event: 12.530 Thread 0x00000181a7121580 Exception <a 'java/lang/NoSuchMethodError'{0x0000000086e2f220}: 'java.lang.Object java.lang.invoke.DirectMethodHandle$Holder.invokeSpecialIFC(java.lang.Object, java.lang.Object, java.lang.Object)'> (0x0000000086e2f220) 
thrown [s\src\hotspot\share\interpreter\linkResolver.cpp, line 771]
Event: 12.530 Thread 0x00000181a49e3a40 Exception <a 'java/lang/NoSuchMethodError'{0x0000000086e22458}: 'java.lang.Object java.lang.invoke.DirectMethodHandle$Holder.invokeSpecialIFC(java.lang.Object, java.lang.Object, java.lang.Object)'> (0x0000000086e22458) 
thrown [s\src\hotspot\share\interpreter\linkResolver.cpp, line 771]
Event: 12.530 Thread 0x00000181a49df6e0 Exception <a 'java/lang/NoSuchMethodError'{0x0000000086e33ac0}: 'java.lang.Object java.lang.invoke.DirectMethodHandle$Holder.invokeSpecialIFC(java.lang.Object, java.lang.Object, java.lang.Object)'> (0x0000000086e33ac0) 
thrown [s\src\hotspot\share\interpreter\linkResolver.cpp, line 771]
Event: 12.530 Thread 0x00000181a7124f40 Exception <a 'java/lang/NoSuchMethodError'{0x0000000086fcd040}: 'java.lang.Object java.lang.invoke.DirectMethodHandle$Holder.invokeSpecialIFC(java.lang.Object, java.lang.Object, java.lang.Object)'> (0x0000000086fcd040) 
thrown [s\src\hotspot\share\interpreter\linkResolver.cpp, line 771]
Event: 12.530 Thread 0x00000181a4ac6020 Exception <a 'java/lang/NoSuchMethodError'{0x0000000086e08308}: 'java.lang.Object java.lang.invoke.DirectMethodHandle$Holder.invokeSpecialIFC(java.lang.Object, java.lang.Object, java.lang.Object)'> (0x0000000086e08308) 
thrown [s\src\hotspot\share\interpreter\linkResolver.cpp, line 771]
Event: 12.531 Thread 0x00000181a280ae80 Exception <a 'java/lang/NoSuchMethodError'{0x0000000086e179f8}: 'java.lang.Object java.lang.invoke.DirectMethodHandle$Holder.invokeSpecialIFC(java.lang.Object, java.lang.Object, java.lang.Object)'> (0x0000000086e179f8) 
thrown [s\src\hotspot\share\interpreter\linkResolver.cpp, line 771]
Event: 12.984 Thread 0x00000181a4055530 Exception <a 'java/lang/NoSuchMethodError'{0x000000008ccec230}: 'void java.lang.invoke.DirectMethodHandle$Holder.invokeVirtual(java.lang.Object, java.lang.Object)'> (0x000000008ccec230) 
thrown [s\src\hotspot\share\interpreter\linkResolver.cpp, line 771]
Event: 12.984 Thread 0x00000181a49e13c0 Exception <a 'java/lang/NoSuchMethodError'{0x000000008cce5030}: 'void java.lang.invoke.DirectMethodHandle$Holder.invokeVirtual(java.lang.Object, java.lang.Object)'> (0x000000008cce5030) 
thrown [s\src\hotspot\share\interpreter\linkResolver.cpp, line 771]
Event: 13.561 Thread 0x00000181a7124f40 Exception <a 'java/lang/NoSuchMethodError'{0x0000000086e77c30}: static Lcom/android/build/gradle/internal/scope/InternalArtifactType;.<clinit>()V> (0x0000000086e77c30) 
thrown [s\src\hotspot\share\prims\jni.cpp, line 1108]
Event: 13.561 Thread 0x00000181a7124f40 Exception <a 'java/lang/NoSuchMethodError'{0x0000000086e791d8}: static Lcom/android/build/gradle/internal/scope/InternalArtifactType;.<clinit>()V> (0x0000000086e791d8) 
thrown [s\src\hotspot\share\prims\jni.cpp, line 1108]
Event: 13.561 Thread 0x00000181a7124f40 Exception <a 'java/lang/NoSuchMethodError'{0x0000000086e7b308}: static Lcom/android/build/api/artifact/Artifact$Single;.<clinit>()V> (0x0000000086e7b308) 
thrown [s\src\hotspot\share\prims\jni.cpp, line 1108]
Event: 13.561 Thread 0x00000181a7124f40 Exception <a 'java/lang/NoSuchMethodError'{0x0000000086e7db20}: static Ljava/lang/Object;.<clinit>()V> (0x0000000086e7db20) 
thrown [s\src\hotspot\share\prims\jni.cpp, line 1108]
Event: 13.563 Thread 0x00000181a7124f40 Exception <a 'java/lang/NoSuchMethodError'{0x0000000086e96a48}: static Lcom/android/build/api/artifact/ArtifactKind;.<clinit>()V> (0x0000000086e96a48) 
thrown [s\src\hotspot\share\prims\jni.cpp, line 1108]
Event: 13.563 Thread 0x00000181a7124f40 Exception <a 'java/lang/NoSuchMethodError'{0x0000000086e97eb0}: static Lcom/android/build/api/artifact/ArtifactKind;.<clinit>()V> (0x0000000086e97eb0) 
thrown [s\src\hotspot\share\prims\jni.cpp, line 1108]
Event: 14.033 Thread 0x00000181a4058080 Implicit null exception at 0x000001819239bc13 to 0x000001819239c3cc
Event: 14.040 Thread 0x00000181a7121580 Implicit null exception at 0x000001819239d6b6 to 0x000001819239d9d4
Event: 14.061 Thread 0x00000181a7124f40 Exception <a 'java/lang/NoSuchMethodError'{0x0000000087d7fdd8}: 'int java.lang.invoke.DirectMethodHandle$Holder.invokeSpecial(java.lang.Object, java.lang.Object, java.lang.Object, java.lang.Object, java.lang.Object)'> (0x0000000087d7fdd8) 
thrown [s\src\hotspot\share\interpreter\linkResolver.cpp, line 771]

VM Operations (20 events):
Event: 13.888 Executing VM operation: ICBufferFull
Event: 13.888 Executing VM operation: ICBufferFull done
Event: 14.047 Executing VM operation: HandshakeAllThreads
Event: 14.047 Executing VM operation: HandshakeAllThreads done
Event: 14.047 Executing VM operation: HandshakeAllThreads
Event: 14.047 Executing VM operation: HandshakeAllThreads done
Event: 14.058 Executing VM operation: HandshakeAllThreads
Event: 14.058 Executing VM operation: HandshakeAllThreads done
Event: 14.059 Executing VM operation: HandshakeAllThreads
Event: 14.060 Executing VM operation: HandshakeAllThreads done
Event: 14.064 Executing VM operation: ICBufferFull
Event: 14.064 Executing VM operation: ICBufferFull done
Event: 14.072 Executing VM operation: HandshakeAllThreads
Event: 14.073 Executing VM operation: HandshakeAllThreads done
Event: 14.085 Executing VM operation: HandshakeAllThreads
Event: 14.086 Executing VM operation: HandshakeAllThreads done
Event: 14.088 Executing VM operation: HandshakeAllThreads
Event: 14.088 Executing VM operation: HandshakeAllThreads done
Event: 14.119 Executing VM operation: HandshakeAllThreads
Event: 14.119 Executing VM operation: HandshakeAllThreads done

Events (20 events):
Event: 14.136 Thread 0x00000181a0e22a50 flushing nmethod 0x000001818b33b390
Event: 14.136 Thread 0x00000181a0e22a50 flushing nmethod 0x000001818b341990
Event: 14.136 Thread 0x00000181a0e22a50 flushing nmethod 0x000001818b342b90
Event: 14.136 Thread 0x00000181a0e22a50 flushing nmethod 0x000001818b345c90
Event: 14.136 Thread 0x00000181a0e22a50 flushing nmethod 0x000001818b346810
Event: 14.136 Thread 0x00000181a0e22a50 flushing nmethod 0x000001818b347210
Event: 14.136 Thread 0x00000181a0e22a50 flushing nmethod 0x000001818b347a10
Event: 14.136 Thread 0x00000181a0e22a50 flushing nmethod 0x000001818b351210
Event: 14.136 Thread 0x00000181a0e22a50 flushing nmethod 0x000001818b356010
Event: 14.136 Thread 0x00000181a0e22a50 flushing nmethod 0x000001818b35d390
Event: 14.136 Thread 0x00000181a0e22a50 flushing nmethod 0x000001818b393110
Event: 14.136 Thread 0x00000181a0e22a50 flushing nmethod 0x000001818b3ae590
Event: 14.136 Thread 0x00000181a0e22a50 flushing nmethod 0x000001818b3b9c10
Event: 14.136 Thread 0x00000181a0e22a50 flushing nmethod 0x000001818b3bd790
Event: 14.136 Thread 0x00000181a0e22a50 flushing nmethod 0x000001818b3d1c10
Event: 14.137 Thread 0x00000181a0e22a50 flushing nmethod 0x000001818b3ea010
Event: 14.137 Thread 0x00000181a0e22a50 flushing nmethod 0x000001818b3f0210
Event: 14.137 Thread 0x00000181a0e22a50 flushing nmethod 0x000001818b42ce10
Event: 14.137 Thread 0x00000181a0e22a50 flushing nmethod 0x000001818b436610
Event: 14.137 Thread 0x00000181a0e22a50 flushing nmethod 0x000001818b49fa10


Dynamic libraries:
0x00007ff6b36b0000 - 0x00007ff6b36ba000 	C:\Program Files\Android\Android Studio\jbr\bin\java.exe
0x00007ff9adf90000 - 0x00007ff9ae188000 	C:\Windows\SYSTEM32\ntdll.dll
0x00007ff9ad6e0000 - 0x00007ff9ad79f000 	C:\Windows\System32\KERNEL32.DLL
0x00007ff9ab670000 - 0x00007ff9ab966000 	C:\Windows\System32\KERNELBASE.dll
0x00007ff9abb00000 - 0x00007ff9abc00000 	C:\Windows\System32\ucrtbase.dll
0x00007ff99a190000 - 0x00007ff99a1ab000 	C:\Program Files\Android\Android Studio\jbr\bin\VCRUNTIME140.dll
0x00007ff99a360000 - 0x00007ff99a377000 	C:\Program Files\Android\Android Studio\jbr\bin\jli.dll
0x00007ff9adc80000 - 0x00007ff9ade1d000 	C:\Windows\System32\USER32.dll
0x00007ff9abad0000 - 0x00007ff9abaf2000 	C:\Windows\System32\win32u.dll
0x00007ff9ac0b0000 - 0x00007ff9ac0dc000 	C:\Windows\System32\GDI32.dll
0x00007ff9abd80000 - 0x00007ff9abe95000 	C:\Windows\System32\gdi32full.dll
0x00007ff993060000 - 0x00007ff9932fa000 	C:\Windows\WinSxS\amd64_microsoft.windows.common-controls_6595b64144ccf1df_6.0.19041.1110_none_60b5254171f9507e\COMCTL32.dll
0x00007ff9abea0000 - 0x00007ff9abf3d000 	C:\Windows\System32\msvcp_win.dll
0x00007ff9ad7a0000 - 0x00007ff9ad83e000 	C:\Windows\System32\msvcrt.dll
0x00007ff9acdd0000 - 0x00007ff9ace00000 	C:\Windows\System32\IMM32.DLL
0x00007ff99cee0000 - 0x00007ff99d04b000 	C:\Windows\system32\tmumh\20019\AddOn\8.55.0.1129\TmUmEvt64.dll
0x00007ff9abff0000 - 0x00007ff9abff8000 	C:\Windows\System32\PSAPI.DLL
0x00007ff9adbd0000 - 0x00007ff9adc7f000 	C:\Windows\System32\ADVAPI32.dll
0x00007ff9ad640000 - 0x00007ff9ad6dc000 	C:\Windows\System32\sechost.dll
0x00007ff9ac340000 - 0x00007ff9ac466000 	C:\Windows\System32\RPCRT4.dll
0x0000000061240000 - 0x00000000613b3000 	C:\Windows\system32\tmumh\20019\TmMon\2.9.0.1048\tmmon64.dll
0x00007ff986fe0000 - 0x00007ff987311000 	C:\Windows\System32\TmLWE\TmUmSnsr64\1.0.0.1119\TmUmSnsr64.dll
0x00007ff9a91b0000 - 0x00007ff9a91c2000 	C:\Windows\SYSTEM32\kernel.appcore.dll
0x00007ff99acd0000 - 0x00007ff99acdc000 	C:\Program Files\Android\Android Studio\jbr\bin\vcruntime140_1.dll
0x00007ff975240000 - 0x00007ff9752cd000 	C:\Program Files\Android\Android Studio\jbr\bin\msvcp140.dll
0x00007ff971cf0000 - 0x00007ff97295e000 	C:\Program Files\Android\Android Studio\jbr\bin\server\jvm.dll
0x00007ff990380000 - 0x00007ff990389000 	C:\Windows\SYSTEM32\WSOCK32.dll
0x00007ff9ac0e0000 - 0x00007ff9ac14b000 	C:\Windows\System32\WS2_32.dll
0x00007ff98e7b0000 - 0x00007ff98e7d7000 	C:\Windows\SYSTEM32\WINMM.dll
0x00007ff9a3500000 - 0x00007ff9a350a000 	C:\Windows\SYSTEM32\VERSION.dll
0x00007ff9a3f30000 - 0x00007ff9a3f3a000 	C:\Program Files\Android\Android Studio\jbr\bin\jimage.dll
0x00007ff9a6fb0000 - 0x00007ff9a7194000 	C:\Windows\SYSTEM32\DBGHELP.DLL
0x00007ff98ef20000 - 0x00007ff98ef54000 	C:\Windows\SYSTEM32\dbgcore.DLL
0x00007ff9abc50000 - 0x00007ff9abcd2000 	C:\Windows\System32\bcryptPrimitives.dll
0x00007ff99ba40000 - 0x00007ff99ba65000 	C:\Program Files\Android\Android Studio\jbr\bin\java.dll
0x00007ff99b830000 - 0x00007ff99b848000 	C:\Program Files\Android\Android Studio\jbr\bin\zip.dll
0x00007ff9ac470000 - 0x00007ff9acbb4000 	C:\Windows\System32\SHELL32.dll
0x00007ff9a93d0000 - 0x00007ff9a9b63000 	C:\Windows\SYSTEM32\windows.storage.dll
0x00007ff9ace70000 - 0x00007ff9ad1c4000 	C:\Windows\System32\combase.dll
0x00007ff9aafe0000 - 0x00007ff9ab00e000 	C:\Windows\SYSTEM32\Wldp.dll
0x00007ff9ac000000 - 0x00007ff9ac0ad000 	C:\Windows\System32\SHCORE.dll
0x00007ff9ad960000 - 0x00007ff9ad9b5000 	C:\Windows\System32\shlwapi.dll
0x00007ff9ab5b0000 - 0x00007ff9ab5cf000 	C:\Windows\SYSTEM32\profapi.dll
0x00007ff99b7f0000 - 0x00007ff99b809000 	C:\Program Files\Android\Android Studio\jbr\bin\net.dll
0x00007ff9aa610000 - 0x00007ff9aa71a000 	C:\Windows\SYSTEM32\WINHTTP.dll
0x00007ff9aadc0000 - 0x00007ff9aae2a000 	C:\Windows\system32\mswsock.dll
0x00007ff99b690000 - 0x00007ff99b6a6000 	C:\Program Files\Android\Android Studio\jbr\bin\nio.dll
0x00007ff99bff0000 - 0x00007ff99c000000 	C:\Program Files\Android\Android Studio\jbr\bin\verify.dll
0x00007ff9a4000000 - 0x00007ff9a4027000 	C:\Users\marco.payan\.gradle\native\e1d6ef7f7dcc3fd88c89a11ec53ec762bb8ba0a96d01ffa2cd45eb1d1d8dd5c5\windows-amd64\native-platform.dll
0x00007ff972d10000 - 0x00007ff972e54000 	C:\Users\marco.payan\.gradle\native\5664cfc778a61ccfe75a443a1ab52a65af34e5dc3c78e0209fed803814484fcb\windows-amd64\native-platform-file-events.dll
0x00007ff99bee0000 - 0x00007ff99bee9000 	C:\Program Files\Android\Android Studio\jbr\bin\management.dll
0x00007ff99bcf0000 - 0x00007ff99bcfb000 	C:\Program Files\Android\Android Studio\jbr\bin\management_ext.dll
0x00007ff9ab020000 - 0x00007ff9ab038000 	C:\Windows\SYSTEM32\CRYPTSP.dll
0x00007ff9aa580000 - 0x00007ff9aa5b4000 	C:\Windows\system32\rsaenh.dll
0x00007ff9abd50000 - 0x00007ff9abd77000 	C:\Windows\System32\bcrypt.dll
0x00007ff9ab570000 - 0x00007ff9ab59e000 	C:\Windows\SYSTEM32\USERENV.dll
0x00007ff9aaf50000 - 0x00007ff9aaf5c000 	C:\Windows\SYSTEM32\CRYPTBASE.dll
0x00007ff9aaa80000 - 0x00007ff9aaabc000 	C:\Windows\SYSTEM32\IPHLPAPI.DLL
0x00007ff9ace60000 - 0x00007ff9ace68000 	C:\Windows\System32\NSI.dll
0x00007ff9a3850000 - 0x00007ff9a3867000 	C:\Windows\SYSTEM32\dhcpcsvc6.DLL
0x00007ff9a3830000 - 0x00007ff9a384d000 	C:\Windows\SYSTEM32\dhcpcsvc.DLL
0x00007ff9aaac0000 - 0x00007ff9aab8a000 	C:\Windows\SYSTEM32\DNSAPI.dll
0x00007ff9a40b0000 - 0x00007ff9a40b7000 	C:\Windows\system32\wshunix.dll

dbghelp: loaded successfully - version: 4.0.5 - missing functions: none
symbol engine: initialized successfully - sym options: 0x614 - pdb path: .;C:\Program Files\Android\Android Studio\jbr\bin;C:\Windows\SYSTEM32;C:\Windows\WinSxS\amd64_microsoft.windows.common-controls_6595b64144ccf1df_6.0.19041.1110_none_60b5254171f9507e;C:\Windows\system32\tmumh\20019\AddOn\8.55.0.1129;C:\Windows\system32\tmumh\20019\TmMon\2.9.0.1048;C:\Windows\System32\TmLWE\TmUmSnsr64\1.0.0.1119;C:\Program Files\Android\Android Studio\jbr\bin\server;C:\Users\marco.payan\.gradle\native\e1d6ef7f7dcc3fd88c89a11ec53ec762bb8ba0a96d01ffa2cd45eb1d1d8dd5c5\windows-amd64;C:\Users\marco.payan\.gradle\native\5664cfc778a61ccfe75a443a1ab52a65af34e5dc3c78e0209fed803814484fcb\windows-amd64

VM Arguments:
jvm_args: --add-opens=java.base/java.util=ALL-UNNAMED --add-opens=java.base/java.lang=ALL-UNNAMED --add-opens=java.base/java.lang.invoke=ALL-UNNAMED --add-opens=java.base/java.util=ALL-UNNAMED --add-opens=java.prefs/java.util.prefs=ALL-UNNAMED --add-opens=java.prefs/java.util.prefs=ALL-UNNAMED --add-opens=java.base/java.nio.charset=ALL-UNNAMED --add-opens=java.base/java.net=ALL-UNNAMED --add-opens=java.base/java.util.concurrent.atomic=ALL-UNNAMED -Xmx2048m -Dfile.encoding=UTF-8 -Duser.country=MX -Duser.language=es -Duser.variant 
java_command: org.gradle.launcher.daemon.bootstrap.GradleDaemon 7.2
java_class_path (initial): C:\Users\marco.payan\.gradle\wrapper\dists\gradle-7.2-bin\2dnblmf4td7x66yl1d74lt32g\gradle-7.2\lib\gradle-launcher-7.2.jar
Launcher Type: SUN_STANDARD

[Global flags]
     intx CICompilerCount                          = 4                                         {product} {ergonomic}
     uint ConcGCThreads                            = 2                                         {product} {ergonomic}
     uint G1ConcRefinementThreads                  = 8                                         {product} {ergonomic}
   size_t G1HeapRegionSize                         = 1048576                                   {product} {ergonomic}
    uintx GCDrainStackTargetSize                   = 64                                        {product} {ergonomic}
   size_t InitialHeapSize                          = 264241152                                 {product} {ergonomic}
   size_t MarkStackSize                            = 4194304                                   {product} {ergonomic}
   size_t MaxHeapSize                              = 2147483648                                {product} {command line}
   size_t MaxNewSize                               = 1287651328                                {product} {ergonomic}
   size_t MinHeapDeltaBytes                        = 1048576                                   {product} {ergonomic}
   size_t MinHeapSize                              = 8388608                                   {product} {ergonomic}
    uintx NonNMethodCodeHeapSize                   = 5839372                                {pd product} {ergonomic}
    uintx NonProfiledCodeHeapSize                  = 122909434                              {pd product} {ergonomic}
    uintx ProfiledCodeHeapSize                     = 122909434                              {pd product} {ergonomic}
    uintx ReservedCodeCacheSize                    = 251658240                              {pd product} {ergonomic}
     bool SegmentedCodeCache                       = true                                      {product} {ergonomic}
   size_t SoftMaxHeapSize                          = 2147483648                             {manageable} {ergonomic}
     bool UseCompressedClassPointers               = true                           {product lp64_product} {ergonomic}
     bool UseCompressedOops                        = true                           {product lp64_product} {ergonomic}
     bool UseG1GC                                  = true                                      {product} {ergonomic}
     bool UseLargePagesIndividualAllocation        = false                                  {pd product} {ergonomic}

Logging:
Log output configuration:
 #0: stdout all=warning uptime,level,tags
 #1: stderr all=off uptime,level,tags

Environment Variables:
JAVA_HOME=C:\Program Files\Java\jdk-17.0.1
PATH=C:\Python310\Scripts\;C:\Python310\;C:\Python27\;C:\Python27\Scripts;C:\Program Files\Common Files\Oracle\Java\javapath;C:\Program Files (x86)\Common Files\Oracle\Java\javapath;C:\Users\marco.payan\AppData\Local\Programs\Python\Python39\Scripts\;C:\Users\marco.payan\AppData\Local\Programs\Python\Python39\;C:\Program Files\Microsoft MPI\Bin\;C:\sys\progs\DepDll;C:\sys\drivers;C:\Program Files (x86)\Google\Chrome\Application;C:\Windows\system32;C:\Windows;C:\Windows\System32\Wbem;C:\Windows\System32\WindowsPowerShell\v1.0\;C:\Windows\System32\OpenSSH\;C:\Program Files\Intel\WiFi\bin\;C:\Program Files\Common Files\Intel\WirelessCommon\;C:\Users\usuario\AppData\Local\Microsoft\WindowsApps;C:\Program Files (x86)\Git\cmd;C:\Program Files\TortoiseSVN\bin;C:\Program Files (x86)\Microsoft SQL Server\150\DTS\Binn\;C:\ProgramData\chocolatey\bin;C:\java\jdk-13.0.2\bin;C:\Program Files\dotnet\;C:\Program Files\Microsoft SQL Server\130\Tools\Binn\;C:\Users\marco.payan\AppData\Local\Microsoft\WindowsApps;C:\Users\marco.payan\.dotnet\tools;C:\Program Files (x86)\Microsoft SQL Server\150\Tools\Binn\;C:\Program Files\Microsoft SQL Server\150\Tools\Binn\;C:\Program Files\Microsoft SQL Server\150\DTS\Binn\;C:\Program Files\Microsoft SQL Server\Client SDK\ODBC\170\Tools\Binn\;C:\xampp\php;C:\composer;C:\Program Files (x86)\PuTTY\;C:\Program Files\Microsoft\Web Platform Installer\;C:\Program Files (x86)\Microsoft ASP.NET\ASP.NET Web Pages\v1.0\;C:\Program Files\Microsoft SQL Server\110\Tools\Binn\;C:\Program Files\SourceGear\Common\DiffMerge\;c:\Program Files (x86)\Microsoft SQL Server\90\Tools\binn\;C:\ProgramData\ComposerSetup\bin;C:\maven\bin;C:\Program Files\Java\jdk-17.0.1\bin;C:\Program Files\Amazon\AWSCLIV2\;C:\Program Files\TortoiseGit\bin;C:\Users\marco.payan\AppData\Roaming\nvm;C:\Program Files\nodejs;C:\Program Files (x86)\InvGate\Insight Agent;C:\Users\marco.payan\AppData\Local\Microsoft\WindowsApps;C:\Users\marco.payan\.dotnet\tools;C:\Users\marco.payan\AppData\Local\GitHu
USERNAME=marco.payan
OS=Windows_NT
PROCESSOR_IDENTIFIER=Intel64 Family 6 Model 142 Stepping 12, GenuineIntel
TMP=C:\Users\MARCO~1.PAY\AppData\Local\Temp
TEMP=C:\Users\MARCO~1.PAY\AppData\Local\Temp


JNI global refs:
JNI global refs: 27, weak refs: 17

JNI global refs memory usage: 843, weak refs: 841


---------------  S Y S T E M  ---------------

OS:
 Windows 10 , 64 bit Build 19041 (10.0.19041.3031)
OS uptime: 0 days 4:33 hours
Hyper-V role detected

CPU: total 8 (initial active 8) (4 cores per cpu, 2 threads per core) family 6 model 142 stepping 12 microcode 0xf0, cx8, cmov, fxsr, ht, mmx, 3dnowpref, sse, sse2, sse3, ssse3, sse4.1, sse4.2, popcnt, lzcnt, tsc, tscinvbit, avx, avx2, aes, erms, clmul, bmi1, bmi2, adx, fma, vzeroupper, clflush, clflushopt, hv

Memory: 4k page, system-wide physical 16103M (1535M free)
TotalPageFile size 16103M (AvailPageFile size 0M)
current process WorkingSet (physical memory assigned to process): 422M, peak: 422M
current process commit charge ("private bytes"): 459M, peak: 459M

vm_info: OpenJDK 64-Bit Server VM (17.0.6+0-b2043.56-10027231) for windows-amd64 JRE (17.0.6+0-b2043.56-10027231), built on Apr 28 2023 00:43:19 by "androidbuild" with MS VC++ 16.10 / 16.11 (VS2019)

END.
