#
# There is insufficient memory for the Java Runtime Environment to continue.
# Native memory allocation (malloc) failed to allocate 1889552 bytes for Chunk::new
# Possible reasons:
#   The system is out of physical RAM or swap space
#   The process is running with CompressedOops enabled, and the Java Heap may be blocking the growth of the native heap
# Possible solutions:
#   Reduce memory load on the system
#   Increase physical memory or swap space
#   Check if swap backing store is full
#   Decrease Java heap size (-Xmx/-Xms)
#   Decrease number of Java threads
#   Decrease Java thread stack sizes (-Xss)
#   Set larger code cache with -XX:ReservedCodeCacheSize=
#   JVM is running with Unscaled Compressed Oops mode in which the Java heap is
#     placed in the first 4GB address space. The Java Heap base address is the
#     maximum limit for the native heap growth. Please use -XX:HeapBaseMinAddress
#     to set the Java Heap base and to place the Java Heap above 4GB virtual address.
# This output file may be truncated or incomplete.
#
#  Out of Memory Error (arena.cpp:189), pid=23168, tid=4592
#
# JRE version: OpenJDK Runtime Environment (17.0.6) (build 17.0.6+0-b2043.56-10027231)
# Java VM: OpenJDK 64-Bit Server VM (17.0.6+0-b2043.56-10027231, mixed mode, tiered, compressed oops, compressed class ptrs, g1 gc, windows-amd64)
# No core dump will be written. Minidumps are not enabled by default on client versions of Windows
#

---------------  S U M M A R Y ------------

Command Line: --add-opens=java.base/java.util=ALL-UNNAMED --add-opens=java.base/java.lang=ALL-UNNAMED --add-opens=java.base/java.lang.invoke=ALL-UNNAMED --add-opens=java.base/java.util=ALL-UNNAMED --add-opens=java.prefs/java.util.prefs=ALL-UNNAMED --add-opens=java.prefs/java.util.prefs=ALL-UNNAMED --add-opens=java.base/java.nio.charset=ALL-UNNAMED --add-opens=java.base/java.net=ALL-UNNAMED --add-opens=java.base/java.util.concurrent.atomic=ALL-UNNAMED -Xmx2048m -Dfile.encoding=UTF-8 -Duser.country=MX -Duser.language=es -Duser.variant org.gradle.launcher.daemon.bootstrap.GradleDaemon 7.2

Host: Intel(R) Core(TM) i7-10610U CPU @ 1.80GHz, 8 cores, 15G,  Windows 10 , 64 bit Build 19041 (10.0.19041.3031)
Time: Mon Aug 14 12:52:52 2023 Hora estándar Montañas (México) elapsed time: 18.003919 seconds (0d 0h 0m 18s)

---------------  T H R E A D  ---------------

Current thread (0x00000202afd04300):  JavaThread "C2 CompilerThread1" daemon [_thread_in_native, id=4592, stack(0x0000004399b00000,0x0000004399c00000)]


Current CompileTask:
C2:  18004 7421       4       org.gradle.internal.reflect.ClassInspector::inspectClass (179 bytes)

Stack: [0x0000004399b00000,0x0000004399c00000]
Native frames: (J=compiled Java code, j=interpreted, Vv=VM code, C=native code)
V  [jvm.dll+0x683c9a]
V  [jvm.dll+0x8427a4]
V  [jvm.dll+0x843f9e]
V  [jvm.dll+0x844603]
V  [jvm.dll+0x249b75]
V  [jvm.dll+0xabcac]
V  [jvm.dll+0xac27c]
V  [jvm.dll+0x368857]
V  [jvm.dll+0x332f31]
V  [jvm.dll+0x3323da]
V  [jvm.dll+0x21c201]
V  [jvm.dll+0x21b621]
V  [jvm.dll+0x1a4fdd]
V  [jvm.dll+0x22b098]
V  [jvm.dll+0x229159]
V  [jvm.dll+0x7f81ec]
V  [jvm.dll+0x7f274a]
V  [jvm.dll+0x682ad5]
C  [ucrtbase.dll+0x21bb2]
C  [KERNEL32.DLL+0x17614]
C  [ntdll.dll+0x526f1]


---------------  P R O C E S S  ---------------

Threads class SMR info:
_java_thread_list=0x00000202b3a2ba80, length=126, elements={
0x00000202912faff0, 0x00000202ab1f99b0, 0x00000202ab1fa730, 0x00000202ab23e4c0,
0x00000202ab241250, 0x00000202ab242e80, 0x00000202ab249050, 0x00000202ab249c40,
0x00000202ab252550, 0x00000202ab258e70, 0x00000202ab3f1e70, 0x00000202ab3f2b50,
0x00000202acae6bb0, 0x00000202aef0bcb0, 0x00000202ad3699d0, 0x00000202ae6a9580,
0x00000202ae6a9a50, 0x00000202ad089c70, 0x00000202ad0892d0, 0x00000202ad08aae0,
0x00000202ad088930, 0x00000202ad0897a0, 0x00000202ad088460, 0x00000202ad08a140,
0x00000202ad08a610, 0x00000202ad08afb0, 0x00000202ad0875f0, 0x00000202ad087ac0,
0x00000202ad088e00, 0x00000202ad087f90, 0x00000202af6f7120, 0x00000202af6f3760,
0x00000202af6f2dc0, 0x00000202af6ef8d0, 0x00000202af6f1a80, 0x00000202af6f5de0,
0x00000202af6efda0, 0x00000202af6f3290, 0x00000202af6f62b0, 0x00000202af6f5440,
0x00000202af6f3c30, 0x00000202af6f45d0, 0x00000202af6f4aa0, 0x00000202af6f6c50,
0x00000202af6f0270, 0x00000202af6f4f70, 0x00000202af6f28f0, 0x00000202af6f0740,
0x00000202af6f15b0, 0x00000202af6f0c10, 0x00000202af6f4100, 0x00000202afd08220,
0x00000202afd0ad70, 0x00000202afd056d0, 0x00000202afd07d50, 0x00000202afd09560,
0x00000202afd0b240, 0x00000202afd09f00, 0x00000202afd06540, 0x00000202afd0a8a0,
0x00000202afd09090, 0x00000202afd0b710, 0x00000202afd05ba0, 0x00000202afd07880,
0x00000202afd086f0, 0x00000202afd06ee0, 0x00000202afd0bbe0, 0x00000202afd06070,
0x00000202afd09a30, 0x00000202afd0a3d0, 0x00000202afd0c0b0, 0x00000202afd08bc0,
0x00000202afd04860, 0x00000202afd06a10, 0x00000202afd04d30, 0x00000202afd05200,
0x00000202afd073b0, 0x00000202b373ffe0, 0x00000202b37404b0, 0x00000202b373e7d0,
0x00000202b3741320, 0x00000202b373eca0, 0x00000202b373d960, 0x00000202b37417f0,
0x00000202b3743000, 0x00000202b37434d0, 0x00000202b373d490, 0x00000202b373cfc0,
0x00000202b3742b30, 0x00000202b3740980, 0x00000202b373e300, 0x00000202b373f170,
0x00000202b37439a0, 0x00000202b3743e70, 0x00000202b3744810, 0x00000202b3742660,
0x00000202b373f640, 0x00000202b3740e50, 0x00000202b373de30, 0x00000202b373fb10,
0x00000202b3741cc0, 0x00000202b3742190, 0x00000202b3744340, 0x00000202b3aaf710,
0x00000202b3aae3d0, 0x00000202b3ab13f0, 0x00000202b3aae8a0, 0x00000202b3aaed70,
0x00000202b3aaf240, 0x00000202b3ab0a50, 0x00000202b3ab0580, 0x00000202b3ab00b0,
0x00000202b3aad560, 0x00000202b3ab18c0, 0x00000202b3aada30, 0x00000202b3aab880,
0x00000202b3aafbe0, 0x00000202b3aaa070, 0x00000202b3ab0f20, 0x00000202b3aaa540,
0x00000202b3aacbc0, 0x00000202b3aaaa10, 0x00000202b3aaaee0, 0x00000202afd04300,
0x00000202ac0fbc00, 0x00000202b3aab3b0
}

Java Threads: ( => current thread )
  0x00000202912faff0 JavaThread "main" [_thread_blocked, id=14372, stack(0x0000004396900000,0x0000004396a00000)]
  0x00000202ab1f99b0 JavaThread "Reference Handler" daemon [_thread_blocked, id=6888, stack(0x0000004397000000,0x0000004397100000)]
  0x00000202ab1fa730 JavaThread "Finalizer" daemon [_thread_blocked, id=23524, stack(0x0000004397100000,0x0000004397200000)]
  0x00000202ab23e4c0 JavaThread "Signal Dispatcher" daemon [_thread_blocked, id=9848, stack(0x0000004397200000,0x0000004397300000)]
  0x00000202ab241250 JavaThread "Attach Listener" daemon [_thread_blocked, id=12444, stack(0x0000004397300000,0x0000004397400000)]
  0x00000202ab242e80 JavaThread "Service Thread" daemon [_thread_blocked, id=5564, stack(0x0000004397400000,0x0000004397500000)]
  0x00000202ab249050 JavaThread "Monitor Deflation Thread" daemon [_thread_blocked, id=12712, stack(0x0000004397500000,0x0000004397600000)]
  0x00000202ab249c40 JavaThread "C2 CompilerThread0" daemon [_thread_in_native, id=21724, stack(0x0000004397600000,0x0000004397700000)]
  0x00000202ab252550 JavaThread "C1 CompilerThread0" daemon [_thread_in_native, id=15668, stack(0x0000004397700000,0x0000004397800000)]
  0x00000202ab258e70 JavaThread "Sweeper thread" daemon [_thread_blocked, id=14876, stack(0x0000004397800000,0x0000004397900000)]
  0x00000202ab3f1e70 JavaThread "Common-Cleaner" daemon [_thread_blocked, id=4652, stack(0x0000004397900000,0x0000004397a00000)]
  0x00000202ab3f2b50 JavaThread "Notification Thread" daemon [_thread_blocked, id=9100, stack(0x0000004397a00000,0x0000004397b00000)]
  0x00000202acae6bb0 JavaThread "Daemon health stats" [_thread_blocked, id=1108, stack(0x0000004397d00000,0x0000004397e00000)]
  0x00000202aef0bcb0 JavaThread "Incoming local TCP Connector on port 49964" [_thread_in_native, id=18520, stack(0x0000004397c00000,0x0000004397d00000)]
  0x00000202ad3699d0 JavaThread "Daemon periodic checks" [_thread_blocked, id=21960, stack(0x0000004398500000,0x0000004398600000)]
  0x00000202ae6a9580 JavaThread "Daemon" [_thread_blocked, id=22572, stack(0x0000004398600000,0x0000004398700000)]
  0x00000202ae6a9a50 JavaThread "Handler for socket connection from /127.0.0.1:49964 to /127.0.0.1:49965" [_thread_in_native, id=10348, stack(0x0000004398700000,0x0000004398800000)]
  0x00000202ad089c70 JavaThread "Cancel handler" [_thread_blocked, id=11760, stack(0x0000004398800000,0x0000004398900000)]
  0x00000202ad0892d0 JavaThread "Daemon worker" [_thread_in_vm, id=17232, stack(0x0000004398400000,0x0000004398500000)]
  0x00000202ad08aae0 JavaThread "Asynchronous log dispatcher for DefaultDaemonConnection: socket connection from /127.0.0.1:49964 to /127.0.0.1:49965" [_thread_blocked, id=22432, stack(0x0000004398900000,0x0000004398a00000)]
  0x00000202ad088930 JavaThread "Stdin handler" [_thread_blocked, id=8628, stack(0x0000004398a00000,0x0000004398b00000)]
  0x00000202ad0897a0 JavaThread "Daemon client event forwarder" [_thread_blocked, id=15740, stack(0x0000004398b00000,0x0000004398c00000)]
  0x00000202ad088460 JavaThread "Cache worker for journal cache (C:\Users\marco.payan\.gradle\caches\journal-1)" [_thread_blocked, id=16748, stack(0x0000004398f00000,0x0000004399000000)]
  0x00000202ad08a140 JavaThread "File lock request listener" [_thread_in_native, id=16708, stack(0x0000004399000000,0x0000004399100000)]
  0x00000202ad08a610 JavaThread "Cache worker for file hash cache (C:\Users\marco.payan\.gradle\caches\7.2\fileHashes)" [_thread_blocked, id=13388, stack(0x0000004399100000,0x0000004399200000)]
  0x00000202ad08afb0 JavaThread "Cache worker for file hash cache (C:\Users\marco.payan\Desktop\client app server springboot\SpringClient\.gradle\7.2\fileHashes)" [_thread_blocked, id=3732, stack(0x0000004399300000,0x0000004399400000)]
  0x00000202ad0875f0 JavaThread "File watcher server" daemon [_thread_in_native, id=3372, stack(0x0000004399500000,0x0000004399600000)]
  0x00000202ad087ac0 JavaThread "File watcher consumer" daemon [_thread_blocked, id=17928, stack(0x0000004399600000,0x0000004399700000)]
  0x00000202ad088e00 JavaThread "Cache worker for checksums cache (C:\Users\marco.payan\Desktop\client app server springboot\SpringClient\.gradle\checksums)" [_thread_blocked, id=9024, stack(0x0000004399700000,0x0000004399800000)]
  0x00000202ad087f90 JavaThread "Cache worker for cache directory md-supplier (C:\Users\marco.payan\.gradle\caches\7.2\md-supplier)" [_thread_blocked, id=22660, stack(0x0000004399800000,0x0000004399900000)]
  0x00000202af6f7120 JavaThread "Cache worker for cache directory md-rule (C:\Users\marco.payan\.gradle\caches\7.2\md-rule)" [_thread_blocked, id=11980, stack(0x0000004399900000,0x0000004399a00000)]
  0x00000202af6f3760 JavaThread "Cache worker for execution history cache (C:\Users\marco.payan\.gradle\caches\7.2\executionHistory)" [_thread_blocked, id=23312, stack(0x0000004399a00000,0x0000004399b00000)]
  0x00000202af6f2dc0 JavaThread "jar transforms" [_thread_blocked, id=18808, stack(0x0000004399200000,0x0000004399300000)]
  0x00000202af6ef8d0 JavaThread "jar transforms Thread 2" [_thread_blocked, id=18604, stack(0x0000004399400000,0x0000004399500000)]
  0x00000202af6f1a80 JavaThread "Cache worker for file content cache (C:\Users\marco.payan\.gradle\caches\7.2\fileContent)" [_thread_blocked, id=2276, stack(0x0000004399d00000,0x0000004399e00000)]
  0x00000202af6f5de0 JavaThread "jar transforms Thread 3" [_thread_blocked, id=21264, stack(0x0000004399e00000,0x0000004399f00000)]
  0x00000202af6efda0 JavaThread "jar transforms Thread 4" [_thread_blocked, id=14376, stack(0x0000004399f00000,0x000000439a000000)]
  0x00000202af6f3290 JavaThread "Cache worker for dependencies-accessors (C:\Users\marco.payan\Desktop\client app server springboot\SpringClient\.gradle\7.2\dependencies-accessors)" [_thread_blocked, id=8336, stack(0x000000439a000000,0x000000439a100000)]
  0x00000202af6f62b0 JavaThread "jar transforms Thread 5" [_thread_blocked, id=11796, stack(0x000000439a100000,0x000000439a200000)]
  0x00000202af6f5440 JavaThread "Cache worker for Build Output Cleanup Cache (C:\Users\marco.payan\Desktop\client app server springboot\SpringClient\.gradle\buildOutputCleanup)" [_thread_blocked, id=10216, stack(0x0000004399c00000,0x0000004399d00000)]
  0x00000202af6f3c30 JavaThread "Unconstrained build operations" [_thread_blocked, id=19660, stack(0x000000439a300000,0x000000439a400000)]
  0x00000202af6f45d0 JavaThread "Unconstrained build operations Thread 2" [_thread_blocked, id=4928, stack(0x000000439a400000,0x000000439a500000)]
  0x00000202af6f4aa0 JavaThread "Unconstrained build operations Thread 3" [_thread_blocked, id=4912, stack(0x000000439a500000,0x000000439a600000)]
  0x00000202af6f6c50 JavaThread "Unconstrained build operations Thread 4" [_thread_blocked, id=19652, stack(0x000000439a600000,0x000000439a700000)]
  0x00000202af6f0270 JavaThread "Unconstrained build operations Thread 5" [_thread_blocked, id=22768, stack(0x000000439a700000,0x000000439a800000)]
  0x00000202af6f4f70 JavaThread "Unconstrained build operations Thread 6" [_thread_blocked, id=1784, stack(0x000000439a800000,0x000000439a900000)]
  0x00000202af6f28f0 JavaThread "Unconstrained build operations Thread 7" [_thread_blocked, id=22400, stack(0x000000439a900000,0x000000439aa00000)]
  0x00000202af6f0740 JavaThread "Unconstrained build operations Thread 8" [_thread_blocked, id=20656, stack(0x000000439aa00000,0x000000439ab00000)]
  0x00000202af6f15b0 JavaThread "Unconstrained build operations Thread 9" [_thread_blocked, id=16288, stack(0x000000439ab00000,0x000000439ac00000)]
  0x00000202af6f0c10 JavaThread "Unconstrained build operations Thread 10" [_thread_blocked, id=2208, stack(0x000000439ac00000,0x000000439ad00000)]
  0x00000202af6f4100 JavaThread "Unconstrained build operations Thread 11" [_thread_blocked, id=7840, stack(0x000000439ad00000,0x000000439ae00000)]
  0x00000202afd08220 JavaThread "Unconstrained build operations Thread 12" [_thread_blocked, id=3272, stack(0x000000439ae00000,0x000000439af00000)]
  0x00000202afd0ad70 JavaThread "Unconstrained build operations Thread 13" [_thread_blocked, id=19940, stack(0x000000439af00000,0x000000439b000000)]
  0x00000202afd056d0 JavaThread "Unconstrained build operations Thread 14" [_thread_blocked, id=22836, stack(0x000000439b000000,0x000000439b100000)]
  0x00000202afd07d50 JavaThread "Unconstrained build operations Thread 15" [_thread_blocked, id=22796, stack(0x000000439b100000,0x000000439b200000)]
  0x00000202afd09560 JavaThread "Unconstrained build operations Thread 16" [_thread_blocked, id=21052, stack(0x000000439b200000,0x000000439b300000)]
  0x00000202afd0b240 JavaThread "Unconstrained build operations Thread 17" [_thread_blocked, id=11692, stack(0x000000439b300000,0x000000439b400000)]
  0x00000202afd09f00 JavaThread "Unconstrained build operations Thread 18" [_thread_blocked, id=1928, stack(0x000000439b400000,0x000000439b500000)]
  0x00000202afd06540 JavaThread "Unconstrained build operations Thread 19" [_thread_blocked, id=5452, stack(0x000000439b500000,0x000000439b600000)]
  0x00000202afd0a8a0 JavaThread "Unconstrained build operations Thread 20" [_thread_blocked, id=23304, stack(0x000000439b600000,0x000000439b700000)]
  0x00000202afd09090 JavaThread "Unconstrained build operations Thread 21" [_thread_blocked, id=20980, stack(0x000000439b700000,0x000000439b800000)]
  0x00000202afd0b710 JavaThread "Unconstrained build operations Thread 22" [_thread_blocked, id=18892, stack(0x000000439b800000,0x000000439b900000)]
  0x00000202afd05ba0 JavaThread "Unconstrained build operations Thread 23" [_thread_blocked, id=23508, stack(0x000000439b900000,0x000000439ba00000)]
  0x00000202afd07880 JavaThread "Unconstrained build operations Thread 24" [_thread_blocked, id=14276, stack(0x000000439ba00000,0x000000439bb00000)]
  0x00000202afd086f0 JavaThread "Unconstrained build operations Thread 25" [_thread_blocked, id=10636, stack(0x000000439bb00000,0x000000439bc00000)]
  0x00000202afd06ee0 JavaThread "Unconstrained build operations Thread 26" [_thread_blocked, id=22300, stack(0x000000439bc00000,0x000000439bd00000)]
  0x00000202afd0bbe0 JavaThread "Unconstrained build operations Thread 27" [_thread_blocked, id=21516, stack(0x000000439bd00000,0x000000439be00000)]
  0x00000202afd06070 JavaThread "Unconstrained build operations Thread 28" [_thread_blocked, id=3484, stack(0x000000439be00000,0x000000439bf00000)]
  0x00000202afd09a30 JavaThread "Unconstrained build operations Thread 29" [_thread_blocked, id=15428, stack(0x000000439bf00000,0x000000439c000000)]
  0x00000202afd0a3d0 JavaThread "Unconstrained build operations Thread 30" [_thread_blocked, id=5500, stack(0x000000439c000000,0x000000439c100000)]
  0x00000202afd0c0b0 JavaThread "Unconstrained build operations Thread 31" [_thread_blocked, id=18360, stack(0x000000439c100000,0x000000439c200000)]
  0x00000202afd08bc0 JavaThread "Unconstrained build operations Thread 32" [_thread_blocked, id=21196, stack(0x000000439c200000,0x000000439c300000)]
  0x00000202afd04860 JavaThread "Unconstrained build operations Thread 33" [_thread_blocked, id=23064, stack(0x000000439c300000,0x000000439c400000)]
  0x00000202afd06a10 JavaThread "Unconstrained build operations Thread 34" [_thread_blocked, id=420, stack(0x000000439c400000,0x000000439c500000)]
  0x00000202afd04d30 JavaThread "Unconstrained build operations Thread 35" [_thread_blocked, id=10036, stack(0x000000439c500000,0x000000439c600000)]
  0x00000202afd05200 JavaThread "Unconstrained build operations Thread 36" [_thread_blocked, id=1636, stack(0x000000439c600000,0x000000439c700000)]
  0x00000202afd073b0 JavaThread "Unconstrained build operations Thread 37" [_thread_blocked, id=22856, stack(0x000000439c700000,0x000000439c800000)]
  0x00000202b373ffe0 JavaThread "Unconstrained build operations Thread 38" [_thread_blocked, id=7224, stack(0x000000439c800000,0x000000439c900000)]
  0x00000202b37404b0 JavaThread "Unconstrained build operations Thread 39" [_thread_blocked, id=23116, stack(0x000000439c900000,0x000000439ca00000)]
  0x00000202b373e7d0 JavaThread "Unconstrained build operations Thread 40" [_thread_blocked, id=6564, stack(0x000000439ca00000,0x000000439cb00000)]
  0x00000202b3741320 JavaThread "Unconstrained build operations Thread 41" [_thread_blocked, id=14180, stack(0x000000439cb00000,0x000000439cc00000)]
  0x00000202b373eca0 JavaThread "Unconstrained build operations Thread 42" [_thread_blocked, id=4168, stack(0x000000439cc00000,0x000000439cd00000)]
  0x00000202b373d960 JavaThread "Unconstrained build operations Thread 43" [_thread_blocked, id=22756, stack(0x000000439cd00000,0x000000439ce00000)]
  0x00000202b37417f0 JavaThread "Unconstrained build operations Thread 44" [_thread_blocked, id=4724, stack(0x000000439ce00000,0x000000439cf00000)]
  0x00000202b3743000 JavaThread "Unconstrained build operations Thread 45" [_thread_blocked, id=22176, stack(0x000000439cf00000,0x000000439d000000)]
  0x00000202b37434d0 JavaThread "Unconstrained build operations Thread 46" [_thread_blocked, id=5172, stack(0x000000439d000000,0x000000439d100000)]
  0x00000202b373d490 JavaThread "Unconstrained build operations Thread 47" [_thread_blocked, id=15928, stack(0x000000439d100000,0x000000439d200000)]
  0x00000202b373cfc0 JavaThread "Unconstrained build operations Thread 48" [_thread_blocked, id=23004, stack(0x000000439d200000,0x000000439d300000)]
  0x00000202b3742b30 JavaThread "Unconstrained build operations Thread 49" [_thread_blocked, id=5332, stack(0x000000439d300000,0x000000439d400000)]
  0x00000202b3740980 JavaThread "Unconstrained build operations Thread 50" [_thread_blocked, id=13956, stack(0x000000439d400000,0x000000439d500000)]
  0x00000202b373e300 JavaThread "Unconstrained build operations Thread 51" [_thread_blocked, id=4172, stack(0x000000439d500000,0x000000439d600000)]
  0x00000202b373f170 JavaThread "Unconstrained build operations Thread 52" [_thread_blocked, id=23460, stack(0x000000439d600000,0x000000439d700000)]
  0x00000202b37439a0 JavaThread "Unconstrained build operations Thread 53" [_thread_blocked, id=22148, stack(0x000000439d700000,0x000000439d800000)]
  0x00000202b3743e70 JavaThread "Unconstrained build operations Thread 54" [_thread_blocked, id=23384, stack(0x000000439d800000,0x000000439d900000)]
  0x00000202b3744810 JavaThread "Unconstrained build operations Thread 55" [_thread_blocked, id=22892, stack(0x000000439d900000,0x000000439da00000)]
  0x00000202b3742660 JavaThread "Unconstrained build operations Thread 56" [_thread_blocked, id=15268, stack(0x000000439da00000,0x000000439db00000)]
  0x00000202b373f640 JavaThread "Unconstrained build operations Thread 57" [_thread_blocked, id=15716, stack(0x000000439db00000,0x000000439dc00000)]
  0x00000202b3740e50 JavaThread "Unconstrained build operations Thread 58" [_thread_blocked, id=19072, stack(0x000000439dc00000,0x000000439dd00000)]
  0x00000202b373de30 JavaThread "Unconstrained build operations Thread 59" [_thread_blocked, id=23236, stack(0x000000439dd00000,0x000000439de00000)]
  0x00000202b373fb10 JavaThread "Unconstrained build operations Thread 60" [_thread_blocked, id=18796, stack(0x000000439de00000,0x000000439df00000)]
  0x00000202b3741cc0 JavaThread "Unconstrained build operations Thread 61" [_thread_blocked, id=5536, stack(0x000000439df00000,0x000000439e000000)]
  0x00000202b3742190 JavaThread "Unconstrained build operations Thread 62" [_thread_blocked, id=2824, stack(0x000000439e000000,0x000000439e100000)]
  0x00000202b3744340 JavaThread "Unconstrained build operations Thread 63" [_thread_blocked, id=22420, stack(0x000000439e100000,0x000000439e200000)]
  0x00000202b3aaf710 JavaThread "Unconstrained build operations Thread 64" [_thread_blocked, id=19124, stack(0x000000439e200000,0x000000439e300000)]
  0x00000202b3aae3d0 JavaThread "Unconstrained build operations Thread 65" [_thread_blocked, id=6768, stack(0x000000439e300000,0x000000439e400000)]
  0x00000202b3ab13f0 JavaThread "Unconstrained build operations Thread 66" [_thread_blocked, id=1484, stack(0x000000439e400000,0x000000439e500000)]
  0x00000202b3aae8a0 JavaThread "Unconstrained build operations Thread 67" [_thread_blocked, id=22564, stack(0x000000439e500000,0x000000439e600000)]
  0x00000202b3aaed70 JavaThread "Unconstrained build operations Thread 68" [_thread_blocked, id=23180, stack(0x000000439e600000,0x000000439e700000)]
  0x00000202b3aaf240 JavaThread "Unconstrained build operations Thread 69" [_thread_blocked, id=3436, stack(0x000000439e700000,0x000000439e800000)]
  0x00000202b3ab0a50 JavaThread "Unconstrained build operations Thread 70" [_thread_blocked, id=9852, stack(0x000000439e800000,0x000000439e900000)]
  0x00000202b3ab0580 JavaThread "Unconstrained build operations Thread 71" [_thread_blocked, id=5888, stack(0x000000439e900000,0x000000439ea00000)]
  0x00000202b3ab00b0 JavaThread "Unconstrained build operations Thread 72" [_thread_blocked, id=15520, stack(0x000000439ea00000,0x000000439eb00000)]
  0x00000202b3aad560 JavaThread "Unconstrained build operations Thread 73" [_thread_blocked, id=22692, stack(0x000000439eb00000,0x000000439ec00000)]
  0x00000202b3ab18c0 JavaThread "Unconstrained build operations Thread 74" [_thread_blocked, id=22612, stack(0x000000439ec00000,0x000000439ed00000)]
  0x00000202b3aada30 JavaThread "Unconstrained build operations Thread 75" [_thread_blocked, id=12716, stack(0x000000439ed00000,0x000000439ee00000)]
  0x00000202b3aab880 JavaThread "Unconstrained build operations Thread 76" [_thread_blocked, id=3624, stack(0x000000439ee00000,0x000000439ef00000)]
  0x00000202b3aafbe0 JavaThread "Unconstrained build operations Thread 77" [_thread_blocked, id=7048, stack(0x000000439ef00000,0x000000439f000000)]
  0x00000202b3aaa070 JavaThread "Unconstrained build operations Thread 78" [_thread_blocked, id=15656, stack(0x000000439f000000,0x000000439f100000)]
  0x00000202b3ab0f20 JavaThread "Unconstrained build operations Thread 79" [_thread_blocked, id=19276, stack(0x000000439f100000,0x000000439f200000)]
  0x00000202b3aaa540 JavaThread "Unconstrained build operations Thread 80" [_thread_blocked, id=8516, stack(0x000000439f200000,0x000000439f300000)]
  0x00000202b3aacbc0 JavaThread "jar transforms Thread 6" [_thread_blocked, id=23012, stack(0x000000439f300000,0x000000439f400000)]
  0x00000202b3aaaa10 JavaThread "jar transforms Thread 7" [_thread_blocked, id=2428, stack(0x000000439f400000,0x000000439f500000)]
  0x00000202b3aaaee0 JavaThread "jar transforms Thread 8" [_thread_blocked, id=16132, stack(0x000000439f500000,0x000000439f600000)]
=>0x00000202afd04300 JavaThread "C2 CompilerThread1" daemon [_thread_in_native, id=4592, stack(0x0000004399b00000,0x0000004399c00000)]
  0x00000202ac0fbc00 JavaThread "C2 CompilerThread2" daemon [_thread_in_native, id=2980, stack(0x000000439a200000,0x000000439a300000)]
  0x00000202b3aab3b0 JavaThread "Memory manager" [_thread_blocked, id=22480, stack(0x000000439f600000,0x000000439f700000)]

Other Threads:
  0x00000202ab1a13d0 VMThread "VM Thread" [stack: 0x0000004396f00000,0x0000004397000000] [id=23160]
  0x00000202ab3f5640 WatcherThread [stack: 0x0000004397b00000,0x0000004397c00000] [id=10336]
  0x00000202a86a19b0 GCTaskThread "GC Thread#0" [stack: 0x0000004396a00000,0x0000004396b00000] [id=20312]
  0x00000202acea3ed0 GCTaskThread "GC Thread#1" [stack: 0x0000004397e00000,0x0000004397f00000] [id=22096]
  0x00000202acea4180 GCTaskThread "GC Thread#2" [stack: 0x0000004397f00000,0x0000004398000000] [id=5512]
  0x00000202acea4430 GCTaskThread "GC Thread#3" [stack: 0x0000004398000000,0x0000004398100000] [id=20396]
  0x00000202acea46e0 GCTaskThread "GC Thread#4" [stack: 0x0000004398100000,0x0000004398200000] [id=5212]
  0x00000202acea4990 GCTaskThread "GC Thread#5" [stack: 0x0000004398200000,0x0000004398300000] [id=12984]
  0x00000202ae0d9030 GCTaskThread "GC Thread#6" [stack: 0x0000004398c00000,0x0000004398d00000] [id=3056]
  0x00000202ad4f4580 GCTaskThread "GC Thread#7" [stack: 0x0000004398d00000,0x0000004398e00000] [id=11460]
  0x000002029133ecc0 ConcurrentGCThread "G1 Main Marker" [stack: 0x0000004396b00000,0x0000004396c00000] [id=17728]
  0x00000202a86ad390 ConcurrentGCThread "G1 Conc#0" [stack: 0x0000004396c00000,0x0000004396d00000] [id=1868]
  0x00000202ae5e9920 ConcurrentGCThread "G1 Conc#1" [stack: 0x0000004398e00000,0x0000004398f00000] [id=23088]
  0x00000202a87bb170 ConcurrentGCThread "G1 Refine#0" [stack: 0x0000004396d00000,0x0000004396e00000] [id=20736]
  0x00000202a87bbaa0 ConcurrentGCThread "G1 Service" [stack: 0x0000004396e00000,0x0000004396f00000] [id=3352]

Threads with active compile tasks:
C2 CompilerThread0    18447 7549       4       sun.reflect.generics.visitor.Reifier::visitClassTypeSignature (381 bytes)
C1 CompilerThread0    18447 7742       3       com.sun.xml.bind.v2.model.nav.ReflectionNavigator::getReturnType (9 bytes)
C2 CompilerThread1    18447 7421       4       org.gradle.internal.reflect.ClassInspector::inspectClass (179 bytes)
C2 CompilerThread2    18447 7241 %     4       org.gradle.internal.instantiation.generator.AbstractClassGenerator::inspectType @ 107 (560 bytes)

VM state: not at safepoint (normal execution)

VM Mutex/Monitor currently owned by a thread: None

Heap address: 0x0000000080000000, size: 2048 MB, Compressed Oops mode: 32-bit

CDS archive(s) not mapped
Compressed class space mapped at: 0x0000000100000000-0x0000000140000000, reserved size: 1073741824
Narrow klass base: 0x0000000000000000, Narrow klass shift: 3, Narrow klass range: 0x140000000

GC Precious Log:
 CPUs: 8 total, 8 available
 Memory: 16103M
 Large Page Support: Disabled
 NUMA Support: Disabled
 Compressed Oops: Enabled (32-bit)
 Heap Region Size: 1M
 Heap Min Capacity: 8M
 Heap Initial Capacity: 252M
 Heap Max Capacity: 2G
 Pre-touch: Disabled
 Parallel Workers: 8
 Concurrent Workers: 2
 Concurrent Refinement Workers: 8
 Periodic GC: Disabled

Heap:
 garbage-first heap   total 122880K, used 94068K [0x0000000080000000, 0x0000000100000000)
  region size 1024K, 38 young (38912K), 4 survivors (4096K)
 Metaspace       used 77427K, committed 78016K, reserved 1122304K
  class space    used 10386K, committed 10624K, reserved 1048576K

Heap Regions: E=young(eden), S=young(survivor), O=old, HS=humongous(starts), HC=humongous(continues), CS=collection set, F=free, OA=open archive, CA=closed archive, TAMS=top-at-mark-start (previous, next)
|   0|0x0000000080000000, 0x0000000080100000, 0x0000000080100000|100%| O|  |TAMS 0x0000000080100000, 0x0000000080000000| Untracked 
|   1|0x0000000080100000, 0x0000000080200000, 0x0000000080200000|100%| O|  |TAMS 0x0000000080200000, 0x0000000080100000| Untracked 
|   2|0x0000000080200000, 0x0000000080300000, 0x0000000080300000|100%| O|  |TAMS 0x0000000080300000, 0x0000000080200000| Untracked 
|   3|0x0000000080300000, 0x0000000080400000, 0x0000000080400000|100%|HS|  |TAMS 0x0000000080400000, 0x0000000080300000| Complete 
|   4|0x0000000080400000, 0x0000000080500000, 0x0000000080500000|100%|HC|  |TAMS 0x0000000080500000, 0x0000000080400000| Complete 
|   5|0x0000000080500000, 0x0000000080600000, 0x0000000080600000|100%|HC|  |TAMS 0x0000000080600000, 0x0000000080500000| Complete 
|   6|0x0000000080600000, 0x0000000080700000, 0x0000000080700000|100%| O|  |TAMS 0x0000000080700000, 0x0000000080600000| Untracked 
|   7|0x0000000080700000, 0x0000000080800000, 0x0000000080800000|100%| O|  |TAMS 0x0000000080800000, 0x0000000080700000| Untracked 
|   8|0x0000000080800000, 0x0000000080900000, 0x0000000080900000|100%| O|  |TAMS 0x0000000080900000, 0x0000000080800000| Untracked 
|   9|0x0000000080900000, 0x0000000080a00000, 0x0000000080a00000|100%| O|  |TAMS 0x0000000080a00000, 0x0000000080900000| Untracked 
|  10|0x0000000080a00000, 0x0000000080b00000, 0x0000000080b00000|100%| O|  |TAMS 0x0000000080b00000, 0x0000000080a00000| Untracked 
|  11|0x0000000080b00000, 0x0000000080c00000, 0x0000000080c00000|100%| O|  |TAMS 0x0000000080c00000, 0x0000000080b00000| Untracked 
|  12|0x0000000080c00000, 0x0000000080d00000, 0x0000000080d00000|100%| O|  |TAMS 0x0000000080d00000, 0x0000000080c00000| Untracked 
|  13|0x0000000080d00000, 0x0000000080e00000, 0x0000000080e00000|100%| O|  |TAMS 0x0000000080e00000, 0x0000000080d00000| Untracked 
|  14|0x0000000080e00000, 0x0000000080f00000, 0x0000000080f00000|100%| O|  |TAMS 0x0000000080f00000, 0x0000000080e00000| Untracked 
|  15|0x0000000080f00000, 0x0000000081000000, 0x0000000081000000|100%| O|  |TAMS 0x0000000081000000, 0x0000000080f00000| Untracked 
|  16|0x0000000081000000, 0x0000000081100000, 0x0000000081100000|100%| O|  |TAMS 0x0000000081100000, 0x0000000081000000| Untracked 
|  17|0x0000000081100000, 0x0000000081200000, 0x0000000081200000|100%| O|  |TAMS 0x0000000081200000, 0x0000000081100000| Untracked 
|  18|0x0000000081200000, 0x0000000081300000, 0x0000000081300000|100%| O|  |TAMS 0x0000000081300000, 0x0000000081200000| Untracked 
|  19|0x0000000081300000, 0x0000000081400000, 0x0000000081400000|100%| O|  |TAMS 0x0000000081400000, 0x0000000081300000| Untracked 
|  20|0x0000000081400000, 0x0000000081500000, 0x0000000081500000|100%| O|  |TAMS 0x0000000081500000, 0x0000000081400000| Untracked 
|  21|0x0000000081500000, 0x0000000081600000, 0x0000000081600000|100%| O|  |TAMS 0x0000000081600000, 0x0000000081500000| Untracked 
|  22|0x0000000081600000, 0x0000000081700000, 0x0000000081700000|100%| O|  |TAMS 0x0000000081700000, 0x0000000081600000| Untracked 
|  23|0x0000000081700000, 0x0000000081800000, 0x0000000081800000|100%| O|  |TAMS 0x0000000081800000, 0x0000000081700000| Untracked 
|  24|0x0000000081800000, 0x0000000081900000, 0x0000000081900000|100%| O|  |TAMS 0x0000000081900000, 0x0000000081800000| Untracked 
|  25|0x0000000081900000, 0x0000000081a00000, 0x0000000081a00000|100%| O|  |TAMS 0x0000000081a00000, 0x0000000081900000| Untracked 
|  26|0x0000000081a00000, 0x0000000081b00000, 0x0000000081b00000|100%| O|  |TAMS 0x0000000081b00000, 0x0000000081a00000| Untracked 
|  27|0x0000000081b00000, 0x0000000081c00000, 0x0000000081c00000|100%| O|  |TAMS 0x0000000081c00000, 0x0000000081b00000| Untracked 
|  28|0x0000000081c00000, 0x0000000081d00000, 0x0000000081d00000|100%| O|  |TAMS 0x0000000081d00000, 0x0000000081c00000| Untracked 
|  29|0x0000000081d00000, 0x0000000081e00000, 0x0000000081e00000|100%| O|  |TAMS 0x0000000081e00000, 0x0000000081d00000| Untracked 
|  30|0x0000000081e00000, 0x0000000081f00000, 0x0000000081f00000|100%|HS|  |TAMS 0x0000000081f00000, 0x0000000081e00000| Complete 
|  31|0x0000000081f00000, 0x0000000082000000, 0x0000000082000000|100%| O|  |TAMS 0x0000000082000000, 0x0000000081f00000| Untracked 
|  32|0x0000000082000000, 0x0000000082100000, 0x0000000082100000|100%| O|  |TAMS 0x0000000082100000, 0x0000000082000000| Untracked 
|  33|0x0000000082100000, 0x0000000082200000, 0x0000000082200000|100%|HS|  |TAMS 0x0000000082200000, 0x0000000082100000| Complete 
|  34|0x0000000082200000, 0x0000000082300000, 0x0000000082300000|100%| O|  |TAMS 0x0000000082300000, 0x0000000082200000| Untracked 
|  35|0x0000000082300000, 0x0000000082400000, 0x0000000082400000|100%|HS|  |TAMS 0x0000000082400000, 0x0000000082300000| Complete 
|  36|0x0000000082400000, 0x0000000082500000, 0x0000000082500000|100%|HS|  |TAMS 0x0000000082500000, 0x0000000082400000| Complete 
|  37|0x0000000082500000, 0x0000000082600000, 0x0000000082600000|100%|HC|  |TAMS 0x0000000082600000, 0x0000000082500000| Complete 
|  38|0x0000000082600000, 0x0000000082700000, 0x0000000082700000|100%| O|  |TAMS 0x0000000082700000, 0x0000000082600000| Untracked 
|  39|0x0000000082700000, 0x0000000082800000, 0x0000000082800000|100%| O|  |TAMS 0x0000000082800000, 0x0000000082700000| Untracked 
|  40|0x0000000082800000, 0x0000000082900000, 0x0000000082900000|100%| O|  |TAMS 0x0000000082900000, 0x0000000082800000| Untracked 
|  41|0x0000000082900000, 0x0000000082a00000, 0x0000000082a00000|100%| O|  |TAMS 0x0000000082a00000, 0x0000000082900000| Untracked 
|  42|0x0000000082a00000, 0x0000000082b00000, 0x0000000082b00000|100%| O|  |TAMS 0x0000000082b00000, 0x0000000082a00000| Untracked 
|  43|0x0000000082b00000, 0x0000000082c00000, 0x0000000082c00000|100%| O|  |TAMS 0x0000000082c00000, 0x0000000082b00000| Untracked 
|  44|0x0000000082c00000, 0x0000000082d00000, 0x0000000082d00000|100%| O|  |TAMS 0x0000000082d00000, 0x0000000082c00000| Untracked 
|  45|0x0000000082d00000, 0x0000000082e00000, 0x0000000082e00000|100%| O|  |TAMS 0x0000000082e00000, 0x0000000082d00000| Untracked 
|  46|0x0000000082e00000, 0x0000000082f00000, 0x0000000082f00000|100%| O|  |TAMS 0x0000000082f00000, 0x0000000082e00000| Untracked 
|  47|0x0000000082f00000, 0x0000000083000000, 0x0000000083000000|100%| O|  |TAMS 0x0000000083000000, 0x0000000082f00000| Untracked 
|  48|0x0000000083000000, 0x0000000083100000, 0x0000000083100000|100%| O|  |TAMS 0x0000000083100000, 0x0000000083000000| Untracked 
|  49|0x0000000083100000, 0x0000000083200000, 0x0000000083200000|100%| O|  |TAMS 0x0000000083200000, 0x0000000083100000| Untracked 
|  50|0x0000000083200000, 0x0000000083300000, 0x0000000083300000|100%| O|  |TAMS 0x0000000083300000, 0x0000000083200000| Untracked 
|  51|0x0000000083300000, 0x0000000083400000, 0x0000000083400000|100%| O|  |TAMS 0x0000000083400000, 0x0000000083300000| Untracked 
|  52|0x0000000083400000, 0x0000000083500000, 0x0000000083500000|100%| O|  |TAMS 0x0000000083500000, 0x0000000083400000| Untracked 
|  53|0x0000000083500000, 0x0000000083600000, 0x0000000083600000|100%| O|  |TAMS 0x0000000083600000, 0x0000000083500000| Untracked 
|  54|0x0000000083600000, 0x0000000083700000, 0x0000000083700000|100%| O|  |TAMS 0x0000000083700000, 0x0000000083600000| Untracked 
|  55|0x0000000083700000, 0x000000008379a200, 0x0000000083800000| 60%| O|  |TAMS 0x000000008379a200, 0x0000000083700000| Untracked 
|  56|0x0000000083800000, 0x0000000083800000, 0x0000000083900000|  0%| F|  |TAMS 0x0000000083800000, 0x0000000083800000| Untracked 
|  57|0x0000000083900000, 0x0000000083900000, 0x0000000083a00000|  0%| F|  |TAMS 0x0000000083900000, 0x0000000083900000| Untracked 
|  58|0x0000000083a00000, 0x0000000083a00000, 0x0000000083b00000|  0%| F|  |TAMS 0x0000000083a00000, 0x0000000083a00000| Untracked 
|  59|0x0000000083b00000, 0x0000000083b00000, 0x0000000083c00000|  0%| F|  |TAMS 0x0000000083b00000, 0x0000000083b00000| Untracked 
|  60|0x0000000083c00000, 0x0000000083c00000, 0x0000000083d00000|  0%| F|  |TAMS 0x0000000083c00000, 0x0000000083c00000| Untracked 
|  61|0x0000000083d00000, 0x0000000083d00000, 0x0000000083e00000|  0%| F|  |TAMS 0x0000000083d00000, 0x0000000083d00000| Untracked 
|  62|0x0000000083e00000, 0x0000000083e00000, 0x0000000083f00000|  0%| F|  |TAMS 0x0000000083e00000, 0x0000000083e00000| Untracked 
|  63|0x0000000083f00000, 0x0000000083f00000, 0x0000000084000000|  0%| F|  |TAMS 0x0000000083f00000, 0x0000000083f00000| Untracked 
|  64|0x0000000084000000, 0x0000000084000000, 0x0000000084100000|  0%| F|  |TAMS 0x0000000084000000, 0x0000000084000000| Untracked 
|  65|0x0000000084100000, 0x0000000084100000, 0x0000000084200000|  0%| F|  |TAMS 0x0000000084100000, 0x0000000084100000| Untracked 
|  66|0x0000000084200000, 0x0000000084200000, 0x0000000084300000|  0%| F|  |TAMS 0x0000000084200000, 0x0000000084200000| Untracked 
|  67|0x0000000084300000, 0x0000000084300000, 0x0000000084400000|  0%| F|  |TAMS 0x0000000084300000, 0x0000000084300000| Untracked 
|  68|0x0000000084400000, 0x0000000084400000, 0x0000000084500000|  0%| F|  |TAMS 0x0000000084400000, 0x0000000084400000| Untracked 
|  69|0x0000000084500000, 0x0000000084543130, 0x0000000084600000| 26%| S|CS|TAMS 0x0000000084500000, 0x0000000084500000| Complete 
|  70|0x0000000084600000, 0x0000000084700000, 0x0000000084700000|100%| S|CS|TAMS 0x0000000084600000, 0x0000000084600000| Complete 
|  71|0x0000000084700000, 0x0000000084800000, 0x0000000084800000|100%| S|CS|TAMS 0x0000000084700000, 0x0000000084700000| Complete 
|  72|0x0000000084800000, 0x0000000084900000, 0x0000000084900000|100%| S|CS|TAMS 0x0000000084800000, 0x0000000084800000| Complete 
|  73|0x0000000084900000, 0x0000000084900000, 0x0000000084a00000|  0%| F|  |TAMS 0x0000000084900000, 0x0000000084900000| Untracked 
|  74|0x0000000084a00000, 0x0000000084a00000, 0x0000000084b00000|  0%| F|  |TAMS 0x0000000084a00000, 0x0000000084a00000| Untracked 
|  75|0x0000000084b00000, 0x0000000084b00000, 0x0000000084c00000|  0%| F|  |TAMS 0x0000000084b00000, 0x0000000084b00000| Untracked 
|  76|0x0000000084c00000, 0x0000000084c00000, 0x0000000084d00000|  0%| F|  |TAMS 0x0000000084c00000, 0x0000000084c00000| Untracked 
|  77|0x0000000084d00000, 0x0000000084d00000, 0x0000000084e00000|  0%| F|  |TAMS 0x0000000084d00000, 0x0000000084d00000| Untracked 
|  78|0x0000000084e00000, 0x0000000084e00000, 0x0000000084f00000|  0%| F|  |TAMS 0x0000000084e00000, 0x0000000084e00000| Untracked 
|  79|0x0000000084f00000, 0x0000000084f00000, 0x0000000085000000|  0%| F|  |TAMS 0x0000000084f00000, 0x0000000084f00000| Untracked 
|  80|0x0000000085000000, 0x0000000085000000, 0x0000000085100000|  0%| F|  |TAMS 0x0000000085000000, 0x0000000085000000| Untracked 
|  81|0x0000000085100000, 0x0000000085100000, 0x0000000085200000|  0%| F|  |TAMS 0x0000000085100000, 0x0000000085100000| Untracked 
|  82|0x0000000085200000, 0x0000000085200000, 0x0000000085300000|  0%| F|  |TAMS 0x0000000085200000, 0x0000000085200000| Untracked 
|  83|0x0000000085300000, 0x0000000085300000, 0x0000000085400000|  0%| F|  |TAMS 0x0000000085300000, 0x0000000085300000| Untracked 
|  84|0x0000000085400000, 0x0000000085400000, 0x0000000085500000|  0%| F|  |TAMS 0x0000000085400000, 0x0000000085400000| Untracked 
|  85|0x0000000085500000, 0x0000000085500000, 0x0000000085600000|  0%| F|  |TAMS 0x0000000085500000, 0x0000000085500000| Untracked 
|  86|0x0000000085600000, 0x0000000085700000, 0x0000000085700000|100%| E|  |TAMS 0x0000000085600000, 0x0000000085600000| Complete 
|  87|0x0000000085700000, 0x0000000085800000, 0x0000000085800000|100%| E|CS|TAMS 0x0000000085700000, 0x0000000085700000| Complete 
|  88|0x0000000085800000, 0x0000000085900000, 0x0000000085900000|100%| E|CS|TAMS 0x0000000085800000, 0x0000000085800000| Complete 
|  89|0x0000000085900000, 0x0000000085a00000, 0x0000000085a00000|100%| E|CS|TAMS 0x0000000085900000, 0x0000000085900000| Complete 
|  90|0x0000000085a00000, 0x0000000085b00000, 0x0000000085b00000|100%| E|CS|TAMS 0x0000000085a00000, 0x0000000085a00000| Complete 
|  91|0x0000000085b00000, 0x0000000085c00000, 0x0000000085c00000|100%| E|CS|TAMS 0x0000000085b00000, 0x0000000085b00000| Complete 
|  92|0x0000000085c00000, 0x0000000085d00000, 0x0000000085d00000|100%| E|CS|TAMS 0x0000000085c00000, 0x0000000085c00000| Complete 
|  93|0x0000000085d00000, 0x0000000085e00000, 0x0000000085e00000|100%| E|CS|TAMS 0x0000000085d00000, 0x0000000085d00000| Complete 
|  94|0x0000000085e00000, 0x0000000085f00000, 0x0000000085f00000|100%| E|CS|TAMS 0x0000000085e00000, 0x0000000085e00000| Complete 
|  95|0x0000000085f00000, 0x0000000086000000, 0x0000000086000000|100%| E|CS|TAMS 0x0000000085f00000, 0x0000000085f00000| Complete 
|  96|0x0000000086000000, 0x0000000086100000, 0x0000000086100000|100%| E|CS|TAMS 0x0000000086000000, 0x0000000086000000| Complete 
|  97|0x0000000086100000, 0x0000000086200000, 0x0000000086200000|100%| E|CS|TAMS 0x0000000086100000, 0x0000000086100000| Complete 
|  98|0x0000000086200000, 0x0000000086300000, 0x0000000086300000|100%| E|CS|TAMS 0x0000000086200000, 0x0000000086200000| Complete 
|  99|0x0000000086300000, 0x0000000086400000, 0x0000000086400000|100%| E|CS|TAMS 0x0000000086300000, 0x0000000086300000| Complete 
| 100|0x0000000086400000, 0x0000000086500000, 0x0000000086500000|100%| E|CS|TAMS 0x0000000086400000, 0x0000000086400000| Complete 
| 101|0x0000000086500000, 0x0000000086600000, 0x0000000086600000|100%| E|CS|TAMS 0x0000000086500000, 0x0000000086500000| Complete 
| 102|0x0000000086600000, 0x0000000086700000, 0x0000000086700000|100%| E|CS|TAMS 0x0000000086600000, 0x0000000086600000| Complete 
| 103|0x0000000086700000, 0x0000000086800000, 0x0000000086800000|100%| E|CS|TAMS 0x0000000086700000, 0x0000000086700000| Complete 
| 104|0x0000000086800000, 0x0000000086900000, 0x0000000086900000|100%| E|CS|TAMS 0x0000000086800000, 0x0000000086800000| Complete 
| 105|0x0000000086900000, 0x0000000086a00000, 0x0000000086a00000|100%| E|CS|TAMS 0x0000000086900000, 0x0000000086900000| Complete 
| 106|0x0000000086a00000, 0x0000000086b00000, 0x0000000086b00000|100%| E|CS|TAMS 0x0000000086a00000, 0x0000000086a00000| Complete 
| 107|0x0000000086b00000, 0x0000000086c00000, 0x0000000086c00000|100%| E|CS|TAMS 0x0000000086b00000, 0x0000000086b00000| Complete 
| 108|0x0000000086c00000, 0x0000000086d00000, 0x0000000086d00000|100%| E|CS|TAMS 0x0000000086c00000, 0x0000000086c00000| Complete 
| 200|0x000000008c800000, 0x000000008c900000, 0x000000008c900000|100%| E|CS|TAMS 0x000000008c800000, 0x000000008c800000| Complete 
| 201|0x000000008c900000, 0x000000008ca00000, 0x000000008ca00000|100%| E|CS|TAMS 0x000000008c900000, 0x000000008c900000| Complete 
| 202|0x000000008ca00000, 0x000000008cb00000, 0x000000008cb00000|100%| E|CS|TAMS 0x000000008ca00000, 0x000000008ca00000| Complete 
| 203|0x000000008cb00000, 0x000000008cc00000, 0x000000008cc00000|100%| E|CS|TAMS 0x000000008cb00000, 0x000000008cb00000| Complete 
| 204|0x000000008cc00000, 0x000000008cd00000, 0x000000008cd00000|100%| E|CS|TAMS 0x000000008cc00000, 0x000000008cc00000| Complete 
| 205|0x000000008cd00000, 0x000000008ce00000, 0x000000008ce00000|100%| E|CS|TAMS 0x000000008cd00000, 0x000000008cd00000| Complete 
| 206|0x000000008ce00000, 0x000000008cf00000, 0x000000008cf00000|100%| E|CS|TAMS 0x000000008ce00000, 0x000000008ce00000| Complete 
| 207|0x000000008cf00000, 0x000000008d000000, 0x000000008d000000|100%| E|CS|TAMS 0x000000008cf00000, 0x000000008cf00000| Complete 
| 208|0x000000008d000000, 0x000000008d100000, 0x000000008d100000|100%| E|CS|TAMS 0x000000008d000000, 0x000000008d000000| Complete 
| 250|0x000000008fa00000, 0x000000008fb00000, 0x000000008fb00000|100%| E|CS|TAMS 0x000000008fa00000, 0x000000008fa00000| Complete 
| 251|0x000000008fb00000, 0x000000008fc00000, 0x000000008fc00000|100%| E|CS|TAMS 0x000000008fb00000, 0x000000008fb00000| Complete 

Card table byte_map: [0x00000202a3e80000,0x00000202a4280000] _byte_map_base: 0x00000202a3a80000

Marking Bits (Prev, Next): (CMBitMap*) 0x00000202913365e0, (CMBitMap*) 0x0000020291336620
 Prev Bits: [0x00000202a4680000, 0x00000202a6680000)
 Next Bits: [0x00000202a6680000, 0x00000202a8680000)

Polling page: 0x000002028fc00000

Metaspace:

Usage:
  Non-class:     65.48 MB used.
      Class:     10.14 MB used.
       Both:     75.63 MB used.

Virtual space:
  Non-class space:       72.00 MB reserved,      65.81 MB ( 91%) committed,  9 nodes.
      Class space:        1.00 GB reserved,      10.38 MB (  1%) committed,  1 nodes.
             Both:        1.07 GB reserved,      76.19 MB (  7%) committed. 

Chunk freelists:
   Non-Class:  1.54 MB
       Class:  1.53 MB
        Both:  3.07 MB

MaxMetaspaceSize: unlimited
CompressedClassSpaceSize: 1.00 GB
Initial GC threshold: 21.00 MB
Current GC threshold: 121.38 MB
CDS: off
MetaspaceReclaimPolicy: balanced
 - commit_granule_bytes: 65536.
 - commit_granule_words: 8192.
 - virtual_space_node_default_size: 1048576.
 - enlarge_chunks_in_place: 1.
 - new_chunks_are_fully_committed: 0.
 - uncommit_free_chunks: 1.
 - use_allocation_guard: 0.
 - handle_deallocations: 1.


Internal statistics:

num_allocs_failed_limit: 9.
num_arena_births: 626.
num_arena_deaths: 0.
num_vsnodes_births: 10.
num_vsnodes_deaths: 0.
num_space_committed: 1219.
num_space_uncommitted: 0.
num_chunks_returned_to_freelist: 9.
num_chunks_taken_from_freelist: 3286.
num_chunk_merges: 3.
num_chunk_splits: 2220.
num_chunks_enlarged: 1531.
num_purges: 0.
num_inconsistent_stats: 0.

CodeHeap 'non-profiled nmethods': size=120000Kb used=4137Kb max_used=4142Kb free=115862Kb
 bounds [0x000002029c210000, 0x000002029c620000, 0x00000202a3740000]
CodeHeap 'profiled nmethods': size=120000Kb used=13368Kb max_used=13368Kb free=106631Kb
 bounds [0x0000020294740000, 0x0000020295450000, 0x000002029bc70000]
CodeHeap 'non-nmethods': size=5760Kb used=2352Kb max_used=2433Kb free=3408Kb
 bounds [0x000002029bc70000, 0x000002029bee0000, 0x000002029c210000]
 total_blobs=7790 nmethods=6910 adapters=792
 compilation: enabled
              stopped_count=0, restarted_count=0
 full_count=0

Compilation events (20 events):
Event: 17.982 Thread 0x00000202ab252550 nmethod 7513 0x0000020294946910 code [0x0000020294946aa0, 0x0000020294946b98]
Event: 17.984 Thread 0x00000202ab252550 7514       3       java.lang.invoke.MethodHandleImpl::makePairwiseConvert (22 bytes)
Event: 17.985 Thread 0x00000202ab252550 nmethod 7514 0x00000202953c7610 code [0x00000202953c77c0, 0x00000202953c79e8]
Event: 17.990 Thread 0x00000202ab252550 7515       3       org.gradle.api.internal.provider.DefaultProperty::set (32 bytes)
Event: 17.991 Thread 0x00000202ab252550 nmethod 7515 0x00000202953c7b10 code [0x00000202953c7d60, 0x00000202953c8c08]
Event: 17.991 Thread 0x00000202ab252550 7516       3       java.lang.String::lastIndexOf (10 bytes)
Event: 17.991 Thread 0x00000202ab252550 nmethod 7516 0x00000202953c8f10 code [0x00000202953c90c0, 0x00000202953c9308]
Event: 17.991 Thread 0x00000202ab252550 7517       3       java.lang.String::lastIndexOf (18 bytes)
Event: 17.991 Thread 0x00000202ab252550 nmethod 7517 0x00000202953c9410 code [0x00000202953c95e0, 0x00000202953c98a8]
Event: 17.992 Thread 0x00000202ab252550 7518       3       com.google.common.collect.LinkedHashMultimap$ValueSet$1::next (43 bytes)
Event: 17.993 Thread 0x00000202ab252550 nmethod 7518 0x00000202953c9a10 code [0x00000202953c9c00, 0x00000202953ca258]
Event: 17.994 Thread 0x00000202ab252550 7519       3       org.gradle.api.internal.provider.AbstractMinimalProvider::calculateValue (15 bytes)
Event: 17.994 Thread 0x00000202ab252550 nmethod 7519 0x00000202953ca490 code [0x00000202953ca660, 0x00000202953ca9a8]
Event: 17.994 Thread 0x00000202ab252550 7520       1       org.gradle.internal.ImmutableActionSet$SetWithManyActions::isEmpty (2 bytes)
Event: 17.994 Thread 0x00000202ab252550 nmethod 7520 0x000002029c613210 code [0x000002029c6133a0, 0x000002029c613478]
Event: 17.996 Thread 0x00000202ab252550 7521       3       java.lang.invoke.MethodHandles::privateLookupIn (333 bytes)
Event: 17.999 Thread 0x00000202ab252550 nmethod 7521 0x00000202953caa90 code [0x00000202953cb0e0, 0x00000202953cdd78]
Event: 17.999 Thread 0x00000202ab252550 7522       3       org.gradle.api.internal.provider.ValueSupplier$Present::pushWhenMissing (2 bytes)
Event: 17.999 Thread 0x00000202ab252550 nmethod 7522 0x00000202953cee10 code [0x00000202953cefa0, 0x00000202953cf0b8]
Event: 18.001 Thread 0x00000202ab252550 7523       3       java.lang.invoke.MethodHandles$Lookup::checkUnprivilegedlookupClass (38 bytes)

GC Heap History (20 events):
Event: 14.412 GC heap before
{Heap before GC invocations=19 (full 0):
 garbage-first heap   total 86016K, used 62026K [0x0000000080000000, 0x0000000100000000)
  region size 1024K, 20 young (20480K), 3 survivors (3072K)
 Metaspace       used 54037K, committed 54528K, reserved 1097728K
  class space    used 7071K, committed 7296K, reserved 1048576K
}
Event: 14.416 GC heap after
{Heap after GC invocations=20 (full 0):
 garbage-first heap   total 86016K, used 46731K [0x0000000080000000, 0x0000000100000000)
  region size 1024K, 1 young (1024K), 1 survivors (1024K)
 Metaspace       used 54037K, committed 54528K, reserved 1097728K
  class space    used 7071K, committed 7296K, reserved 1048576K
}
Event: 14.815 GC heap before
{Heap before GC invocations=21 (full 0):
 garbage-first heap   total 86016K, used 64139K [0x0000000080000000, 0x0000000100000000)
  region size 1024K, 19 young (19456K), 1 survivors (1024K)
 Metaspace       used 57649K, committed 58112K, reserved 1105920K
  class space    used 7501K, committed 7680K, reserved 1048576K
}
Event: 14.818 GC heap after
{Heap after GC invocations=22 (full 0):
 garbage-first heap   total 86016K, used 47375K [0x0000000080000000, 0x0000000100000000)
  region size 1024K, 2 young (2048K), 2 survivors (2048K)
 Metaspace       used 57649K, committed 58112K, reserved 1105920K
  class space    used 7501K, committed 7680K, reserved 1048576K
}
Event: 15.246 GC heap before
{Heap before GC invocations=22 (full 0):
 garbage-first heap   total 86016K, used 65807K [0x0000000080000000, 0x0000000100000000)
  region size 1024K, 20 young (20480K), 2 survivors (2048K)
 Metaspace       used 61010K, committed 61440K, reserved 1105920K
  class space    used 7947K, committed 8128K, reserved 1048576K
}
Event: 15.251 GC heap after
{Heap after GC invocations=23 (full 0):
 garbage-first heap   total 86016K, used 48676K [0x0000000080000000, 0x0000000100000000)
  region size 1024K, 3 young (3072K), 3 survivors (3072K)
 Metaspace       used 61010K, committed 61440K, reserved 1105920K
  class space    used 7947K, committed 8128K, reserved 1048576K
}
Event: 15.657 GC heap before
{Heap before GC invocations=24 (full 0):
 garbage-first heap   total 86016K, used 67108K [0x0000000080000000, 0x0000000100000000)
  region size 1024K, 22 young (22528K), 3 survivors (3072K)
 Metaspace       used 63624K, committed 64128K, reserved 1105920K
  class space    used 8258K, committed 8512K, reserved 1048576K
}
Event: 15.663 GC heap after
{Heap after GC invocations=25 (full 0):
 garbage-first heap   total 86016K, used 51012K [0x0000000080000000, 0x0000000100000000)
  region size 1024K, 3 young (3072K), 3 survivors (3072K)
 Metaspace       used 63624K, committed 64128K, reserved 1105920K
  class space    used 8258K, committed 8512K, reserved 1048576K
}
Event: 15.967 GC heap before
{Heap before GC invocations=25 (full 0):
 garbage-first heap   total 86016K, used 67396K [0x0000000080000000, 0x0000000100000000)
  region size 1024K, 20 young (20480K), 3 survivors (3072K)
 Metaspace       used 65243K, committed 65728K, reserved 1105920K
  class space    used 8460K, committed 8704K, reserved 1048576K
}
Event: 15.971 GC heap after
{Heap after GC invocations=26 (full 0):
 garbage-first heap   total 86016K, used 52766K [0x0000000080000000, 0x0000000100000000)
  region size 1024K, 2 young (2048K), 2 survivors (2048K)
 Metaspace       used 65243K, committed 65728K, reserved 1105920K
  class space    used 8460K, committed 8704K, reserved 1048576K
}
Event: 16.085 GC heap before
{Heap before GC invocations=27 (full 0):
 garbage-first heap   total 96256K, used 56862K [0x0000000080000000, 0x0000000100000000)
  region size 1024K, 8 young (8192K), 2 survivors (2048K)
 Metaspace       used 65820K, committed 66304K, reserved 1114112K
  class space    used 8511K, committed 8704K, reserved 1048576K
}
Event: 16.088 GC heap after
{Heap after GC invocations=28 (full 0):
 garbage-first heap   total 96256K, used 53155K [0x0000000080000000, 0x0000000100000000)
  region size 1024K, 2 young (2048K), 2 survivors (2048K)
 Metaspace       used 65820K, committed 66304K, reserved 1114112K
  class space    used 8511K, committed 8704K, reserved 1048576K
}
Event: 16.497 GC heap before
{Heap before GC invocations=29 (full 0):
 garbage-first heap   total 96256K, used 78755K [0x0000000080000000, 0x0000000100000000)
  region size 1024K, 26 young (26624K), 2 survivors (2048K)
 Metaspace       used 66626K, committed 67072K, reserved 1114112K
  class space    used 8642K, committed 8832K, reserved 1048576K
}
Event: 16.503 GC heap after
{Heap after GC invocations=30 (full 0):
 garbage-first heap   total 96256K, used 55092K [0x0000000080000000, 0x0000000100000000)
  region size 1024K, 4 young (4096K), 4 survivors (4096K)
 Metaspace       used 66626K, committed 67072K, reserved 1114112K
  class space    used 8642K, committed 8832K, reserved 1048576K
}
Event: 16.845 GC heap before
{Heap before GC invocations=30 (full 0):
 garbage-first heap   total 96256K, used 77620K [0x0000000080000000, 0x0000000100000000)
  region size 1024K, 27 young (27648K), 4 survivors (4096K)
 Metaspace       used 68400K, committed 68928K, reserved 1114112K
  class space    used 8888K, committed 9152K, reserved 1048576K
}
Event: 16.851 GC heap after
{Heap after GC invocations=31 (full 0):
 garbage-first heap   total 96256K, used 56918K [0x0000000080000000, 0x0000000100000000)
  region size 1024K, 2 young (2048K), 2 survivors (2048K)
 Metaspace       used 68400K, committed 68928K, reserved 1114112K
  class space    used 8888K, committed 9152K, reserved 1048576K
}
Event: 17.363 GC heap before
{Heap before GC invocations=32 (full 0):
 garbage-first heap   total 102400K, used 78422K [0x0000000080000000, 0x0000000100000000)
  region size 1024K, 23 young (23552K), 2 survivors (2048K)
 Metaspace       used 71306K, committed 71808K, reserved 1114112K
  class space    used 9450K, committed 9664K, reserved 1048576K
}
Event: 17.367 GC heap after
{Heap after GC invocations=33 (full 0):
 garbage-first heap   total 102400K, used 58541K [0x0000000080000000, 0x0000000100000000)
  region size 1024K, 2 young (2048K), 2 survivors (2048K)
 Metaspace       used 71306K, committed 71808K, reserved 1114112K
  class space    used 9450K, committed 9664K, reserved 1048576K
}
Event: 17.817 GC heap before
{Heap before GC invocations=33 (full 0):
 garbage-first heap   total 102400K, used 83117K [0x0000000080000000, 0x0000000100000000)
  region size 1024K, 27 young (27648K), 2 survivors (2048K)
 Metaspace       used 73782K, committed 74304K, reserved 1114112K
  class space    used 9815K, committed 10048K, reserved 1048576K
}
Event: 17.822 GC heap after
{Heap after GC invocations=34 (full 0):
 garbage-first heap   total 122880K, used 60276K [0x0000000080000000, 0x0000000100000000)
  region size 1024K, 4 young (4096K), 4 survivors (4096K)
 Metaspace       used 73782K, committed 74304K, reserved 1114112K
  class space    used 9815K, committed 10048K, reserved 1048576K
}

Dll operation events (2 events):
Event: 0.016 Loaded shared library C:\Program Files\Android\Android Studio\jbr\bin\java.dll
Event: 0.510 Loaded shared library C:\Program Files\Android\Android Studio\jbr\bin\verify.dll

Deoptimization events (20 events):
Event: 17.766 Thread 0x00000202ad0892d0 Uncommon trap: trap_request=0xffffff45 fr.pc=0x000002029c27fcec relative=0x0000000000000a8c
Event: 17.766 Thread 0x00000202ad0892d0 Uncommon trap: reason=unstable_if action=reinterpret pc=0x000002029c27fcec method=java.util.HashMap.resize()[Ljava/util/HashMap$Node; @ 203 c2
Event: 17.767 Thread 0x00000202ad0892d0 DEOPT PACKING pc=0x000002029c27fcec sp=0x00000043984f8f90
Event: 17.767 Thread 0x00000202ad0892d0 DEOPT UNPACKING pc=0x000002029bcc69a3 sp=0x00000043984f8f30 mode 2
Event: 17.767 Thread 0x00000202ad0892d0 Uncommon trap: trap_request=0xffffff45 fr.pc=0x000002029c26d4ec relative=0x000000000000272c
Event: 17.767 Thread 0x00000202ad0892d0 Uncommon trap: reason=unstable_if action=reinterpret pc=0x000002029c26d4ec method=java.util.HashMap.getNode(Ljava/lang/Object;)Ljava/util/HashMap$Node; @ 85 c2
Event: 17.767 Thread 0x00000202ad0892d0 DEOPT PACKING pc=0x000002029c26d4ec sp=0x00000043984f9030
Event: 17.767 Thread 0x00000202ad0892d0 DEOPT UNPACKING pc=0x000002029bcc69a3 sp=0x00000043984f8f18 mode 2
Event: 17.767 Thread 0x00000202ad0892d0 Uncommon trap: trap_request=0xffffff45 fr.pc=0x000002029c285fa0 relative=0x0000000000000300
Event: 17.767 Thread 0x00000202ad0892d0 Uncommon trap: reason=unstable_if action=reinterpret pc=0x000002029c285fa0 method=java.util.HashMap.getNode(Ljava/lang/Object;)Ljava/util/HashMap$Node; @ 85 c2
Event: 17.767 Thread 0x00000202ad0892d0 DEOPT PACKING pc=0x000002029c285fa0 sp=0x00000043984f8fe0
Event: 17.767 Thread 0x00000202ad0892d0 DEOPT UNPACKING pc=0x000002029bcc69a3 sp=0x00000043984f8f00 mode 2
Event: 17.767 Thread 0x00000202ad0892d0 Uncommon trap: trap_request=0xffffff45 fr.pc=0x000002029c396cd8 relative=0x0000000000000238
Event: 17.767 Thread 0x00000202ad0892d0 Uncommon trap: reason=unstable_if action=reinterpret pc=0x000002029c396cd8 method=java.util.HashMap.getNode(Ljava/lang/Object;)Ljava/util/HashMap$Node; @ 85 c2
Event: 17.767 Thread 0x00000202ad0892d0 DEOPT PACKING pc=0x000002029c396cd8 sp=0x00000043984f8f80
Event: 17.767 Thread 0x00000202ad0892d0 DEOPT UNPACKING pc=0x000002029bcc69a3 sp=0x00000043984f8f00 mode 2
Event: 17.792 Thread 0x00000202ad0892d0 Uncommon trap: trap_request=0xffffff45 fr.pc=0x000002029c238664 relative=0x0000000000000064
Event: 17.792 Thread 0x00000202ad0892d0 Uncommon trap: reason=unstable_if action=reinterpret pc=0x000002029c238664 method=java.io.WinNTFileSystem.isSlash(C)Z @ 9 c2
Event: 17.792 Thread 0x00000202ad0892d0 DEOPT PACKING pc=0x000002029c238664 sp=0x00000043984f9140
Event: 17.792 Thread 0x00000202ad0892d0 DEOPT UNPACKING pc=0x000002029bcc69a3 sp=0x00000043984f90c8 mode 2

Classes unloaded (0 events):
No events

Classes redefined (0 events):
No events

Internal exceptions (20 events):
Event: 16.562 Thread 0x00000202ad0892d0 Exception <a 'java/lang/ClassNotFoundException'{0x000000008ca6c7a0}: build_9ef2irkolnlyds7wprpvknsaq$_run_closure1Customizer> (0x000000008ca6c7a0) 
thrown [s\src\hotspot\share\classfile\systemDictionary.cpp, line 256]
Event: 16.566 Thread 0x00000202ad0892d0 Exception <a 'java/lang/ClassNotFoundException'{0x000000008caa5f80}: org/gradle/api/JavaVersionBeanInfo> (0x000000008caa5f80) 
thrown [s\src\hotspot\share\classfile\systemDictionary.cpp, line 256]
Event: 16.567 Thread 0x00000202ad0892d0 Exception <a 'java/lang/ClassNotFoundException'{0x000000008cab9338}: org/gradle/api/JavaVersionCustomizer> (0x000000008cab9338) 
thrown [s\src\hotspot\share\classfile\systemDictionary.cpp, line 256]
Event: 16.571 Thread 0x00000202ad0892d0 Exception <a 'java/lang/ClassNotFoundException'{0x000000008c906b98}: com/android/build/gradle/internal/CompileOptions$AgpDecorated_DecoratedBeanInfo> (0x000000008c906b98) 
thrown [s\src\hotspot\share\classfile\systemDictionary.cpp, line 256]
Event: 16.572 Thread 0x00000202ad0892d0 Exception <a 'java/lang/ClassNotFoundException'{0x000000008c911920}: com/android/build/gradle/internal/CompileOptions$AgpDecoratedBeanInfo> (0x000000008c911920) 
thrown [s\src\hotspot\share\classfile\systemDictionary.cpp, line 256]
Event: 16.572 Thread 0x00000202ad0892d0 Exception <a 'java/lang/ClassNotFoundException'{0x000000008c91cd78}: com/android/build/gradle/internal/CompileOptionsBeanInfo> (0x000000008c91cd78) 
thrown [s\src\hotspot\share\classfile\systemDictionary.cpp, line 256]
Event: 16.573 Thread 0x00000202ad0892d0 Exception <a 'java/lang/ClassNotFoundException'{0x000000008c927c88}: com/android/build/gradle/internal/CompileOptionsCustomizer> (0x000000008c927c88) 
thrown [s\src\hotspot\share\classfile\systemDictionary.cpp, line 256]
Event: 16.574 Thread 0x00000202ad0892d0 Exception <a 'java/lang/ClassNotFoundException'{0x000000008c93ef98}: com/android/build/gradle/internal/CompileOptions$AgpDecoratedCustomizer> (0x000000008c93ef98) 
thrown [s\src\hotspot\share\classfile\systemDictionary.cpp, line 256]
Event: 16.574 Thread 0x00000202ad0892d0 Exception <a 'java/lang/ClassNotFoundException'{0x000000008c958f98}: com/android/build/gradle/internal/CompileOptions$AgpDecorated_DecoratedCustomizer> (0x000000008c958f98) 
thrown [s\src\hotspot\share\classfile\systemDictionary.cpp, line 256]
Event: 16.583 Thread 0x00000202ad0892d0 Exception <a 'java/lang/ClassNotFoundException'{0x000000008c9cf550}: org/gradle/api/internal/artifacts/dsl/dependencies/DefaultDependencyHandler_DecoratedBeanInfo> (0x000000008c9cf550) 
thrown [s\src\hotspot\share\classfile\systemDictionary.cpp, line 256]
Event: 16.584 Thread 0x00000202ad0892d0 Exception <a 'java/lang/ClassNotFoundException'{0x000000008c9e5030}: org/gradle/api/internal/artifacts/dsl/dependencies/DefaultDependencyHandlerBeanInfo> (0x000000008c9e5030) 
thrown [s\src\hotspot\share\classfile\systemDictionary.cpp, line 256]
Event: 16.585 Thread 0x00000202ad0892d0 Exception <a 'java/lang/ClassNotFoundException'{0x000000008c9fa820}: org/gradle/api/internal/artifacts/dsl/dependencies/DefaultDependencyHandlerCustomizer> (0x000000008c9fa820) 
thrown [s\src\hotspot\share\classfile\systemDictionary.cpp, line 256]
Event: 16.588 Thread 0x00000202ad0892d0 Exception <a 'java/lang/ClassNotFoundException'{0x000000008c836388}: org/gradle/api/internal/artifacts/dsl/dependencies/DefaultDependencyHandler_DecoratedCustomizer> (0x000000008c836388) 
thrown [s\src\hotspot\share\classfile\systemDictionary.cpp, line 256]
Event: 17.554 Thread 0x00000202ad0892d0 Exception <a 'java/lang/ClassNotFoundException'{0x000000008c8d6070}: com/android/build/gradle/internal/api/ApkVariantOutputImpl_DecoratedBeanInfo> (0x000000008c8d6070) 
thrown [s\src\hotspot\share\classfile\systemDictionary.cpp, line 256]
Event: 17.555 Thread 0x00000202ad0892d0 Exception <a 'java/lang/ClassNotFoundException'{0x000000008c8e1670}: com/android/build/gradle/internal/api/ApkVariantOutputImplBeanInfo> (0x000000008c8e1670) 
thrown [s\src\hotspot\share\classfile\systemDictionary.cpp, line 256]
Event: 17.555 Thread 0x00000202ad0892d0 Exception <a 'java/lang/ClassNotFoundException'{0x000000008c8ecc80}: com/android/build/gradle/internal/api/BaseVariantOutputImplBeanInfo> (0x000000008c8ecc80) 
thrown [s\src\hotspot\share\classfile\systemDictionary.cpp, line 256]
Event: 17.556 Thread 0x00000202ad0892d0 Exception <a 'java/lang/ClassNotFoundException'{0x000000008c8f8268}: com/android/build/gradle/internal/api/BaseVariantOutputImplCustomizer> (0x000000008c8f8268) 
thrown [s\src\hotspot\share\classfile\systemDictionary.cpp, line 256]
Event: 17.557 Thread 0x00000202ad0892d0 Exception <a 'java/lang/ClassNotFoundException'{0x0000000085816e98}: com/android/build/gradle/internal/api/ApkVariantOutputImplCustomizer> (0x0000000085816e98) 
thrown [s\src\hotspot\share\classfile\systemDictionary.cpp, line 256]
Event: 17.559 Thread 0x00000202ad0892d0 Exception <a 'java/lang/ClassNotFoundException'{0x00000000858306d0}: com/android/build/gradle/internal/api/ApkVariantOutputImpl_DecoratedCustomizer> (0x00000000858306d0) 
thrown [s\src\hotspot\share\classfile\systemDictionary.cpp, line 256]
Event: 17.570 Thread 0x00000202ad0892d0 Exception <a 'java/lang/NoClassDefFoundError'{0x0000000085728a60}: org/jetbrains/kotlin/gradle/plugin/KotlinBasePluginWrapper> (0x0000000085728a60) 
thrown [s\src\hotspot\share\classfile\systemDictionary.cpp, line 245]

VM Operations (20 events):
Event: 16.845 Executing VM operation: G1CollectForAllocation
Event: 16.851 Executing VM operation: G1CollectForAllocation done
Event: 16.930 Executing VM operation: G1Concurrent
Event: 16.934 Executing VM operation: G1Concurrent done
Event: 16.963 Executing VM operation: G1Concurrent
Event: 16.964 Executing VM operation: G1Concurrent done
Event: 17.320 Executing VM operation: HandshakeAllThreads
Event: 17.320 Executing VM operation: HandshakeAllThreads done
Event: 17.363 Executing VM operation: G1CollectForAllocation
Event: 17.367 Executing VM operation: G1CollectForAllocation done
Event: 17.589 Executing VM operation: HandshakeAllThreads
Event: 17.590 Executing VM operation: HandshakeAllThreads done
Event: 17.750 Executing VM operation: ICBufferFull
Event: 17.750 Executing VM operation: ICBufferFull done
Event: 17.817 Executing VM operation: G1CollectForAllocation
Event: 17.822 Executing VM operation: G1CollectForAllocation done
Event: 17.913 Executing VM operation: G1Concurrent
Event: 17.919 Executing VM operation: G1Concurrent done
Event: 17.954 Executing VM operation: G1Concurrent
Event: 17.956 Executing VM operation: G1Concurrent done

Events (20 events):
Event: 15.432 loading class java/util/jar/JarVerifier$VerifierStream
Event: 15.433 loading class java/util/jar/JarVerifier$VerifierStream done
Event: 15.433 loading class sun/security/util/ManifestEntryVerifier$SunProviderHolder
Event: 15.433 loading class sun/security/util/ManifestEntryVerifier$SunProviderHolder done
Event: 15.536 loading class sun/nio/fs/WindowsException
Event: 15.537 loading class sun/nio/fs/WindowsException done
Event: 15.894 loading class java/security/KeyStore
Event: 15.895 loading class java/security/KeyStore done
Event: 15.895 loading class java/security/KeyStore$1
Event: 15.895 loading class java/security/KeyStore$1 done
Event: 16.011 loading class sun/reflect/annotation/AnnotationInvocationHandler$1
Event: 16.011 loading class sun/reflect/annotation/AnnotationInvocationHandler$1 done
Event: 16.101 loading class jdk/internal/vm/annotation/ForceInline
Event: 16.101 loading class jdk/internal/vm/annotation/ForceInline done
Event: 16.208 loading class java/util/regex/Pattern$Caret
Event: 16.208 loading class java/util/regex/Pattern$Caret done
Event: 16.477 loading class java/beans/IntrospectionException
Event: 16.477 loading class java/beans/IntrospectionException done
Event: 17.663 loading class java/util/zip/ZipOutputStream
Event: 17.663 loading class java/util/zip/ZipOutputStream done


Dynamic libraries:
0x00007ff6b36b0000 - 0x00007ff6b36ba000 	C:\Program Files\Android\Android Studio\jbr\bin\java.exe
0x00007ff9adf90000 - 0x00007ff9ae188000 	C:\Windows\SYSTEM32\ntdll.dll
0x00007ff9ad6e0000 - 0x00007ff9ad79f000 	C:\Windows\System32\KERNEL32.DLL
0x00007ff9ab670000 - 0x00007ff9ab966000 	C:\Windows\System32\KERNELBASE.dll
0x00007ff9abb00000 - 0x00007ff9abc00000 	C:\Windows\System32\ucrtbase.dll
0x00007ff99a360000 - 0x00007ff99a377000 	C:\Program Files\Android\Android Studio\jbr\bin\jli.dll
0x00007ff9adc80000 - 0x00007ff9ade1d000 	C:\Windows\System32\USER32.dll
0x00007ff9abad0000 - 0x00007ff9abaf2000 	C:\Windows\System32\win32u.dll
0x00007ff9ac0b0000 - 0x00007ff9ac0dc000 	C:\Windows\System32\GDI32.dll
0x00007ff9abd80000 - 0x00007ff9abe95000 	C:\Windows\System32\gdi32full.dll
0x00007ff993060000 - 0x00007ff9932fa000 	C:\Windows\WinSxS\amd64_microsoft.windows.common-controls_6595b64144ccf1df_6.0.19041.1110_none_60b5254171f9507e\COMCTL32.dll
0x00007ff9abea0000 - 0x00007ff9abf3d000 	C:\Windows\System32\msvcp_win.dll
0x00007ff9ad7a0000 - 0x00007ff9ad83e000 	C:\Windows\System32\msvcrt.dll
0x00007ff99a3a0000 - 0x00007ff99a3bb000 	C:\Program Files\Android\Android Studio\jbr\bin\VCRUNTIME140.dll
0x00007ff9acdd0000 - 0x00007ff9ace00000 	C:\Windows\System32\IMM32.DLL
0x00007ff99cee0000 - 0x00007ff99d04b000 	C:\Windows\system32\tmumh\20019\AddOn\8.55.0.1129\TmUmEvt64.dll
0x00007ff9abff0000 - 0x00007ff9abff8000 	C:\Windows\System32\PSAPI.DLL
0x00007ff9adbd0000 - 0x00007ff9adc7f000 	C:\Windows\System32\ADVAPI32.dll
0x00007ff9ad640000 - 0x00007ff9ad6dc000 	C:\Windows\System32\sechost.dll
0x00007ff9ac340000 - 0x00007ff9ac466000 	C:\Windows\System32\RPCRT4.dll
0x0000000061240000 - 0x00000000613b3000 	C:\Windows\system32\tmumh\20019\TmMon\2.9.0.1048\tmmon64.dll
0x00007ff986fe0000 - 0x00007ff987311000 	C:\Windows\System32\TmLWE\TmUmSnsr64\1.0.0.1119\TmUmSnsr64.dll
0x00007ff9a91b0000 - 0x00007ff9a91c2000 	C:\Windows\SYSTEM32\kernel.appcore.dll
0x00007ff99a390000 - 0x00007ff99a39c000 	C:\Program Files\Android\Android Studio\jbr\bin\vcruntime140_1.dll
0x00007ff975240000 - 0x00007ff9752cd000 	C:\Program Files\Android\Android Studio\jbr\bin\msvcp140.dll
0x00007ff971cf0000 - 0x00007ff97295e000 	C:\Program Files\Android\Android Studio\jbr\bin\server\jvm.dll
0x00007ff990380000 - 0x00007ff990389000 	C:\Windows\SYSTEM32\WSOCK32.dll
0x00007ff9ac0e0000 - 0x00007ff9ac14b000 	C:\Windows\System32\WS2_32.dll
0x00007ff98e7b0000 - 0x00007ff98e7d7000 	C:\Windows\SYSTEM32\WINMM.dll
0x00007ff9a3500000 - 0x00007ff9a350a000 	C:\Windows\SYSTEM32\VERSION.dll
0x00007ff9a3f30000 - 0x00007ff9a3f3a000 	C:\Program Files\Android\Android Studio\jbr\bin\jimage.dll
0x00007ff9a6fb0000 - 0x00007ff9a7194000 	C:\Windows\SYSTEM32\DBGHELP.DLL
0x00007ff98ef20000 - 0x00007ff98ef54000 	C:\Windows\SYSTEM32\dbgcore.DLL
0x00007ff9abc50000 - 0x00007ff9abcd2000 	C:\Windows\System32\bcryptPrimitives.dll
0x00007ff99ba40000 - 0x00007ff99ba65000 	C:\Program Files\Android\Android Studio\jbr\bin\java.dll
0x00007ff99b830000 - 0x00007ff99b848000 	C:\Program Files\Android\Android Studio\jbr\bin\zip.dll
0x00007ff9ac470000 - 0x00007ff9acbb4000 	C:\Windows\System32\SHELL32.dll
0x00007ff9a93d0000 - 0x00007ff9a9b63000 	C:\Windows\SYSTEM32\windows.storage.dll
0x00007ff9ace70000 - 0x00007ff9ad1c4000 	C:\Windows\System32\combase.dll
0x00007ff9aafe0000 - 0x00007ff9ab00e000 	C:\Windows\SYSTEM32\Wldp.dll
0x00007ff9ac000000 - 0x00007ff9ac0ad000 	C:\Windows\System32\SHCORE.dll
0x00007ff9ad960000 - 0x00007ff9ad9b5000 	C:\Windows\System32\shlwapi.dll
0x00007ff9ab5b0000 - 0x00007ff9ab5cf000 	C:\Windows\SYSTEM32\profapi.dll
0x00007ff99b7f0000 - 0x00007ff99b809000 	C:\Program Files\Android\Android Studio\jbr\bin\net.dll
0x00007ff9aa610000 - 0x00007ff9aa71a000 	C:\Windows\SYSTEM32\WINHTTP.dll
0x00007ff9aadc0000 - 0x00007ff9aae2a000 	C:\Windows\system32\mswsock.dll
0x00007ff99b690000 - 0x00007ff99b6a6000 	C:\Program Files\Android\Android Studio\jbr\bin\nio.dll
0x00007ff99bff0000 - 0x00007ff99c000000 	C:\Program Files\Android\Android Studio\jbr\bin\verify.dll
0x00007ff9a4000000 - 0x00007ff9a4027000 	C:\Users\marco.payan\.gradle\native\e1d6ef7f7dcc3fd88c89a11ec53ec762bb8ba0a96d01ffa2cd45eb1d1d8dd5c5\windows-amd64\native-platform.dll
0x00007ff972d10000 - 0x00007ff972e54000 	C:\Users\marco.payan\.gradle\native\5664cfc778a61ccfe75a443a1ab52a65af34e5dc3c78e0209fed803814484fcb\windows-amd64\native-platform-file-events.dll
0x00007ff99bee0000 - 0x00007ff99bee9000 	C:\Program Files\Android\Android Studio\jbr\bin\management.dll
0x00007ff99bcf0000 - 0x00007ff99bcfb000 	C:\Program Files\Android\Android Studio\jbr\bin\management_ext.dll
0x00007ff9ab020000 - 0x00007ff9ab038000 	C:\Windows\SYSTEM32\CRYPTSP.dll
0x00007ff9aa580000 - 0x00007ff9aa5b4000 	C:\Windows\system32\rsaenh.dll
0x00007ff9abd50000 - 0x00007ff9abd77000 	C:\Windows\System32\bcrypt.dll
0x00007ff9ab570000 - 0x00007ff9ab59e000 	C:\Windows\SYSTEM32\USERENV.dll
0x00007ff9aaf50000 - 0x00007ff9aaf5c000 	C:\Windows\SYSTEM32\CRYPTBASE.dll
0x00007ff9aaa80000 - 0x00007ff9aaabc000 	C:\Windows\SYSTEM32\IPHLPAPI.DLL
0x00007ff9ace60000 - 0x00007ff9ace68000 	C:\Windows\System32\NSI.dll
0x00007ff9a3850000 - 0x00007ff9a3867000 	C:\Windows\SYSTEM32\dhcpcsvc6.DLL
0x00007ff9a3830000 - 0x00007ff9a384d000 	C:\Windows\SYSTEM32\dhcpcsvc.DLL
0x00007ff9aaac0000 - 0x00007ff9aab8a000 	C:\Windows\SYSTEM32\DNSAPI.dll
0x00007ff9a40b0000 - 0x00007ff9a40b7000 	C:\Windows\system32\wshunix.dll

dbghelp: loaded successfully - version: 4.0.5 - missing functions: none
symbol engine: initialized successfully - sym options: 0x614 - pdb path: .;C:\Program Files\Android\Android Studio\jbr\bin;C:\Windows\SYSTEM32;C:\Windows\WinSxS\amd64_microsoft.windows.common-controls_6595b64144ccf1df_6.0.19041.1110_none_60b5254171f9507e;C:\Windows\system32\tmumh\20019\AddOn\8.55.0.1129;C:\Windows\system32\tmumh\20019\TmMon\2.9.0.1048;C:\Windows\System32\TmLWE\TmUmSnsr64\1.0.0.1119;C:\Program Files\Android\Android Studio\jbr\bin\server;C:\Users\marco.payan\.gradle\native\e1d6ef7f7dcc3fd88c89a11ec53ec762bb8ba0a96d01ffa2cd45eb1d1d8dd5c5\windows-amd64;C:\Users\marco.payan\.gradle\native\5664cfc778a61ccfe75a443a1ab52a65af34e5dc3c78e0209fed803814484fcb\windows-amd64

VM Arguments:
jvm_args: --add-opens=java.base/java.util=ALL-UNNAMED --add-opens=java.base/java.lang=ALL-UNNAMED --add-opens=java.base/java.lang.invoke=ALL-UNNAMED --add-opens=java.base/java.util=ALL-UNNAMED --add-opens=java.prefs/java.util.prefs=ALL-UNNAMED --add-opens=java.prefs/java.util.prefs=ALL-UNNAMED --add-opens=java.base/java.nio.charset=ALL-UNNAMED --add-opens=java.base/java.net=ALL-UNNAMED --add-opens=java.base/java.util.concurrent.atomic=ALL-UNNAMED -Xmx2048m -Dfile.encoding=UTF-8 -Duser.country=MX -Duser.language=es -Duser.variant 
java_command: org.gradle.launcher.daemon.bootstrap.GradleDaemon 7.2
java_class_path (initial): C:\Users\marco.payan\.gradle\wrapper\dists\gradle-7.2-bin\2dnblmf4td7x66yl1d74lt32g\gradle-7.2\lib\gradle-launcher-7.2.jar
Launcher Type: SUN_STANDARD

[Global flags]
     intx CICompilerCount                          = 4                                         {product} {ergonomic}
     uint ConcGCThreads                            = 2                                         {product} {ergonomic}
     uint G1ConcRefinementThreads                  = 8                                         {product} {ergonomic}
   size_t G1HeapRegionSize                         = 1048576                                   {product} {ergonomic}
    uintx GCDrainStackTargetSize                   = 64                                        {product} {ergonomic}
   size_t InitialHeapSize                          = 264241152                                 {product} {ergonomic}
   size_t MarkStackSize                            = 4194304                                   {product} {ergonomic}
   size_t MaxHeapSize                              = 2147483648                                {product} {command line}
   size_t MaxNewSize                               = 1287651328                                {product} {ergonomic}
   size_t MinHeapDeltaBytes                        = 1048576                                   {product} {ergonomic}
   size_t MinHeapSize                              = 8388608                                   {product} {ergonomic}
    uintx NonNMethodCodeHeapSize                   = 5839372                                {pd product} {ergonomic}
    uintx NonProfiledCodeHeapSize                  = 122909434                              {pd product} {ergonomic}
    uintx ProfiledCodeHeapSize                     = 122909434                              {pd product} {ergonomic}
    uintx ReservedCodeCacheSize                    = 251658240                              {pd product} {ergonomic}
     bool SegmentedCodeCache                       = true                                      {product} {ergonomic}
   size_t SoftMaxHeapSize                          = 2147483648                             {manageable} {ergonomic}
     bool UseCompressedClassPointers               = true                           {product lp64_product} {ergonomic}
     bool UseCompressedOops                        = true                           {product lp64_product} {ergonomic}
     bool UseG1GC                                  = true                                      {product} {ergonomic}
     bool UseLargePagesIndividualAllocation        = false                                  {pd product} {ergonomic}

Logging:
Log output configuration:
 #0: stdout all=warning uptime,level,tags
 #1: stderr all=off uptime,level,tags

Environment Variables:
JAVA_HOME=C:\Program Files\Java\jdk-17.0.1
PATH=C:\Python310\Scripts\;C:\Python310\;C:\Python27\;C:\Python27\Scripts;C:\Program Files\Common Files\Oracle\Java\javapath;C:\Program Files (x86)\Common Files\Oracle\Java\javapath;C:\Users\marco.payan\AppData\Local\Programs\Python\Python39\Scripts\;C:\Users\marco.payan\AppData\Local\Programs\Python\Python39\;C:\Program Files\Microsoft MPI\Bin\;C:\sys\progs\DepDll;C:\sys\drivers;C:\Program Files (x86)\Google\Chrome\Application;C:\Windows\system32;C:\Windows;C:\Windows\System32\Wbem;C:\Windows\System32\WindowsPowerShell\v1.0\;C:\Windows\System32\OpenSSH\;C:\Program Files\Intel\WiFi\bin\;C:\Program Files\Common Files\Intel\WirelessCommon\;C:\Users\usuario\AppData\Local\Microsoft\WindowsApps;C:\Program Files (x86)\Git\cmd;C:\Program Files\TortoiseSVN\bin;C:\Program Files (x86)\Microsoft SQL Server\150\DTS\Binn\;C:\ProgramData\chocolatey\bin;C:\java\jdk-13.0.2\bin;C:\Program Files\dotnet\;C:\Program Files\Microsoft SQL Server\130\Tools\Binn\;C:\Users\marco.payan\AppData\Local\Microsoft\WindowsApps;C:\Users\marco.payan\.dotnet\tools;C:\Program Files (x86)\Microsoft SQL Server\150\Tools\Binn\;C:\Program Files\Microsoft SQL Server\150\Tools\Binn\;C:\Program Files\Microsoft SQL Server\150\DTS\Binn\;C:\Program Files\Microsoft SQL Server\Client SDK\ODBC\170\Tools\Binn\;C:\xampp\php;C:\composer;C:\Program Files (x86)\PuTTY\;C:\Program Files\Microsoft\Web Platform Installer\;C:\Program Files (x86)\Microsoft ASP.NET\ASP.NET Web Pages\v1.0\;C:\Program Files\Microsoft SQL Server\110\Tools\Binn\;C:\Program Files\SourceGear\Common\DiffMerge\;c:\Program Files (x86)\Microsoft SQL Server\90\Tools\binn\;C:\ProgramData\ComposerSetup\bin;C:\maven\bin;C:\Program Files\Java\jdk-17.0.1\bin;C:\Program Files\Amazon\AWSCLIV2\;C:\Program Files\TortoiseGit\bin;C:\Users\marco.payan\AppData\Roaming\nvm;C:\Program Files\nodejs;C:\Program Files (x86)\InvGate\Insight Agent;C:\Users\marco.payan\AppData\Local\Microsoft\WindowsApps;C:\Users\marco.payan\.dotnet\tools;C:\Users\marco.payan\AppData\Local\GitHu
USERNAME=marco.payan
OS=Windows_NT
PROCESSOR_IDENTIFIER=Intel64 Family 6 Model 142 Stepping 12, GenuineIntel
TMP=C:\Users\MARCO~1.PAY\AppData\Local\Temp
TEMP=C:\Users\MARCO~1.PAY\AppData\Local\Temp


JNI global refs:
JNI global refs: 26, weak refs: 5

JNI global refs memory usage: 843, weak refs: 841


---------------  S Y S T E M  ---------------

OS:
 Windows 10 , 64 bit Build 19041 (10.0.19041.3031)
OS uptime: 0 days 4:31 hours
Hyper-V role detected

CPU: total 8 (initial active 8) (4 cores per cpu, 2 threads per core) family 6 model 142 stepping 12 microcode 0xf0, cx8, cmov, fxsr, ht, mmx, 3dnowpref, sse, sse2, sse3, ssse3, sse4.1, sse4.2, popcnt, lzcnt, tsc, tscinvbit, avx, avx2, aes, erms, clmul, bmi1, bmi2, adx, fma, vzeroupper, clflush, clflushopt, hv

Memory: 4k page, system-wide physical 16103M (1566M free)
TotalPageFile size 16103M (AvailPageFile size 5M)
current process WorkingSet (physical memory assigned to process): 354M, peak: 354M
current process commit charge ("private bytes"): 392M, peak: 398M

vm_info: OpenJDK 64-Bit Server VM (17.0.6+0-b2043.56-10027231) for windows-amd64 JRE (17.0.6+0-b2043.56-10027231), built on Apr 28 2023 00:43:19 by "androidbuild" with MS VC++ 16.10 / 16.11 (VS2019)

END.
